#
# There is insufficient memory for the Java Runtime Environment to continue.
# Native memory allocation (mmap) failed to map 1048576 bytes. Error detail: G1 virtual space
# Possible reasons:
#   The system is out of physical RAM or swap space
#   This process is running with CompressedOops enabled, and the Java Heap may be blocking the growth of the native heap
# Possible solutions:
#   Reduce memory load on the system
#   Increase physical memory or swap space
#   Check if swap backing store is full
#   Decrease Java heap size (-Xmx/-Xms)
#   Decrease number of Java threads
#   Decrease Java thread stack sizes (-Xss)
#   Set larger code cache with -XX:ReservedCodeCacheSize=
#   JVM is running with Unscaled Compressed Oops mode in which the Java heap is
#     placed in the first 4GB address space. The Java Heap base address is the
#     maximum limit for the native heap growth. Please use -XX:HeapBaseMinAddress
#     to set the Java Heap base and to place the Java Heap above 4GB virtual address.
# This output file may be truncated or incomplete.
#
#  Out of Memory Error (os_windows.cpp:3898), pid=15124, tid=1448
#
# JRE version: OpenJDK Runtime Environment (21.0.6) (build 21.0.6+-13355223-b631.42)
# Java VM: OpenJDK 64-Bit Server VM (21.0.6+-13355223-b631.42, mixed mode, tiered, compressed oops, compressed class ptrs, g1 gc, windows-amd64)
# No core dump will be written. Minidumps are not enabled by default on client versions of Windows
#

---------------  S U M M A R Y ------------

Command Line: --add-opens=java.base/java.lang=ALL-UNNAMED --add-opens=java.base/java.lang.invoke=ALL-UNNAMED --add-opens=java.base/java.util=ALL-UNNAMED --add-opens=java.prefs/java.util.prefs=ALL-UNNAMED --add-exports=jdk.compiler/com.sun.tools.javac.api=ALL-UNNAMED --add-exports=jdk.compiler/com.sun.tools.javac.util=ALL-UNNAMED --add-opens=java.base/java.util=ALL-UNNAMED --add-opens=java.prefs/java.util.prefs=ALL-UNNAMED --add-opens=java.base/java.nio.charset=ALL-UNNAMED --add-opens=java.base/java.net=ALL-UNNAMED --add-opens=java.base/java.util.concurrent.atomic=ALL-UNNAMED --add-opens=java.xml/javax.xml.namespace=ALL-UNNAMED -Xmx2048m -Dfile.encoding=UTF-8 -Duser.country=US -Duser.language=en -Duser.variant -javaagent:C:\Users\nimes\.gradle\wrapper\dists\gradle-8.11.1-bin\bpt9gzteqjrbo1mjrsomdt32c\gradle-8.11.1\lib\agents\gradle-instrumentation-agent-8.11.1.jar org.gradle.launcher.daemon.bootstrap.GradleDaemon 8.11.1

Host: Intel(R) Core(TM) i5-9300H CPU @ 2.40GHz, 8 cores, 7G,  Windows 10 , 64 bit Build 19041 (10.0.19041.5915)
Time: Sun Jun 22 18:07:34 2025 Sri Lanka Standard Time elapsed time: 10.800897 seconds (0d 0h 0m 10s)

---------------  T H R E A D  ---------------

Current thread (0x000001a2750165d0):  WorkerThread "GC Thread#3"    [id=1448, stack(0x00000098c7d00000,0x00000098c7e00000) (1024K)]

Stack: [0x00000098c7d00000,0x00000098c7e00000]
Native frames: (J=compiled Java code, j=interpreted, Vv=VM code, C=native code)
V  [jvm.dll+0x6d05a9]
V  [jvm.dll+0x85ea73]
V  [jvm.dll+0x860fce]
V  [jvm.dll+0x8616b3]
V  [jvm.dll+0x27e6e6]
V  [jvm.dll+0x6ccf45]
V  [jvm.dll+0x6c09fa]
V  [jvm.dll+0x35535b]
V  [jvm.dll+0x35cfb6]
V  [jvm.dll+0x3aec4b]
V  [jvm.dll+0x3af304]
V  [jvm.dll+0x3af3cd]
V  [jvm.dll+0x3291ec]
V  [jvm.dll+0x328f48]
V  [jvm.dll+0x317b26]
V  [jvm.dll+0x3189ba]
V  [jvm.dll+0x318e67]
V  [jvm.dll+0x31881e]
V  [jvm.dll+0x3571ea]
V  [jvm.dll+0x357566]
V  [jvm.dll+0x3586aa]
V  [jvm.dll+0x358324]
V  [jvm.dll+0x36c8a9]
V  [jvm.dll+0x36cf6a]
V  [jvm.dll+0x36d067]
V  [jvm.dll+0x36df4b]
V  [jvm.dll+0x88c754]
V  [jvm.dll+0x806e48]
V  [jvm.dll+0x6cee7d]
C  [ucrtbase.dll+0x21bb2]
C  [KERNEL32.DLL+0x17374]
C  [ntdll.dll+0x4cc91]


---------------  P R O C E S S  ---------------

Threads class SMR info:
_java_thread_list=0x000001a279286830, length=80, elements={
0x000001a257d51000, 0x000001a26f5eb880, 0x000001a26f5ec1a0, 0x000001a26f5f6d10,
0x000001a26f5f7370, 0x000001a26f5ca680, 0x000001a26f5d4200, 0x000001a26f5ffd10,
0x000001a26f6003b0, 0x000001a26f3c85a0, 0x000001a274051060, 0x000001a2759dc050,
0x000001a274f11580, 0x000001a27592a070, 0x000001a2748fe260, 0x000001a2748fe8c0,
0x000001a275b622b0, 0x000001a275b6d420, 0x000001a275b6da80, 0x000001a275b68800,
0x000001a275b69bb0, 0x000001a275b69520, 0x000001a275b67450, 0x000001a275b6a8d0,
0x000001a275b67ae0, 0x000001a275b68e90, 0x000001a275b6a240, 0x000001a276a897e0,
0x000001a276a85640, 0x000001a276a86360, 0x000001a276a82ee0, 0x000001a276a89e70,
0x000001a276a89150, 0x000001a276a88ac0, 0x000001a276a8a500, 0x000001a276a85cd0,
0x000001a276a87080, 0x000001a276a87da0, 0x000001a276a869f0, 0x000001a276a87710,
0x000001a276a84920, 0x000001a276798140, 0x000001a27679a8a0, 0x000001a276797420,
0x000001a276797ab0, 0x000001a27679c970, 0x000001a276798e60, 0x000001a2767994f0,
0x000001a2767987d0, 0x000001a276799b80, 0x000001a27679d000, 0x000001a27679a210,
0x000001a27679af30, 0x000001a276796700, 0x000001a27679b5c0, 0x000001a276796070,
0x000001a27679bc50, 0x000001a27679d690, 0x000001a277659560, 0x000001a277658840,
0x000001a277655a50, 0x000001a277657490, 0x000001a2776546a0, 0x000001a2776553c0,
0x000001a277657b20, 0x000001a27765b630, 0x000001a27765bcc0, 0x000001a2776560e0,
0x000001a27765a910, 0x000001a277656770, 0x000001a27765afa0, 0x000001a277659bf0,
0x000001a277656e00, 0x000001a2776581b0, 0x000001a27765a280, 0x000001a2768e1200,
0x000001a2768e04e0, 0x000001a2768deaa0, 0x000001a2768de410, 0x000001a276ec1980
}

Java Threads: ( => current thread )
  0x000001a257d51000 JavaThread "main"                              [_thread_blocked, id=1132, stack(0x00000098c6800000,0x00000098c6900000) (1024K)]
  0x000001a26f5eb880 JavaThread "Reference Handler"          daemon [_thread_blocked, id=5516, stack(0x00000098c7000000,0x00000098c7100000) (1024K)]
  0x000001a26f5ec1a0 JavaThread "Finalizer"                  daemon [_thread_blocked, id=12240, stack(0x00000098c7100000,0x00000098c7200000) (1024K)]
  0x000001a26f5f6d10 JavaThread "Signal Dispatcher"          daemon [_thread_blocked, id=12556, stack(0x00000098c7200000,0x00000098c7300000) (1024K)]
  0x000001a26f5f7370 JavaThread "Attach Listener"            daemon [_thread_blocked, id=6356, stack(0x00000098c7300000,0x00000098c7400000) (1024K)]
  0x000001a26f5ca680 JavaThread "Service Thread"             daemon [_thread_blocked, id=3244, stack(0x00000098c7400000,0x00000098c7500000) (1024K)]
  0x000001a26f5d4200 JavaThread "Monitor Deflation Thread"   daemon [_thread_blocked, id=7244, stack(0x00000098c7500000,0x00000098c7600000) (1024K)]
  0x000001a26f5ffd10 JavaThread "C2 CompilerThread0"         daemon [_thread_blocked, id=10688, stack(0x00000098c7600000,0x00000098c7700000) (1024K)]
  0x000001a26f6003b0 JavaThread "C1 CompilerThread0"         daemon [_thread_blocked, id=5804, stack(0x00000098c7700000,0x00000098c7800000) (1024K)]
  0x000001a26f3c85a0 JavaThread "Common-Cleaner"             daemon [_thread_blocked, id=12404, stack(0x00000098c7800000,0x00000098c7900000) (1024K)]
  0x000001a274051060 JavaThread "Notification Thread"        daemon [_thread_blocked, id=5180, stack(0x00000098c7900000,0x00000098c7a00000) (1024K)]
  0x000001a2759dc050 JavaThread "Daemon health stats"               [_thread_blocked, id=14892, stack(0x00000098c8100000,0x00000098c8200000) (1024K)]
  0x000001a274f11580 JavaThread "Incoming local TCP Connector on port 60772"        [_thread_in_native, id=12540, stack(0x00000098c8200000,0x00000098c8300000) (1024K)]
  0x000001a27592a070 JavaThread "Daemon periodic checks"            [_thread_blocked, id=6184, stack(0x00000098c8300000,0x00000098c8400000) (1024K)]
  0x000001a2748fe260 JavaThread "Daemon"                            [_thread_blocked, id=12184, stack(0x00000098c8400000,0x00000098c8500000) (1024K)]
  0x000001a2748fe8c0 JavaThread "Handler for socket connection from /127.0.0.1:60772 to /127.0.0.1:60773"        [_thread_in_native, id=14252, stack(0x00000098c8500000,0x00000098c8600000) (1024K)]
  0x000001a275b622b0 JavaThread "Cancel handler"                    [_thread_blocked, id=8, stack(0x00000098c8600000,0x00000098c8700000) (1024K)]
  0x000001a275b6d420 JavaThread "Daemon worker"                     [_thread_blocked, id=5824, stack(0x00000098c8700000,0x00000098c8800000) (1024K)]
  0x000001a275b6da80 JavaThread "Asynchronous log dispatcher for DefaultDaemonConnection: socket connection from /127.0.0.1:60772 to /127.0.0.1:60773"        [_thread_blocked, id=12492, stack(0x00000098c8800000,0x00000098c8900000) (1024K)]
  0x000001a275b68800 JavaThread "Stdin handler"                     [_thread_blocked, id=14804, stack(0x00000098c8900000,0x00000098c8a00000) (1024K)]
  0x000001a275b69bb0 JavaThread "Daemon client event forwarder"        [_thread_blocked, id=12592, stack(0x00000098c8a00000,0x00000098c8b00000) (1024K)]
  0x000001a275b69520 JavaThread "Cache worker for journal cache (C:\Users\nimes\.gradle\caches\journal-1)"        [_thread_blocked, id=4608, stack(0x00000098c8d00000,0x00000098c8e00000) (1024K)]
  0x000001a275b67450 JavaThread "File lock request listener"        [_thread_in_native, id=7748, stack(0x00000098c7a00000,0x00000098c7b00000) (1024K)]
  0x000001a275b6a8d0 JavaThread "Cache worker for file hash cache (C:\Users\nimes\.gradle\caches\8.11.1\fileHashes)"        [_thread_blocked, id=14656, stack(0x00000098c8e00000,0x00000098c8f00000) (1024K)]
  0x000001a275b67ae0 JavaThread "Cache worker for file content cache (C:\Users\nimes\.gradle\caches\8.11.1\fileContent)"        [_thread_blocked, id=6584, stack(0x00000098c9000000,0x00000098c9100000) (1024K)]
  0x000001a275b68e90 JavaThread "Cache worker for file hash cache (E:\OUSL\ousl works\android app dev\Fitness app final project\Test\.gradle\8.11.1\fileHashes)"        [_thread_blocked, id=6668, stack(0x00000098c9100000,0x00000098c9200000) (1024K)]
  0x000001a275b6a240 JavaThread "Cache worker for Build Output Cleanup Cache (E:\OUSL\ousl works\android app dev\Fitness app final project\Test\.gradle\buildOutputCleanup)"        [_thread_blocked, id=5728, stack(0x00000098c9200000,0x00000098c9300000) (1024K)]
  0x000001a276a897e0 JavaThread "File watcher server"        daemon [_thread_in_native, id=520, stack(0x00000098c9300000,0x00000098c9400000) (1024K)]
  0x000001a276a85640 JavaThread "File watcher consumer"      daemon [_thread_blocked, id=12332, stack(0x00000098c9400000,0x00000098c9500000) (1024K)]
  0x000001a276a86360 JavaThread "jar transforms"                    [_thread_blocked, id=2504, stack(0x00000098c9500000,0x00000098c9600000) (1024K)]
  0x000001a276a82ee0 JavaThread "jar transforms Thread 2"           [_thread_blocked, id=13636, stack(0x00000098c9600000,0x00000098c9700000) (1024K)]
  0x000001a276a89e70 JavaThread "jar transforms Thread 3"           [_thread_blocked, id=13424, stack(0x00000098c9700000,0x00000098c9800000) (1024K)]
  0x000001a276a89150 JavaThread "jar transforms Thread 4"           [_thread_blocked, id=11176, stack(0x00000098c9800000,0x00000098c9900000) (1024K)]
  0x000001a276a88ac0 JavaThread "jar transforms Thread 5"           [_thread_blocked, id=4404, stack(0x00000098c9900000,0x00000098c9a00000) (1024K)]
  0x000001a276a8a500 JavaThread "jar transforms Thread 6"           [_thread_blocked, id=2476, stack(0x00000098c9a00000,0x00000098c9b00000) (1024K)]
  0x000001a276a85cd0 JavaThread "jar transforms Thread 7"           [_thread_blocked, id=14084, stack(0x00000098c9b00000,0x00000098c9c00000) (1024K)]
  0x000001a276a87080 JavaThread "jar transforms Thread 8"           [_thread_blocked, id=13368, stack(0x00000098c9c00000,0x00000098c9d00000) (1024K)]
  0x000001a276a87da0 JavaThread "Cache worker for checksums cache (E:\OUSL\ousl works\android app dev\Fitness app final project\Test\.gradle\8.11.1\checksums)"        [_thread_blocked, id=11292, stack(0x00000098c9d00000,0x00000098c9e00000) (1024K)]
  0x000001a276a869f0 JavaThread "Cache worker for cache directory md-rule (C:\Users\nimes\.gradle\caches\8.11.1\md-rule)"        [_thread_blocked, id=10840, stack(0x00000098c9e00000,0x00000098c9f00000) (1024K)]
  0x000001a276a87710 JavaThread "Cache worker for cache directory md-supplier (C:\Users\nimes\.gradle\caches\8.11.1\md-supplier)"        [_thread_blocked, id=13972, stack(0x00000098c9f00000,0x00000098ca000000) (1024K)]
  0x000001a276a84920 JavaThread "Unconstrained build operations"        [_thread_blocked, id=3772, stack(0x00000098ca000000,0x00000098ca100000) (1024K)]
  0x000001a276798140 JavaThread "Unconstrained build operations Thread 2"        [_thread_blocked, id=15184, stack(0x00000098ca100000,0x00000098ca200000) (1024K)]
  0x000001a27679a8a0 JavaThread "Unconstrained build operations Thread 3"        [_thread_blocked, id=9388, stack(0x00000098ca200000,0x00000098ca300000) (1024K)]
  0x000001a276797420 JavaThread "Unconstrained build operations Thread 4"        [_thread_blocked, id=3424, stack(0x00000098ca300000,0x00000098ca400000) (1024K)]
  0x000001a276797ab0 JavaThread "Unconstrained build operations Thread 5"        [_thread_blocked, id=14676, stack(0x00000098ca400000,0x00000098ca500000) (1024K)]
  0x000001a27679c970 JavaThread "Unconstrained build operations Thread 6"        [_thread_blocked, id=5812, stack(0x00000098ca500000,0x00000098ca600000) (1024K)]
  0x000001a276798e60 JavaThread "Unconstrained build operations Thread 7"        [_thread_blocked, id=6648, stack(0x00000098ca600000,0x00000098ca700000) (1024K)]
  0x000001a2767994f0 JavaThread "Unconstrained build operations Thread 8"        [_thread_blocked, id=9076, stack(0x00000098ca700000,0x00000098ca800000) (1024K)]
  0x000001a2767987d0 JavaThread "Unconstrained build operations Thread 9"        [_thread_blocked, id=3316, stack(0x00000098ca800000,0x00000098ca900000) (1024K)]
  0x000001a276799b80 JavaThread "Unconstrained build operations Thread 10"        [_thread_blocked, id=12328, stack(0x00000098ca900000,0x00000098caa00000) (1024K)]
  0x000001a27679d000 JavaThread "Unconstrained build operations Thread 11"        [_thread_blocked, id=11272, stack(0x00000098caa00000,0x00000098cab00000) (1024K)]
  0x000001a27679a210 JavaThread "Unconstrained build operations Thread 12"        [_thread_blocked, id=3112, stack(0x00000098cab00000,0x00000098cac00000) (1024K)]
  0x000001a27679af30 JavaThread "Unconstrained build operations Thread 13"        [_thread_blocked, id=15192, stack(0x00000098cac00000,0x00000098cad00000) (1024K)]
  0x000001a276796700 JavaThread "Unconstrained build operations Thread 14"        [_thread_blocked, id=7832, stack(0x00000098cad00000,0x00000098cae00000) (1024K)]
  0x000001a27679b5c0 JavaThread "Unconstrained build operations Thread 15"        [_thread_blocked, id=14208, stack(0x00000098cae00000,0x00000098caf00000) (1024K)]
  0x000001a276796070 JavaThread "Unconstrained build operations Thread 16"        [_thread_blocked, id=5648, stack(0x00000098caf00000,0x00000098cb000000) (1024K)]
  0x000001a27679bc50 JavaThread "Unconstrained build operations Thread 17"        [_thread_blocked, id=10800, stack(0x00000098cb000000,0x00000098cb100000) (1024K)]
  0x000001a27679d690 JavaThread "Unconstrained build operations Thread 18"        [_thread_blocked, id=12624, stack(0x00000098cb100000,0x00000098cb200000) (1024K)]
  0x000001a277659560 JavaThread "Unconstrained build operations Thread 19"        [_thread_blocked, id=12140, stack(0x00000098c8f00000,0x00000098c9000000) (1024K)]
  0x000001a277658840 JavaThread "Unconstrained build operations Thread 20"        [_thread_blocked, id=7476, stack(0x00000098cb300000,0x00000098cb400000) (1024K)]
  0x000001a277655a50 JavaThread "Unconstrained build operations Thread 21"        [_thread_blocked, id=2608, stack(0x00000098cb400000,0x00000098cb500000) (1024K)]
  0x000001a277657490 JavaThread "Unconstrained build operations Thread 22"        [_thread_blocked, id=11144, stack(0x00000098cb500000,0x00000098cb600000) (1024K)]
  0x000001a2776546a0 JavaThread "Unconstrained build operations Thread 23"        [_thread_blocked, id=7484, stack(0x00000098cb600000,0x00000098cb700000) (1024K)]
  0x000001a2776553c0 JavaThread "Unconstrained build operations Thread 24"        [_thread_blocked, id=8036, stack(0x00000098cb700000,0x00000098cb800000) (1024K)]
  0x000001a277657b20 JavaThread "Unconstrained build operations Thread 25"        [_thread_blocked, id=11808, stack(0x00000098cb800000,0x00000098cb900000) (1024K)]
  0x000001a27765b630 JavaThread "Unconstrained build operations Thread 26"        [_thread_blocked, id=11776, stack(0x00000098cb900000,0x00000098cba00000) (1024K)]
  0x000001a27765bcc0 JavaThread "Unconstrained build operations Thread 27"        [_thread_blocked, id=7688, stack(0x00000098cba00000,0x00000098cbb00000) (1024K)]
  0x000001a2776560e0 JavaThread "Unconstrained build operations Thread 28"        [_thread_blocked, id=9116, stack(0x00000098cbb00000,0x00000098cbc00000) (1024K)]
  0x000001a27765a910 JavaThread "Unconstrained build operations Thread 29"        [_thread_blocked, id=5692, stack(0x00000098cbc00000,0x00000098cbd00000) (1024K)]
  0x000001a277656770 JavaThread "Unconstrained build operations Thread 30"        [_thread_blocked, id=7620, stack(0x00000098cbd00000,0x00000098cbe00000) (1024K)]
  0x000001a27765afa0 JavaThread "Unconstrained build operations Thread 31"        [_thread_blocked, id=7980, stack(0x00000098cbe00000,0x00000098cbf00000) (1024K)]
  0x000001a277659bf0 JavaThread "Unconstrained build operations Thread 32"        [_thread_blocked, id=13204, stack(0x00000098cbf00000,0x00000098cc000000) (1024K)]
  0x000001a277656e00 JavaThread "Unconstrained build operations Thread 33"        [_thread_blocked, id=14028, stack(0x00000098cc000000,0x00000098cc100000) (1024K)]
  0x000001a2776581b0 JavaThread "Unconstrained build operations Thread 34"        [_thread_blocked, id=15168, stack(0x00000098cc100000,0x00000098cc200000) (1024K)]
  0x000001a27765a280 JavaThread "Unconstrained build operations Thread 35"        [_thread_blocked, id=3224, stack(0x00000098cc200000,0x00000098cc300000) (1024K)]
  0x000001a2768e1200 JavaThread "Unconstrained build operations Thread 36"        [_thread_blocked, id=11660, stack(0x00000098cc300000,0x00000098cc400000) (1024K)]
  0x000001a2768e04e0 JavaThread "Unconstrained build operations Thread 37"        [_thread_blocked, id=8972, stack(0x00000098cc400000,0x00000098cc500000) (1024K)]
  0x000001a2768deaa0 JavaThread "Unconstrained build operations Thread 38"        [_thread_blocked, id=9916, stack(0x00000098cc500000,0x00000098cc600000) (1024K)]
  0x000001a2768de410 JavaThread "Unconstrained build operations Thread 39"        [_thread_blocked, id=1344, stack(0x00000098cc600000,0x00000098cc700000) (1024K)]
  0x000001a276ec1980 JavaThread "C2 CompilerThread1"         daemon [_thread_blocked, id=8264, stack(0x00000098cc700000,0x00000098cc800000) (1024K)]
Total: 80

Other Threads:
  0x000001a26f45c840 VMThread "VM Thread"                           [id=5732, stack(0x00000098c6f00000,0x00000098c7000000) (1024K)]
  0x000001a26f3c6fb0 WatcherThread "VM Periodic Task Thread"        [id=10004, stack(0x00000098c6e00000,0x00000098c6f00000) (1024K)]
  0x000001a257da7c40 WorkerThread "GC Thread#0"                     [id=5736, stack(0x00000098c6900000,0x00000098c6a00000) (1024K)]
  0x000001a274267330 WorkerThread "GC Thread#1"                     [id=2000, stack(0x00000098c7b00000,0x00000098c7c00000) (1024K)]
  0x000001a274167050 WorkerThread "GC Thread#2"                     [id=11436, stack(0x00000098c7c00000,0x00000098c7d00000) (1024K)]
=>0x000001a2750165d0 WorkerThread "GC Thread#3"                     [id=1448, stack(0x00000098c7d00000,0x00000098c7e00000) (1024K)]
  0x000001a275016970 WorkerThread "GC Thread#4"                     [id=4224, stack(0x00000098c7e00000,0x00000098c7f00000) (1024K)]
  0x000001a274c1ef60 WorkerThread "GC Thread#5"                     [id=10976, stack(0x00000098c7f00000,0x00000098c8000000) (1024K)]
  0x000001a274c1fa40 WorkerThread "GC Thread#6"                     [id=11308, stack(0x00000098c8000000,0x00000098c8100000) (1024K)]
  0x000001a274c1ebc0 WorkerThread "GC Thread#7"                     [id=11412, stack(0x00000098c8b00000,0x00000098c8c00000) (1024K)]
  0x000001a257db8ca0 ConcurrentGCThread "G1 Main Marker"            [id=2084, stack(0x00000098c6a00000,0x00000098c6b00000) (1024K)]
  0x000001a257db9e50 WorkerThread "G1 Conc#0"                       [id=7968, stack(0x00000098c6b00000,0x00000098c6c00000) (1024K)]
  0x000001a274c1f6a0 WorkerThread "G1 Conc#1"                       [id=8236, stack(0x00000098c8c00000,0x00000098c8d00000) (1024K)]
  0x000001a257e1e6f0 ConcurrentGCThread "G1 Refine#0"               [id=10628, stack(0x00000098c6c00000,0x00000098c6d00000) (1024K)]
  0x000001a26f29a110 ConcurrentGCThread "G1 Service"                [id=9200, stack(0x00000098c6d00000,0x00000098c6e00000) (1024K)]
Total: 15

Threads with active compile tasks:
C2 CompilerThread0  10839 9168       4       org.jetbrains.kotlin.com.intellij.openapi.vfs.impl.jar.CoreJarHandler::getOrCreateFile (88 bytes)
C2 CompilerThread1  10839 9129       4       org.jetbrains.kotlin.com.intellij.openapi.vfs.impl.ArchiveHandler::processEntry (225 bytes)
Total: 2

VM state: at safepoint (normal execution)

VM Mutex/Monitor currently owned by a thread:  ([mutex/lock_event])
[0x00007ffbcbf8bca0] FreeList_lock - owner thread: 0x000001a2750165d0
[0x00007ffbcbf8e3a0] Threads_lock - owner thread: 0x000001a26f45c840
[0x00007ffbcbf8e4a0] Heap_lock - owner thread: 0x000001a275b6d420

Heap address: 0x0000000080000000, size: 2048 MB, Compressed Oops mode: 32-bit

CDS archive(s) not mapped
Compressed class space mapped at: 0x0000000100000000-0x0000000140000000, reserved size: 1073741824
Narrow klass base: 0x0000000000000000, Narrow klass shift: 3, Narrow klass range: 0x140000000

GC Precious Log:
 CardTable entry size: 512
 Card Set container configuration: InlinePtr #cards 5 size 8 Array Of Cards #cards 12 size 40 Howl #buckets 4 coarsen threshold 1843 Howl Bitmap #cards 512 size 80 coarsen threshold 460 Card regions per heap region 1 cards per card region 2048
 CPUs: 8 total, 8 available
 Memory: 8036M
 Large Page Support: Disabled
 NUMA Support: Disabled
 Compressed Oops: Enabled (32-bit)
 Heap Region Size: 1M
 Heap Min Capacity: 8M
 Heap Initial Capacity: 126M
 Heap Max Capacity: 2G
 Pre-touch: Disabled
 Parallel Workers: 8
 Concurrent Workers: 2
 Concurrent Refinement Workers: 8
 Periodic GC: Disabled

Heap:
 garbage-first heap   total 168960K, used 155789K [0x0000000080000000, 0x0000000100000000)
  region size 1024K, 57 young (58368K), 7 survivors (7168K)
 Metaspace       used 95773K, committed 97856K, reserved 1179648K
  class space    used 13185K, committed 14208K, reserved 1048576K

Heap Regions: E=young(eden), S=young(survivor), O=old, HS=humongous(starts), HC=humongous(continues), CS=collection set, F=free, TAMS=top-at-mark-start, PB=parsable bottom
|   0|0x0000000080000000, 0x0000000080100000, 0x0000000080100000|100%| O|  |TAMS 0x0000000080000000| PB 0x0000000080000000| Untracked 
|   1|0x0000000080100000, 0x0000000080200000, 0x0000000080200000|100%|HS|  |TAMS 0x0000000080100000| PB 0x0000000080100000| Complete 
|   2|0x0000000080200000, 0x0000000080300000, 0x0000000080300000|100%|HC|  |TAMS 0x0000000080200000| PB 0x0000000080200000| Complete 
|   3|0x0000000080300000, 0x0000000080400000, 0x0000000080400000|100%|HC|  |TAMS 0x0000000080300000| PB 0x0000000080300000| Complete 
|   4|0x0000000080400000, 0x0000000080500000, 0x0000000080500000|100%| O|  |TAMS 0x0000000080400000| PB 0x0000000080400000| Untracked 
|   5|0x0000000080500000, 0x0000000080600000, 0x0000000080600000|100%| O|  |TAMS 0x0000000080500000| PB 0x0000000080500000| Untracked 
|   6|0x0000000080600000, 0x0000000080700000, 0x0000000080700000|100%| O|  |TAMS 0x0000000080600000| PB 0x0000000080600000| Untracked 
|   7|0x0000000080700000, 0x0000000080800000, 0x0000000080800000|100%|HS|  |TAMS 0x0000000080700000| PB 0x0000000080700000| Complete 
|   8|0x0000000080800000, 0x0000000080900000, 0x0000000080900000|100%| O|  |TAMS 0x0000000080800000| PB 0x0000000080800000| Untracked 
|   9|0x0000000080900000, 0x0000000080a00000, 0x0000000080a00000|100%| O|  |TAMS 0x0000000080900000| PB 0x0000000080900000| Untracked 
|  10|0x0000000080a00000, 0x0000000080b00000, 0x0000000080b00000|100%| O|  |TAMS 0x0000000080a00000| PB 0x0000000080a00000| Untracked 
|  11|0x0000000080b00000, 0x0000000080c00000, 0x0000000080c00000|100%| O|  |TAMS 0x0000000080b00000| PB 0x0000000080b00000| Untracked 
|  12|0x0000000080c00000, 0x0000000080d00000, 0x0000000080d00000|100%| O|  |TAMS 0x0000000080c00000| PB 0x0000000080c00000| Untracked 
|  13|0x0000000080d00000, 0x0000000080e00000, 0x0000000080e00000|100%| O|  |TAMS 0x0000000080d00000| PB 0x0000000080d00000| Untracked 
|  14|0x0000000080e00000, 0x0000000080f00000, 0x0000000080f00000|100%| O|  |TAMS 0x0000000080e00000| PB 0x0000000080e00000| Untracked 
|  15|0x0000000080f00000, 0x0000000081000000, 0x0000000081000000|100%| O|  |TAMS 0x0000000080f00000| PB 0x0000000080f00000| Untracked 
|  16|0x0000000081000000, 0x0000000081100000, 0x0000000081100000|100%| O|  |TAMS 0x0000000081000000| PB 0x0000000081000000| Untracked 
|  17|0x0000000081100000, 0x0000000081200000, 0x0000000081200000|100%|HS|  |TAMS 0x0000000081100000| PB 0x0000000081100000| Complete 
|  18|0x0000000081200000, 0x0000000081300000, 0x0000000081300000|100%|HS|  |TAMS 0x0000000081200000| PB 0x0000000081200000| Complete 
|  19|0x0000000081300000, 0x0000000081400000, 0x0000000081400000|100%|HC|  |TAMS 0x0000000081300000| PB 0x0000000081300000| Complete 
|  20|0x0000000081400000, 0x0000000081500000, 0x0000000081500000|100%|HC|  |TAMS 0x0000000081400000| PB 0x0000000081400000| Complete 
|  21|0x0000000081500000, 0x0000000081600000, 0x0000000081600000|100%|HC|  |TAMS 0x0000000081500000| PB 0x0000000081500000| Complete 
|  22|0x0000000081600000, 0x0000000081700000, 0x0000000081700000|100%|HC|  |TAMS 0x0000000081600000| PB 0x0000000081600000| Complete 
|  23|0x0000000081700000, 0x0000000081800000, 0x0000000081800000|100%|HC|  |TAMS 0x0000000081700000| PB 0x0000000081700000| Complete 
|  24|0x0000000081800000, 0x0000000081900000, 0x0000000081900000|100%|HS|  |TAMS 0x0000000081800000| PB 0x0000000081800000| Complete 
|  25|0x0000000081900000, 0x0000000081a00000, 0x0000000081a00000|100%|HC|  |TAMS 0x0000000081900000| PB 0x0000000081900000| Complete 
|  26|0x0000000081a00000, 0x0000000081b00000, 0x0000000081b00000|100%|HC|  |TAMS 0x0000000081a00000| PB 0x0000000081a00000| Complete 
|  27|0x0000000081b00000, 0x0000000081c00000, 0x0000000081c00000|100%|HC|  |TAMS 0x0000000081b00000| PB 0x0000000081b00000| Complete 
|  28|0x0000000081c00000, 0x0000000081d00000, 0x0000000081d00000|100%|HS|  |TAMS 0x0000000081c00000| PB 0x0000000081c00000| Complete 
|  29|0x0000000081d00000, 0x0000000081e00000, 0x0000000081e00000|100%|HC|  |TAMS 0x0000000081d00000| PB 0x0000000081d00000| Complete 
|  30|0x0000000081e00000, 0x0000000081f00000, 0x0000000081f00000|100%| O|  |TAMS 0x0000000081e00000| PB 0x0000000081e00000| Untracked 
|  31|0x0000000081f00000, 0x0000000082000000, 0x0000000082000000|100%| O|  |TAMS 0x0000000081f00000| PB 0x0000000081f00000| Untracked 
|  32|0x0000000082000000, 0x0000000082100000, 0x0000000082100000|100%| O|  |TAMS 0x0000000082000000| PB 0x0000000082000000| Untracked 
|  33|0x0000000082100000, 0x0000000082200000, 0x0000000082200000|100%| O|  |TAMS 0x0000000082100000| PB 0x0000000082100000| Untracked 
|  34|0x0000000082200000, 0x0000000082300000, 0x0000000082300000|100%| O|  |TAMS 0x0000000082200000| PB 0x0000000082200000| Untracked 
|  35|0x0000000082300000, 0x0000000082400000, 0x0000000082400000|100%| O|  |TAMS 0x0000000082300000| PB 0x0000000082300000| Untracked 
|  36|0x0000000082400000, 0x0000000082500000, 0x0000000082500000|100%| O|  |TAMS 0x0000000082400000| PB 0x0000000082400000| Untracked 
|  37|0x0000000082500000, 0x0000000082600000, 0x0000000082600000|100%| O|  |TAMS 0x0000000082500000| PB 0x0000000082500000| Untracked 
|  38|0x0000000082600000, 0x0000000082700000, 0x0000000082700000|100%| O|  |TAMS 0x0000000082600000| PB 0x0000000082600000| Untracked 
|  39|0x0000000082700000, 0x0000000082800000, 0x0000000082800000|100%| O|  |TAMS 0x0000000082700000| PB 0x0000000082700000| Untracked 
|  40|0x0000000082800000, 0x0000000082900000, 0x0000000082900000|100%| O|  |TAMS 0x0000000082800000| PB 0x0000000082800000| Untracked 
|  41|0x0000000082900000, 0x0000000082a00000, 0x0000000082a00000|100%| O|  |TAMS 0x0000000082900000| PB 0x0000000082900000| Untracked 
|  42|0x0000000082a00000, 0x0000000082b00000, 0x0000000082b00000|100%| O|  |TAMS 0x0000000082a00000| PB 0x0000000082a00000| Untracked 
|  43|0x0000000082b00000, 0x0000000082c00000, 0x0000000082c00000|100%|HS|  |TAMS 0x0000000082b00000| PB 0x0000000082b00000| Complete 
|  44|0x0000000082c00000, 0x0000000082d00000, 0x0000000082d00000|100%|HC|  |TAMS 0x0000000082c00000| PB 0x0000000082c00000| Complete 
|  45|0x0000000082d00000, 0x0000000082e00000, 0x0000000082e00000|100%| O|  |TAMS 0x0000000082d00000| PB 0x0000000082d00000| Untracked 
|  46|0x0000000082e00000, 0x0000000082f00000, 0x0000000082f00000|100%| O|  |TAMS 0x0000000082e00000| PB 0x0000000082e00000| Untracked 
|  47|0x0000000082f00000, 0x0000000083000000, 0x0000000083000000|100%| O|  |TAMS 0x0000000082f00000| PB 0x0000000082f00000| Untracked 
|  48|0x0000000083000000, 0x0000000083100000, 0x0000000083100000|100%| O|  |TAMS 0x0000000083000000| PB 0x0000000083000000| Untracked 
|  49|0x0000000083100000, 0x0000000083200000, 0x0000000083200000|100%| O|  |TAMS 0x0000000083100000| PB 0x0000000083100000| Untracked 
|  50|0x0000000083200000, 0x0000000083300000, 0x0000000083300000|100%|HS|  |TAMS 0x0000000083200000| PB 0x0000000083200000| Complete 
|  51|0x0000000083300000, 0x0000000083400000, 0x0000000083400000|100%|HC|  |TAMS 0x0000000083300000| PB 0x0000000083300000| Complete 
|  52|0x0000000083400000, 0x0000000083500000, 0x0000000083500000|100%|HC|  |TAMS 0x0000000083400000| PB 0x0000000083400000| Complete 
|  53|0x0000000083500000, 0x0000000083600000, 0x0000000083600000|100%|HC|  |TAMS 0x0000000083500000| PB 0x0000000083500000| Complete 
|  54|0x0000000083600000, 0x0000000083700000, 0x0000000083700000|100%|HC|  |TAMS 0x0000000083600000| PB 0x0000000083600000| Complete 
|  55|0x0000000083700000, 0x0000000083800000, 0x0000000083800000|100%|HC|  |TAMS 0x0000000083700000| PB 0x0000000083700000| Complete 
|  56|0x0000000083800000, 0x0000000083900000, 0x0000000083900000|100%| O|  |TAMS 0x0000000083800000| PB 0x0000000083800000| Untracked 
|  57|0x0000000083900000, 0x0000000083a00000, 0x0000000083a00000|100%| O|  |TAMS 0x0000000083900000| PB 0x0000000083900000| Untracked 
|  58|0x0000000083a00000, 0x0000000083b00000, 0x0000000083b00000|100%| O|CS|TAMS 0x0000000083a00000| PB 0x0000000083a00000| Complete 
|  59|0x0000000083b00000, 0x0000000083c00000, 0x0000000083c00000|100%| O|  |TAMS 0x0000000083b00000| PB 0x0000000083b00000| Untracked 
|  60|0x0000000083c00000, 0x0000000083d00000, 0x0000000083d00000|100%| O|  |TAMS 0x0000000083c00000| PB 0x0000000083c00000| Untracked 
|  61|0x0000000083d00000, 0x0000000083e00000, 0x0000000083e00000|100%| O|  |TAMS 0x0000000083d00000| PB 0x0000000083d00000| Untracked 
|  62|0x0000000083e00000, 0x0000000083f00000, 0x0000000083f00000|100%| O|  |TAMS 0x0000000083e00000| PB 0x0000000083e00000| Untracked 
|  63|0x0000000083f00000, 0x0000000084000000, 0x0000000084000000|100%| O|  |TAMS 0x0000000083f00000| PB 0x0000000083f00000| Untracked 
|  64|0x0000000084000000, 0x0000000084100000, 0x0000000084100000|100%|HS|  |TAMS 0x0000000084000000| PB 0x0000000084000000| Complete 
|  65|0x0000000084100000, 0x0000000084200000, 0x0000000084200000|100%|HC|  |TAMS 0x0000000084100000| PB 0x0000000084100000| Complete 
|  66|0x0000000084200000, 0x0000000084300000, 0x0000000084300000|100%|HC|  |TAMS 0x0000000084200000| PB 0x0000000084200000| Complete 
|  67|0x0000000084300000, 0x0000000084400000, 0x0000000084400000|100%|HC|  |TAMS 0x0000000084300000| PB 0x0000000084300000| Complete 
|  68|0x0000000084400000, 0x0000000084500000, 0x0000000084500000|100%|HC|  |TAMS 0x0000000084400000| PB 0x0000000084400000| Complete 
|  69|0x0000000084500000, 0x0000000084600000, 0x0000000084600000|100%|HC|  |TAMS 0x0000000084500000| PB 0x0000000084500000| Complete 
|  70|0x0000000084600000, 0x0000000084700000, 0x0000000084700000|100%| O|  |TAMS 0x0000000084600000| PB 0x0000000084600000| Untracked 
|  71|0x0000000084700000, 0x0000000084800000, 0x0000000084800000|100%| O|  |TAMS 0x0000000084700000| PB 0x0000000084700000| Untracked 
|  72|0x0000000084800000, 0x0000000084900000, 0x0000000084900000|100%| O|  |TAMS 0x0000000084800000| PB 0x0000000084800000| Untracked 
|  73|0x0000000084900000, 0x0000000084a00000, 0x0000000084a00000|100%| O|  |TAMS 0x0000000084900000| PB 0x0000000084900000| Untracked 
|  74|0x0000000084a00000, 0x0000000084b00000, 0x0000000084b00000|100%| O|  |TAMS 0x0000000084a00000| PB 0x0000000084a00000| Untracked 
|  75|0x0000000084b00000, 0x0000000084c00000, 0x0000000084c00000|100%| O|  |TAMS 0x0000000084b00000| PB 0x0000000084b00000| Untracked 
|  76|0x0000000084c00000, 0x0000000084d00000, 0x0000000084d00000|100%| O|  |TAMS 0x0000000084c00000| PB 0x0000000084c00000| Untracked 
|  77|0x0000000084d00000, 0x0000000084e00000, 0x0000000084e00000|100%| O|CS|TAMS 0x0000000084d00000| PB 0x0000000084d00000| Complete 
|  78|0x0000000084e00000, 0x0000000084f00000, 0x0000000084f00000|100%| O|  |TAMS 0x0000000084e00000| PB 0x0000000084e00000| Untracked 
|  79|0x0000000084f00000, 0x0000000085000000, 0x0000000085000000|100%| O|  |TAMS 0x0000000084f00000| PB 0x0000000084f00000| Untracked 
|  80|0x0000000085000000, 0x0000000085100000, 0x0000000085100000|100%|HS|  |TAMS 0x0000000085000000| PB 0x0000000085000000| Complete 
|  81|0x0000000085100000, 0x0000000085200000, 0x0000000085200000|100%|HS|  |TAMS 0x0000000085100000| PB 0x0000000085100000| Complete 
|  82|0x0000000085200000, 0x0000000085300000, 0x0000000085300000|100%|HS|  |TAMS 0x0000000085200000| PB 0x0000000085200000| Complete 
|  83|0x0000000085300000, 0x0000000085400000, 0x0000000085400000|100%|HS|  |TAMS 0x0000000085300000| PB 0x0000000085300000| Complete 
|  84|0x0000000085400000, 0x0000000085500000, 0x0000000085500000|100%|HC|  |TAMS 0x0000000085400000| PB 0x0000000085400000| Complete 
|  85|0x0000000085500000, 0x0000000085600000, 0x0000000085600000|100%|HC|  |TAMS 0x0000000085500000| PB 0x0000000085500000| Complete 
|  86|0x0000000085600000, 0x0000000085700000, 0x0000000085700000|100%|HC|  |TAMS 0x0000000085600000| PB 0x0000000085600000| Complete 
|  87|0x0000000085700000, 0x0000000085800000, 0x0000000085800000|100%|HC|  |TAMS 0x0000000085700000| PB 0x0000000085700000| Complete 
|  88|0x0000000085800000, 0x0000000085900000, 0x0000000085900000|100%|HC|  |TAMS 0x0000000085800000| PB 0x0000000085800000| Complete 
|  89|0x0000000085900000, 0x0000000085a00000, 0x0000000085a00000|100%|HS|  |TAMS 0x0000000085900000| PB 0x0000000085900000| Complete 
|  90|0x0000000085a00000, 0x0000000085b00000, 0x0000000085b00000|100%| O|  |TAMS 0x0000000085a00000| PB 0x0000000085a00000| Untracked 
|  91|0x0000000085b00000, 0x0000000085c00000, 0x0000000085c00000|100%| O|  |TAMS 0x0000000085b00000| PB 0x0000000085b00000| Untracked 
|  92|0x0000000085c00000, 0x0000000085d00000, 0x0000000085d00000|100%| S|  |TAMS 0x0000000085c00000| PB 0x0000000085c00000| Complete 
|  93|0x0000000085d00000, 0x0000000085e00000, 0x0000000085e00000|100%| E|CS|TAMS 0x0000000085d00000| PB 0x0000000085d00000| Complete 
|  94|0x0000000085e00000, 0x0000000085f00000, 0x0000000085f00000|100%| E|CS|TAMS 0x0000000085e00000| PB 0x0000000085e00000| Complete 
|  95|0x0000000085f00000, 0x0000000086000000, 0x0000000086000000|100%| E|CS|TAMS 0x0000000085f00000| PB 0x0000000085f00000| Complete 
|  96|0x0000000086000000, 0x0000000086100000, 0x0000000086100000|100%| E|CS|TAMS 0x0000000086000000| PB 0x0000000086000000| Complete 
|  97|0x0000000086100000, 0x0000000086200000, 0x0000000086200000|100%| O|  |TAMS 0x0000000086100000| PB 0x0000000086100000| Untracked 
|  98|0x0000000086200000, 0x0000000086300000, 0x0000000086300000|100%| O|  |TAMS 0x0000000086200000| PB 0x0000000086200000| Untracked 
|  99|0x0000000086300000, 0x0000000086400000, 0x0000000086400000|100%| O|  |TAMS 0x0000000086300000| PB 0x0000000086300000| Untracked 
| 100|0x0000000086400000, 0x00000000864c95a0, 0x0000000086500000| 78%| E|CS|TAMS 0x0000000086400000| PB 0x0000000086400000| Complete 
| 101|0x0000000086500000, 0x0000000086600000, 0x0000000086600000|100%| E|CS|TAMS 0x0000000086500000| PB 0x0000000086500000| Complete 
| 102|0x0000000086600000, 0x0000000086700000, 0x0000000086700000|100%| E|CS|TAMS 0x0000000086600000| PB 0x0000000086600000| Complete 
| 103|0x0000000086700000, 0x0000000086800000, 0x0000000086800000|100%| E|CS|TAMS 0x0000000086700000| PB 0x0000000086700000| Complete 
| 104|0x0000000086800000, 0x0000000086900000, 0x0000000086900000|100%| E|CS|TAMS 0x0000000086800000| PB 0x0000000086800000| Complete 
| 105|0x0000000086900000, 0x0000000086a00000, 0x0000000086a00000|100%| E|CS|TAMS 0x0000000086900000| PB 0x0000000086900000| Complete 
| 106|0x0000000086a00000, 0x0000000086b00000, 0x0000000086b00000|100%| E|CS|TAMS 0x0000000086a00000| PB 0x0000000086a00000| Complete 
| 107|0x0000000086b00000, 0x0000000086c00000, 0x0000000086c00000|100%| E|CS|TAMS 0x0000000086b00000| PB 0x0000000086b00000| Complete 
| 108|0x0000000086c00000, 0x0000000086d00000, 0x0000000086d00000|100%| E|CS|TAMS 0x0000000086c00000| PB 0x0000000086c00000| Complete 
| 109|0x0000000086d00000, 0x0000000086e00000, 0x0000000086e00000|100%| E|CS|TAMS 0x0000000086d00000| PB 0x0000000086d00000| Complete 
| 110|0x0000000086e00000, 0x0000000086f00000, 0x0000000086f00000|100%| E|CS|TAMS 0x0000000086e00000| PB 0x0000000086e00000| Complete 
| 111|0x0000000086f00000, 0x0000000087000000, 0x0000000087000000|100%| E|CS|TAMS 0x0000000086f00000| PB 0x0000000086f00000| Complete 
| 112|0x0000000087000000, 0x0000000087100000, 0x0000000087100000|100%| E|CS|TAMS 0x0000000087000000| PB 0x0000000087000000| Complete 
| 113|0x0000000087100000, 0x0000000087200000, 0x0000000087200000|100%| E|CS|TAMS 0x0000000087100000| PB 0x0000000087100000| Complete 
| 114|0x0000000087200000, 0x0000000087300000, 0x0000000087300000|100%| E|CS|TAMS 0x0000000087200000| PB 0x0000000087200000| Complete 
| 115|0x0000000087300000, 0x0000000087400000, 0x0000000087400000|100%| E|CS|TAMS 0x0000000087300000| PB 0x0000000087300000| Complete 
| 116|0x0000000087400000, 0x0000000087500000, 0x0000000087500000|100%| E|CS|TAMS 0x0000000087400000| PB 0x0000000087400000| Complete 
| 117|0x0000000087500000, 0x0000000087600000, 0x0000000087600000|100%| E|CS|TAMS 0x0000000087500000| PB 0x0000000087500000| Complete 
| 118|0x0000000087600000, 0x0000000087700000, 0x0000000087700000|100%| E|CS|TAMS 0x0000000087600000| PB 0x0000000087600000| Complete 
| 119|0x0000000087700000, 0x0000000087800000, 0x0000000087800000|100%| E|CS|TAMS 0x0000000087700000| PB 0x0000000087700000| Complete 
| 120|0x0000000087800000, 0x0000000087900000, 0x0000000087900000|100%| E|CS|TAMS 0x0000000087800000| PB 0x0000000087800000| Complete 
| 121|0x0000000087900000, 0x0000000087a00000, 0x0000000087a00000|100%| E|CS|TAMS 0x0000000087900000| PB 0x0000000087900000| Complete 
| 122|0x0000000087a00000, 0x0000000087b00000, 0x0000000087b00000|100%| E|CS|TAMS 0x0000000087a00000| PB 0x0000000087a00000| Complete 
| 123|0x0000000087b00000, 0x0000000087c00000, 0x0000000087c00000|100%| E|CS|TAMS 0x0000000087b00000| PB 0x0000000087b00000| Complete 
| 124|0x0000000087c00000, 0x0000000087d00000, 0x0000000087d00000|100%| E|CS|TAMS 0x0000000087c00000| PB 0x0000000087c00000| Complete 
| 125|0x0000000087d00000, 0x0000000087e00000, 0x0000000087e00000|100%| E|CS|TAMS 0x0000000087d00000| PB 0x0000000087d00000| Complete 
| 126|0x0000000087e00000, 0x0000000087f00000, 0x0000000087f00000|100%| E|CS|TAMS 0x0000000087e00000| PB 0x0000000087e00000| Complete 
| 127|0x0000000087f00000, 0x0000000088000000, 0x0000000088000000|100%| E|CS|TAMS 0x0000000087f00000| PB 0x0000000087f00000| Complete 
| 128|0x0000000088000000, 0x0000000088100000, 0x0000000088100000|100%| E|CS|TAMS 0x0000000088000000| PB 0x0000000088000000| Complete 
| 129|0x0000000088100000, 0x0000000088200000, 0x0000000088200000|100%| E|CS|TAMS 0x0000000088100000| PB 0x0000000088100000| Complete 
| 130|0x0000000088200000, 0x0000000088300000, 0x0000000088300000|100%| E|CS|TAMS 0x0000000088200000| PB 0x0000000088200000| Complete 
| 131|0x0000000088300000, 0x0000000088400000, 0x0000000088400000|100%| E|CS|TAMS 0x0000000088300000| PB 0x0000000088300000| Complete 
| 132|0x0000000088400000, 0x0000000088500000, 0x0000000088500000|100%| E|CS|TAMS 0x0000000088400000| PB 0x0000000088400000| Complete 
| 133|0x0000000088500000, 0x0000000088600000, 0x0000000088600000|100%| E|CS|TAMS 0x0000000088500000| PB 0x0000000088500000| Complete 
| 134|0x0000000088600000, 0x0000000088700000, 0x0000000088700000|100%| E|CS|TAMS 0x0000000088600000| PB 0x0000000088600000| Complete 
| 135|0x0000000088700000, 0x0000000088800000, 0x0000000088800000|100%| E|CS|TAMS 0x0000000088700000| PB 0x0000000088700000| Complete 
| 136|0x0000000088800000, 0x0000000088900000, 0x0000000088900000|100%| E|CS|TAMS 0x0000000088800000| PB 0x0000000088800000| Complete 
| 137|0x0000000088900000, 0x0000000088a00000, 0x0000000088a00000|100%| E|CS|TAMS 0x0000000088900000| PB 0x0000000088900000| Complete 
| 138|0x0000000088a00000, 0x0000000088b00000, 0x0000000088b00000|100%| E|CS|TAMS 0x0000000088a00000| PB 0x0000000088a00000| Complete 
| 139|0x0000000088b00000, 0x0000000088c00000, 0x0000000088c00000|100%| E|CS|TAMS 0x0000000088b00000| PB 0x0000000088b00000| Complete 
| 140|0x0000000088c00000, 0x0000000088d00000, 0x0000000088d00000|100%| E|CS|TAMS 0x0000000088c00000| PB 0x0000000088c00000| Complete 
| 141|0x0000000088d00000, 0x0000000088e00000, 0x0000000088e00000|100%| E|CS|TAMS 0x0000000088d00000| PB 0x0000000088d00000| Complete 
| 142|0x0000000088e00000, 0x0000000088f00000, 0x0000000088f00000|100%| E|CS|TAMS 0x0000000088e00000| PB 0x0000000088e00000| Complete 
| 143|0x0000000088f00000, 0x0000000089000000, 0x0000000089000000|100%| E|CS|TAMS 0x0000000088f00000| PB 0x0000000088f00000| Complete 
| 144|0x0000000089000000, 0x0000000089100000, 0x0000000089100000|100%| E|CS|TAMS 0x0000000089000000| PB 0x0000000089000000| Complete 
| 145|0x0000000089100000, 0x0000000089200000, 0x0000000089200000|100%| E|CS|TAMS 0x0000000089100000| PB 0x0000000089100000| Complete 
| 146|0x0000000089200000, 0x0000000089300000, 0x0000000089300000|100%| S|  |TAMS 0x0000000089200000| PB 0x0000000089200000| Complete 
| 147|0x0000000089300000, 0x0000000089400000, 0x0000000089400000|100%| S|  |TAMS 0x0000000089300000| PB 0x0000000089300000| Complete 
| 148|0x0000000089400000, 0x0000000089500000, 0x0000000089500000|100%| S|  |TAMS 0x0000000089400000| PB 0x0000000089400000| Complete 
| 149|0x0000000089500000, 0x0000000089600000, 0x0000000089600000|100%| S|  |TAMS 0x0000000089500000| PB 0x0000000089500000| Complete 
| 150|0x0000000089600000, 0x0000000089700000, 0x0000000089700000|100%| S|  |TAMS 0x0000000089600000| PB 0x0000000089600000| Complete 
| 151|0x0000000089700000, 0x0000000089800000, 0x0000000089800000|100%| S|  |TAMS 0x0000000089700000| PB 0x0000000089700000| Complete 
|2035|0x00000000ff300000, 0x00000000ff400000, 0x00000000ff400000|100%| O|  |TAMS 0x00000000ff300000| PB 0x00000000ff300000| Untracked 
|2036|0x00000000ff400000, 0x00000000ff500000, 0x00000000ff500000|100%| O|  |TAMS 0x00000000ff400000| PB 0x00000000ff400000| Untracked 
|2037|0x00000000ff500000, 0x00000000ff600000, 0x00000000ff600000|100%| O|  |TAMS 0x00000000ff500000| PB 0x00000000ff500000| Untracked 
|2038|0x00000000ff600000, 0x00000000ff700000, 0x00000000ff700000|100%| O|  |TAMS 0x00000000ff600000| PB 0x00000000ff600000| Untracked 
|2039|0x00000000ff700000, 0x00000000ff800000, 0x00000000ff800000|100%| O|  |TAMS 0x00000000ff700000| PB 0x00000000ff700000| Untracked 
|2040|0x00000000ff800000, 0x00000000ff900000, 0x00000000ff900000|100%| O|  |TAMS 0x00000000ff800000| PB 0x00000000ff800000| Untracked 
|2041|0x00000000ff900000, 0x00000000ffa00000, 0x00000000ffa00000|100%| E|CS|TAMS 0x00000000ff900000| PB 0x00000000ff900000| Complete 
|2042|0x00000000ffa00000, 0x00000000ffb00000, 0x00000000ffb00000|100%| O|  |TAMS 0x00000000ffa00000| PB 0x00000000ffa00000| Untracked 
|2043|0x00000000ffb00000, 0x00000000ffc00000, 0x00000000ffc00000|100%| O|CS|TAMS 0x00000000ffb00000| PB 0x00000000ffb00000| Complete 
|2044|0x00000000ffc00000, 0x00000000ffd00000, 0x00000000ffd00000|100%| E|CS|TAMS 0x00000000ffc00000| PB 0x00000000ffc00000| Complete 
|2045|0x00000000ffd00000, 0x00000000ffe00000, 0x00000000ffe00000|100%| O|  |TAMS 0x00000000ffd00000| PB 0x00000000ffd00000| Untracked 
|2046|0x00000000ffe00000, 0x00000000fff00000, 0x00000000fff00000|100%| O|  |TAMS 0x00000000ffe00000| PB 0x00000000ffe00000| Untracked 
|2047|0x00000000fff00000, 0x0000000100000000, 0x0000000100000000|100%| O|  |TAMS 0x00000000fff00000| PB 0x00000000fff00000| Untracked 

Card table byte_map: [0x000001a26a5e0000,0x000001a26a9e0000] _byte_map_base: 0x000001a26a1e0000

Marking Bits: (CMBitMap*) 0x000001a257da8250
 Bits: [0x000001a26a9e0000, 0x000001a26c9e0000)

Polling page: 0x000001a255dd0000

Metaspace:

Usage:
  Non-class:     80.65 MB used.
      Class:     12.88 MB used.
       Both:     93.53 MB used.

Virtual space:
  Non-class space:      128.00 MB reserved,      81.69 MB ( 64%) committed,  2 nodes.
      Class space:        1.00 GB reserved,      13.88 MB (  1%) committed,  1 nodes.
             Both:        1.12 GB reserved,      95.56 MB (  8%) committed. 

Chunk freelists:
   Non-Class:  14.28 MB
       Class:  2.11 MB
        Both:  16.39 MB

MaxMetaspaceSize: unlimited
CompressedClassSpaceSize: 1.00 GB
Initial GC threshold: 21.00 MB
Current GC threshold: 142.94 MB
CDS: off
 - commit_granule_bytes: 65536.
 - commit_granule_words: 8192.
 - virtual_space_node_default_size: 8388608.
 - enlarge_chunks_in_place: 1.
 - use_allocation_guard: 0.


Internal statistics:

num_allocs_failed_limit: 8.
num_arena_births: 3502.
num_arena_deaths: 0.
num_vsnodes_births: 3.
num_vsnodes_deaths: 0.
num_space_committed: 1527.
num_space_uncommitted: 0.
num_chunks_returned_to_freelist: 8.
num_chunks_taken_from_freelist: 7178.
num_chunk_merges: 2.
num_chunk_splits: 4786.
num_chunks_enlarged: 3168.
num_inconsistent_stats: 0.

CodeHeap 'non-profiled nmethods': size=120000Kb used=4101Kb max_used=4148Kb free=115898Kb
 bounds [0x000001a262980000, 0x000001a262d90000, 0x000001a269eb0000]
CodeHeap 'profiled nmethods': size=120000Kb used=14438Kb max_used=14826Kb free=105562Kb
 bounds [0x000001a25aeb0000, 0x000001a25bd40000, 0x000001a2623e0000]
CodeHeap 'non-nmethods': size=5760Kb used=2881Kb max_used=2920Kb free=2878Kb
 bounds [0x000001a2623e0000, 0x000001a2626d0000, 0x000001a262980000]
 total_blobs=8826 nmethods=7834 adapters=895
 compilation: enabled
              stopped_count=0, restarted_count=0
 full_count=0

Compilation events (20 events):
Event: 10.700 Thread 0x000001a26f6003b0 9164       3       org.jetbrains.kotlin.com.intellij.openapi.util.RecursionManager::access$000 (4 bytes)
Event: 10.700 Thread 0x000001a26f6003b0 nmethod 9164 0x000001a25b1c1e90 code [0x000001a25b1c2020, 0x000001a25b1c2118]
Event: 10.700 Thread 0x000001a26f6003b0 9166       3       org.jetbrains.kotlin.com.intellij.openapi.vfs.impl.jar.CoreJarHandler$$Lambda/0x0000000100ddf520::fun (8 bytes)
Event: 10.700 Thread 0x000001a26f6003b0 nmethod 9166 0x000001a25b3d1b10 code [0x000001a25b3d1ce0, 0x000001a25b3d2168]
Event: 10.700 Thread 0x000001a26f6003b0 9165       3       org.jetbrains.kotlin.com.intellij.util.containers.FactoryMap$1::create (11 bytes)
Event: 10.700 Thread 0x000001a26f6003b0 nmethod 9165 0x000001a25b5a6990 code [0x000001a25b5a6b40, 0x000001a25b5a6d10]
Event: 10.700 Thread 0x000001a26f6003b0 9167       3       org.jetbrains.kotlin.com.intellij.openapi.vfs.impl.jar.CoreJarHandler::lambda$new$0 (8 bytes)
Event: 10.700 Thread 0x000001a26f6003b0 nmethod 9167 0x000001a25b4e7990 code [0x000001a25b4e7b60, 0x000001a25b4e7e80]
Event: 10.711 Thread 0x000001a26f5ffd10 nmethod 9140 0x000001a262cf0190 code [0x000001a262cf03e0, 0x000001a262cf0e58]
Event: 10.711 Thread 0x000001a26f5ffd10 9146       4       org.jetbrains.kotlin.com.intellij.openapi.util.Condition$1::value (10 bytes)
Event: 10.712 Thread 0x000001a26f5ffd10 nmethod 9146 0x000001a262b89810 code [0x000001a262b899a0, 0x000001a262b89a30]
Event: 10.712 Thread 0x000001a26f5ffd10 9147       4       org.jetbrains.kotlin.com.intellij.util.SmartList::add (94 bytes)
Event: 10.716 Thread 0x000001a26f5ffd10 nmethod 9147 0x000001a262b88d90 code [0x000001a262b88f40, 0x000001a262b89378]
Event: 10.716 Thread 0x000001a26f5ffd10 9148       4       org.jetbrains.kotlin.com.intellij.util.SmartList::resizeIfNecessary (55 bytes)
Event: 10.718 Thread 0x000001a26f5ffd10 nmethod 9148 0x000001a262c71690 code [0x000001a262c71840, 0x000001a262c71a88]
Event: 10.718 Thread 0x000001a26f5ffd10 9131       4       org.jetbrains.kotlin.com.intellij.openapi.util.text.StringUtil::trimLeading (49 bytes)
Event: 10.721 Thread 0x000001a26f5ffd10 nmethod 9131 0x000001a262c71090 code [0x000001a262c71240, 0x000001a262c71420]
Event: 10.721 Thread 0x000001a26f5ffd10 9133       4       org.jetbrains.kotlin.com.intellij.openapi.vfs.impl.ArchiveHandler::split (49 bytes)
Event: 10.734 Thread 0x000001a26f5ffd10 nmethod 9133 0x000001a262ceeb90 code [0x000001a262ceeda0, 0x000001a262cefb00]
Event: 10.734 Thread 0x000001a26f5ffd10 9168       4       org.jetbrains.kotlin.com.intellij.openapi.vfs.impl.jar.CoreJarHandler::getOrCreateFile (88 bytes)

GC Heap History (20 events):
Event: 5.746 GC heap after
{Heap after GC invocations=15 (full 0):
 garbage-first heap   total 115712K, used 75083K [0x0000000080000000, 0x0000000100000000)
  region size 1024K, 5 young (5120K), 5 survivors (5120K)
 Metaspace       used 58548K, committed 60160K, reserved 1114112K
  class space    used 7827K, committed 8640K, reserved 1048576K
}
Event: 5.834 GC heap before
{Heap before GC invocations=15 (full 0):
 garbage-first heap   total 115712K, used 102731K [0x0000000080000000, 0x0000000100000000)
  region size 1024K, 32 young (32768K), 5 survivors (5120K)
 Metaspace       used 58982K, committed 60608K, reserved 1114112K
  class space    used 7890K, committed 8704K, reserved 1048576K
}
Event: 5.837 GC heap after
{Heap after GC invocations=16 (full 0):
 garbage-first heap   total 115712K, used 76473K [0x0000000080000000, 0x0000000100000000)
  region size 1024K, 1 young (1024K), 1 survivors (1024K)
 Metaspace       used 58982K, committed 60608K, reserved 1114112K
  class space    used 7890K, committed 8704K, reserved 1048576K
}
Event: 6.098 GC heap before
{Heap before GC invocations=16 (full 0):
 garbage-first heap   total 115712K, used 105145K [0x0000000080000000, 0x0000000100000000)
  region size 1024K, 29 young (29696K), 1 survivors (1024K)
 Metaspace       used 62894K, committed 64576K, reserved 1114112K
  class space    used 8437K, committed 9280K, reserved 1048576K
}
Event: 6.100 GC heap after
{Heap after GC invocations=17 (full 0):
 garbage-first heap   total 115712K, used 77404K [0x0000000080000000, 0x0000000100000000)
  region size 1024K, 2 young (2048K), 2 survivors (2048K)
 Metaspace       used 62894K, committed 64576K, reserved 1114112K
  class space    used 8437K, committed 9280K, reserved 1048576K
}
Event: 6.461 GC heap before
{Heap before GC invocations=18 (full 0):
 garbage-first heap   total 130048K, used 106076K [0x0000000080000000, 0x0000000100000000)
  region size 1024K, 30 young (30720K), 2 survivors (2048K)
 Metaspace       used 66856K, committed 68608K, reserved 1114112K
  class space    used 9056K, committed 9920K, reserved 1048576K
}
Event: 6.465 GC heap after
{Heap after GC invocations=19 (full 0):
 garbage-first heap   total 130048K, used 79126K [0x0000000080000000, 0x0000000100000000)
  region size 1024K, 4 young (4096K), 4 survivors (4096K)
 Metaspace       used 66856K, committed 68608K, reserved 1114112K
  class space    used 9056K, committed 9920K, reserved 1048576K
}
Event: 6.953 GC heap before
{Heap before GC invocations=19 (full 0):
 garbage-first heap   total 130048K, used 118038K [0x0000000080000000, 0x0000000100000000)
  region size 1024K, 42 young (43008K), 4 survivors (4096K)
 Metaspace       used 70831K, committed 72768K, reserved 1114112K
  class space    used 9703K, committed 10688K, reserved 1048576K
}
Event: 6.958 GC heap after
{Heap after GC invocations=20 (full 0):
 garbage-first heap   total 156672K, used 80736K [0x0000000080000000, 0x0000000100000000)
  region size 1024K, 6 young (6144K), 6 survivors (6144K)
 Metaspace       used 70831K, committed 72768K, reserved 1114112K
  class space    used 9703K, committed 10688K, reserved 1048576K
}
Event: 8.507 GC heap before
{Heap before GC invocations=20 (full 0):
 garbage-first heap   total 156672K, used 139104K [0x0000000080000000, 0x0000000100000000)
  region size 1024K, 64 young (65536K), 6 survivors (6144K)
 Metaspace       used 79030K, committed 80896K, reserved 1179648K
  class space    used 10716K, committed 11648K, reserved 1048576K
}
Event: 8.516 GC heap after
{Heap after GC invocations=21 (full 0):
 garbage-first heap   total 156672K, used 87312K [0x0000000080000000, 0x0000000100000000)
  region size 1024K, 8 young (8192K), 8 survivors (8192K)
 Metaspace       used 79030K, committed 80896K, reserved 1179648K
  class space    used 10716K, committed 11648K, reserved 1048576K
}
Event: 8.787 GC heap before
{Heap before GC invocations=22 (full 0):
 garbage-first heap   total 156672K, used 137488K [0x0000000080000000, 0x0000000100000000)
  region size 1024K, 58 young (59392K), 8 survivors (8192K)
 Metaspace       used 79393K, committed 81280K, reserved 1179648K
  class space    used 10719K, committed 11648K, reserved 1048576K
}
Event: 8.795 GC heap after
{Heap after GC invocations=23 (full 0):
 garbage-first heap   total 156672K, used 90752K [0x0000000080000000, 0x0000000100000000)
  region size 1024K, 4 young (4096K), 4 survivors (4096K)
 Metaspace       used 79393K, committed 81280K, reserved 1179648K
  class space    used 10719K, committed 11648K, reserved 1048576K
}
Event: 8.988 GC heap before
{Heap before GC invocations=23 (full 0):
 garbage-first heap   total 156672K, used 140928K [0x0000000080000000, 0x0000000100000000)
  region size 1024K, 54 young (55296K), 4 survivors (4096K)
 Metaspace       used 79446K, committed 81280K, reserved 1179648K
  class space    used 10719K, committed 11648K, reserved 1048576K
}
Event: 8.992 GC heap after
{Heap after GC invocations=24 (full 0):
 garbage-first heap   total 156672K, used 90844K [0x0000000080000000, 0x0000000100000000)
  region size 1024K, 5 young (5120K), 5 survivors (5120K)
 Metaspace       used 79446K, committed 81280K, reserved 1179648K
  class space    used 10719K, committed 11648K, reserved 1048576K
}
Event: 9.513 GC heap before
{Heap before GC invocations=24 (full 0):
 garbage-first heap   total 156672K, used 141020K [0x0000000080000000, 0x0000000100000000)
  region size 1024K, 55 young (56320K), 5 survivors (5120K)
 Metaspace       used 85436K, committed 87296K, reserved 1179648K
  class space    used 11945K, committed 12864K, reserved 1048576K
}
Event: 9.519 GC heap after
{Heap after GC invocations=25 (full 0):
 garbage-first heap   total 156672K, used 92622K [0x0000000080000000, 0x0000000100000000)
  region size 1024K, 6 young (6144K), 6 survivors (6144K)
 Metaspace       used 85436K, committed 87296K, reserved 1179648K
  class space    used 11945K, committed 12864K, reserved 1048576K
}
Event: 10.232 GC heap before
{Heap before GC invocations=26 (full 0):
 garbage-first heap   total 157696K, used 148942K [0x0000000080000000, 0x0000000100000000)
  region size 1024K, 52 young (53248K), 6 survivors (6144K)
 Metaspace       used 92657K, committed 94592K, reserved 1179648K
  class space    used 12838K, committed 13824K, reserved 1048576K
}
Event: 10.236 GC heap after
{Heap after GC invocations=27 (full 0):
 garbage-first heap   total 157696K, used 94349K [0x0000000080000000, 0x0000000100000000)
  region size 1024K, 2 young (2048K), 2 survivors (2048K)
 Metaspace       used 92657K, committed 94592K, reserved 1179648K
  class space    used 12838K, committed 13824K, reserved 1048576K
}
Event: 10.736 GC heap before
{Heap before GC invocations=27 (full 0):
 garbage-first heap   total 157696K, used 155789K [0x0000000080000000, 0x0000000100000000)
  region size 1024K, 52 young (53248K), 2 survivors (2048K)
 Metaspace       used 95773K, committed 97856K, reserved 1179648K
  class space    used 13185K, committed 14208K, reserved 1048576K
}

Dll operation events (3 events):
Event: 0.007 Loaded shared library D:\Softwares\android studio\jbr\bin\java.dll
Event: 0.012 Loaded shared library D:\Softwares\android studio\jbr\bin\zip.dll
Event: 0.465 Loaded shared library D:\Softwares\android studio\jbr\bin\verify.dll

Deoptimization events (20 events):
Event: 10.661 Thread 0x000001a275b6d420 Uncommon trap: trap_request=0xffffff45 fr.pc=0x000001a262b8d06c relative=0x000000000000078c
Event: 10.661 Thread 0x000001a275b6d420 Uncommon trap: reason=unstable_if action=reinterpret pc=0x000001a262b8d06c method=org.jetbrains.kotlin.com.intellij.openapi.vfs.impl.ZipEntryMap.isTheOne(Lorg/jetbrains/kotlin/com/intellij/openapi/vfs/impl/ArchiveHandler$EntryInfo;Ljava/lang/CharSequence;
Event: 10.661 Thread 0x000001a275b6d420 DEOPT PACKING pc=0x000001a262b8d06c sp=0x00000098c87f4ab0
Event: 10.661 Thread 0x000001a275b6d420 DEOPT UNPACKING pc=0x000001a2624346a2 sp=0x00000098c87f4990 mode 2
Event: 10.661 Thread 0x000001a275b6d420 Uncommon trap: trap_request=0xffffff45 fr.pc=0x000001a262bd21a8 relative=0x0000000000000588
Event: 10.661 Thread 0x000001a275b6d420 Uncommon trap: reason=unstable_if action=reinterpret pc=0x000001a262bd21a8 method=org.jetbrains.kotlin.com.intellij.openapi.vfs.impl.ZipEntryMap.isTheOne(Lorg/jetbrains/kotlin/com/intellij/openapi/vfs/impl/ArchiveHandler$EntryInfo;Ljava/lang/CharSequence;
Event: 10.661 Thread 0x000001a275b6d420 DEOPT PACKING pc=0x000001a262bd21a8 sp=0x00000098c87f49d0
Event: 10.661 Thread 0x000001a275b6d420 DEOPT UNPACKING pc=0x000001a2624346a2 sp=0x00000098c87f4980 mode 2
Event: 10.664 Thread 0x000001a275b6d420 Uncommon trap: trap_request=0xffffff45 fr.pc=0x000001a262bd0e6c relative=0x000000000000078c
Event: 10.664 Thread 0x000001a275b6d420 Uncommon trap: reason=unstable_if action=reinterpret pc=0x000001a262bd0e6c method=org.jetbrains.kotlin.com.intellij.openapi.vfs.impl.ZipEntryMap.isTheOne(Lorg/jetbrains/kotlin/com/intellij/openapi/vfs/impl/ArchiveHandler$EntryInfo;Ljava/lang/CharSequence;
Event: 10.664 Thread 0x000001a275b6d420 DEOPT PACKING pc=0x000001a262bd0e6c sp=0x00000098c87f4a80
Event: 10.664 Thread 0x000001a275b6d420 DEOPT UNPACKING pc=0x000001a2624346a2 sp=0x00000098c87f49c8 mode 2
Event: 10.679 Thread 0x000001a275b6d420 Uncommon trap: trap_request=0xffffff45 fr.pc=0x000001a262b8b9c0 relative=0x0000000000000960
Event: 10.679 Thread 0x000001a275b6d420 Uncommon trap: reason=unstable_if action=reinterpret pc=0x000001a262b8b9c0 method=org.jetbrains.kotlin.com.intellij.openapi.vfs.impl.ZipEntryMap.isTheOne(Lorg/jetbrains/kotlin/com/intellij/openapi/vfs/impl/ArchiveHandler$EntryInfo;Ljava/lang/CharSequence;
Event: 10.679 Thread 0x000001a275b6d420 DEOPT PACKING pc=0x000001a262b8b9c0 sp=0x00000098c87f4a40
Event: 10.679 Thread 0x000001a275b6d420 DEOPT UNPACKING pc=0x000001a2624346a2 sp=0x00000098c87f4910 mode 2
Event: 10.681 Thread 0x000001a275b6d420 Uncommon trap: trap_request=0xffffff45 fr.pc=0x000001a262b4bb90 relative=0x0000000000000070
Event: 10.681 Thread 0x000001a275b6d420 Uncommon trap: reason=unstable_if action=reinterpret pc=0x000001a262b4bb90 method=java.util.zip.ZipFile$ZipEntryIterator.hasNext()Z @ 8 c2
Event: 10.681 Thread 0x000001a275b6d420 DEOPT PACKING pc=0x000001a262b4bb90 sp=0x00000098c87f4c30
Event: 10.681 Thread 0x000001a275b6d420 DEOPT UNPACKING pc=0x000001a2624346a2 sp=0x00000098c87f4b68 mode 2

Classes loaded (20 events):
Event: 10.540 Loading class java/io/IOError
Event: 10.540 Loading class java/io/IOError done
Event: 10.545 Loading class java/nio/channels/FileChannel$MapMode
Event: 10.545 Loading class java/nio/channels/FileChannel$MapMode done
Event: 10.545 Loading class jdk/internal/misc/ExtendedMapMode
Event: 10.545 Loading class jdk/internal/misc/ExtendedMapMode done
Event: 10.545 Loading class sun/nio/ch/FileChannelImpl$DefaultUnmapper
Event: 10.545 Loading class sun/nio/ch/FileChannelImpl$Unmapper
Event: 10.545 Loading class jdk/internal/access/foreign/UnmapperProxy
Event: 10.546 Loading class jdk/internal/access/foreign/UnmapperProxy done
Event: 10.546 Loading class sun/nio/ch/FileChannelImpl$Unmapper done
Event: 10.546 Loading class sun/nio/ch/FileChannelImpl$DefaultUnmapper done
Event: 10.546 Loading class sun/nio/ch/Util$4
Event: 10.546 Loading class sun/nio/ch/Util$4 done
Event: 10.546 Loading class java/lang/foreign/MemorySegment
Event: 10.546 Loading class java/lang/foreign/MemorySegment done
Event: 10.549 Loading class java/io/UTFDataFormatException
Event: 10.549 Loading class java/io/UTFDataFormatException done
Event: 10.572 Loading class java/util/zip/ZipFile$ZipEntryIterator
Event: 10.572 Loading class java/util/zip/ZipFile$ZipEntryIterator done

Classes unloaded (0 events):
No events

Classes redefined (0 events):
No events

Internal exceptions (20 events):
Event: 9.482 Thread 0x000001a275b6d420 Exception <a 'sun/nio/fs/WindowsException'{0x00000000863a2fc0}> (0x00000000863a2fc0) 
thrown [s\src\hotspot\share\prims\jni.cpp, line 535]
Event: 9.482 Thread 0x000001a275b6d420 Exception <a 'sun/nio/fs/WindowsException'{0x00000000863a4d78}> (0x00000000863a4d78) 
thrown [s\src\hotspot\share\prims\jni.cpp, line 535]
Event: 9.598 Thread 0x000001a275b6d420 Exception <a 'sun/nio/fs/WindowsException'{0x0000000089133188}> (0x0000000089133188) 
thrown [s\src\hotspot\share\prims\jni.cpp, line 535]
Event: 9.647 Thread 0x000001a275b6d420 Exception <a 'java/lang/NoSuchMethodError'{0x0000000088cf1a00}: 'long java.lang.invoke.DirectMethodHandle$Holder.invokeStatic(java.lang.Object)'> (0x0000000088cf1a00) 
thrown [s\src\hotspot\share\interpreter\linkResolver.cpp, line 784]
Event: 9.647 Thread 0x000001a275b6d420 Exception <a 'java/lang/NoSuchMethodError'{0x0000000088cf6590}: 'long java.lang.invoke.DirectMethodHandle$Holder.invokeStaticInit(java.lang.Object)'> (0x0000000088cf6590) 
thrown [s\src\hotspot\share\interpreter\linkResolver.cpp, line 784]
Event: 9.710 Thread 0x000001a275b6d420 Exception <a 'java/lang/NoSuchMethodError'{0x00000000888ea988}: 'void java.lang.invoke.DirectMethodHandle$Holder.invokeStaticInit(java.lang.Object)'> (0x00000000888ea988) 
thrown [s\src\hotspot\share\interpreter\linkResolver.cpp, line 784]
Event: 9.719 Thread 0x000001a275b6d420 Exception <a 'java/lang/NoSuchMethodError'{0x000000008876d438}: 'void java.lang.invoke.DelegatingMethodHandle$Holder.reinvoke_L(java.lang.Object, java.lang.Object, java.lang.Object, long, java.lang.Object)'> (0x000000008876d438) 
thrown [s\src\hotspot\share\interpreter\linkResolver.cpp, line 784]
Event: 9.719 Thread 0x000001a275b6d420 Exception <a 'java/lang/NoSuchMethodError'{0x000000008877c370}: 'void java.lang.invoke.DelegatingMethodHandle$Holder.reinvoke_L(java.lang.Object, java.lang.Object, java.lang.Object, long, long)'> (0x000000008877c370) 
thrown [s\src\hotspot\share\interpreter\linkResolver.cpp, line 784]
Event: 9.720 Thread 0x000001a275b6d420 Exception <a 'java/lang/NoSuchMethodError'{0x0000000088784a90}: 'java.lang.Object java.lang.invoke.DirectMethodHandle$Holder.invokeSpecial(java.lang.Object, java.lang.Object, java.lang.Object, java.lang.Object, long)'> (0x0000000088784a90) 
thrown [s\src\hotspot\share\interpreter\linkResolver.cpp, line 784]
Event: 9.720 Thread 0x000001a275b6d420 Exception <a 'java/lang/NoSuchMethodError'{0x00000000887949a0}: 'int java.lang.invoke.DelegatingMethodHandle$Holder.reinvoke_L(java.lang.Object, java.lang.Object, java.lang.Object, long, java.lang.Object, java.lang.Object)'> (0x00000000887949a0) 
thrown [s\src\hotspot\share\interpreter\linkResolver.cpp, line 784]
Event: 9.721 Thread 0x000001a275b6d420 Exception <a 'java/lang/NoSuchMethodError'{0x00000000887a41c0}: 'int java.lang.invoke.DelegatingMethodHandle$Holder.reinvoke_L(java.lang.Object, java.lang.Object, java.lang.Object, long, int, int)'> (0x00000000887a41c0) 
thrown [s\src\hotspot\share\interpreter\linkResolver.cpp, line 784]
Event: 9.721 Thread 0x000001a275b6d420 Exception <a 'java/lang/NoSuchMethodError'{0x00000000887b3790}: 'int java.lang.invoke.DelegatingMethodHandle$Holder.reinvoke_L(java.lang.Object, java.lang.Object, java.lang.Object, long, long, long)'> (0x00000000887b3790) 
thrown [s\src\hotspot\share\interpreter\linkResolver.cpp, line 784]
Event: 9.722 Thread 0x000001a275b6d420 Exception <a 'java/lang/NoSuchMethodError'{0x00000000887c2a08}: 'int java.lang.invoke.DelegatingMethodHandle$Holder.reinvoke_L(java.lang.Object, java.lang.Object, java.lang.Object, long, int)'> (0x00000000887c2a08) 
thrown [s\src\hotspot\share\interpreter\linkResolver.cpp, line 784]
Event: 9.724 Thread 0x000001a275b6d420 Exception <a 'java/lang/NoSuchMethodError'{0x00000000887d4b98}: 'long java.lang.invoke.DelegatingMethodHandle$Holder.reinvoke_L(java.lang.Object, java.lang.Object, java.lang.Object, long)'> (0x00000000887d4b98) 
thrown [s\src\hotspot\share\interpreter\linkResolver.cpp, line 784]
Event: 9.724 Thread 0x000001a275b6d420 Exception <a 'java/lang/NoSuchMethodError'{0x00000000887e7e40}: 'void java.lang.invoke.DelegatingMethodHandle$Holder.reinvoke_L(java.lang.Object, java.lang.Object, java.lang.Object, long, java.lang.Object, long, long)'> (0x00000000887e7e40) 
thrown [s\src\hotspot\share\interpreter\linkResolver.cpp, line 784]
Event: 10.162 Thread 0x000001a275b6d420 Exception <a 'java/lang/NoSuchMethodError'{0x00000000867943b0}: 'java.lang.Object java.lang.invoke.DirectMethodHandle$Holder.invokeStatic(java.lang.Object, java.lang.Object, java.lang.Object, java.lang.Object, int, java.lang.Object)'> (0x00000000867943b0) 
thrown [s\src\hotspot\share\interpreter\linkResolver.cpp, line 784]
Event: 10.501 Thread 0x000001a275b6d420 Exception <a 'java/lang/NoSuchMethodError'{0x00000000881a6d40}: 'java.lang.Object java.lang.invoke.Invokers$Holder.invokeExact_MT(java.lang.Object, java.lang.Object, long, java.lang.Object)'> (0x00000000881a6d40) 
thrown [s\src\hotspot\share\interpreter\linkResolver.cpp, line 784]
Event: 10.547 Thread 0x000001a275b6d420 Exception <a 'java/lang/NoSuchMethodError'{0x0000000087ffa240}: 'long java.lang.invoke.DirectMethodHandle$Holder.invokeStatic(java.lang.Object, java.lang.Object, int)'> (0x0000000087ffa240) 
thrown [s\src\hotspot\share\interpreter\linkResolver.cpp, line 784]
Event: 10.547 Thread 0x000001a275b6d420 Exception <a 'java/lang/NoSuchMethodError'{0x0000000087e06c00}: 'java.lang.Object java.lang.invoke.DelegatingMethodHandle$Holder.reinvoke_L(java.lang.Object, int, long, java.lang.Object, java.lang.Object, int, java.lang.Object)'> (0x0000000087e06c00) 
thrown [s\src\hotspot\share\interpreter\linkResolver.cpp, line 784]
Event: 10.572 Thread 0x000001a275b6d420 Implicit null exception at 0x000001a262a250ef to 0x000001a262a25cf4

ZGC Phase Switch (0 events):
No events

VM Operations (20 events):
Event: 9.148 Executing VM operation: HandshakeAllThreads (Deoptimize) done
Event: 9.513 Executing VM operation: G1CollectForAllocation (G1 Evacuation Pause)
Event: 9.519 Executing VM operation: G1CollectForAllocation (G1 Evacuation Pause) done
Event: 9.580 Executing VM operation: G1PauseRemark
Event: 9.585 Executing VM operation: G1PauseRemark done
Event: 9.612 Executing VM operation: G1PauseCleanup
Event: 9.613 Executing VM operation: G1PauseCleanup done
Event: 9.657 Executing VM operation: HandshakeAllThreads (Deoptimize)
Event: 9.657 Executing VM operation: HandshakeAllThreads (Deoptimize) done
Event: 9.784 Executing VM operation: HandshakeAllThreads (Deoptimize)
Event: 9.784 Executing VM operation: HandshakeAllThreads (Deoptimize) done
Event: 9.786 Executing VM operation: HandshakeAllThreads (Deoptimize)
Event: 9.786 Executing VM operation: HandshakeAllThreads (Deoptimize) done
Event: 10.232 Executing VM operation: G1CollectForAllocation (G1 Evacuation Pause)
Event: 10.236 Executing VM operation: G1CollectForAllocation (G1 Evacuation Pause) done
Event: 10.424 Executing VM operation: HandshakeAllThreads (Deoptimize)
Event: 10.424 Executing VM operation: HandshakeAllThreads (Deoptimize) done
Event: 10.465 Executing VM operation: HandshakeAllThreads (Deoptimize)
Event: 10.465 Executing VM operation: HandshakeAllThreads (Deoptimize) done
Event: 10.736 Executing VM operation: G1CollectForAllocation (G1 Evacuation Pause)

Memory protections (0 events):
No events

Nmethod flushes (20 events):
Event: 9.584 Thread 0x000001a26f45c840 flushing  nmethod 0x000001a25ba22090
Event: 9.584 Thread 0x000001a26f45c840 flushing  nmethod 0x000001a25ba22810
Event: 9.584 Thread 0x000001a26f45c840 flushing  nmethod 0x000001a25b824a10
Event: 9.584 Thread 0x000001a26f45c840 flushing  nmethod 0x000001a25b864f10
Event: 9.584 Thread 0x000001a26f45c840 flushing  nmethod 0x000001a25b867390
Event: 9.584 Thread 0x000001a26f45c840 flushing  nmethod 0x000001a25b95bb90
Event: 9.584 Thread 0x000001a26f45c840 flushing  nmethod 0x000001a25b9bde90
Event: 9.584 Thread 0x000001a26f45c840 flushing  nmethod 0x000001a25b9be910
Event: 9.584 Thread 0x000001a26f45c840 flushing  nmethod 0x000001a25b9bed10
Event: 9.584 Thread 0x000001a26f45c840 flushing  nmethod 0x000001a25b9c0510
Event: 9.584 Thread 0x000001a26f45c840 flushing  nmethod 0x000001a25b9c0f10
Event: 9.584 Thread 0x000001a26f45c840 flushing  nmethod 0x000001a25b9c1910
Event: 9.584 Thread 0x000001a26f45c840 flushing  nmethod 0x000001a25b9c1c90
Event: 9.584 Thread 0x000001a26f45c840 flushing  nmethod 0x000001a25b9c2510
Event: 9.584 Thread 0x000001a26f45c840 flushing  nmethod 0x000001a25b9f8e10
Event: 9.584 Thread 0x000001a26f45c840 flushing  nmethod 0x000001a25b9f9310
Event: 9.584 Thread 0x000001a26f45c840 flushing  nmethod 0x000001a25b9f9c90
Event: 9.584 Thread 0x000001a26f45c840 flushing  nmethod 0x000001a25ba7c690
Event: 9.584 Thread 0x000001a26f45c840 flushing  nmethod 0x000001a25baa5510
Event: 9.584 Thread 0x000001a26f45c840 flushing  nmethod 0x000001a25bb5c090

Events (20 events):
Event: 8.420 Thread 0x000001a275b6d420 Thread added: 0x000001a277655a50
Event: 8.420 Thread 0x000001a275b6d420 Thread added: 0x000001a277657490
Event: 8.420 Thread 0x000001a275b6d420 Thread added: 0x000001a2776546a0
Event: 8.421 Thread 0x000001a275b6d420 Thread added: 0x000001a2776553c0
Event: 8.421 Thread 0x000001a275b6d420 Thread added: 0x000001a277657b20
Event: 8.462 Thread 0x000001a275b6d420 Thread added: 0x000001a27765b630
Event: 8.463 Thread 0x000001a275b6d420 Thread added: 0x000001a27765bcc0
Event: 8.464 Thread 0x000001a275b6d420 Thread added: 0x000001a2776560e0
Event: 8.465 Thread 0x000001a275b6d420 Thread added: 0x000001a27765a910
Event: 8.466 Thread 0x000001a275b6d420 Thread added: 0x000001a277656770
Event: 8.467 Thread 0x000001a275b6d420 Thread added: 0x000001a27765afa0
Event: 8.469 Thread 0x000001a275b6d420 Thread added: 0x000001a277659bf0
Event: 8.643 Thread 0x000001a275b6d420 Thread added: 0x000001a277656e00
Event: 8.644 Thread 0x000001a275b6d420 Thread added: 0x000001a2776581b0
Event: 8.644 Thread 0x000001a275b6d420 Thread added: 0x000001a27765a280
Event: 8.644 Thread 0x000001a275b6d420 Thread added: 0x000001a2768e1200
Event: 8.645 Thread 0x000001a275b6d420 Thread added: 0x000001a2768e04e0
Event: 8.645 Thread 0x000001a275b6d420 Thread added: 0x000001a2768deaa0
Event: 8.645 Thread 0x000001a275b6d420 Thread added: 0x000001a2768de410
Event: 10.381 Thread 0x000001a26f6003b0 Thread added: 0x000001a276ec1980


Dynamic libraries:
0x00007ff77fbd0000 - 0x00007ff77fbda000 	D:\Softwares\android studio\jbr\bin\java.exe
0x00007ffc36930000 - 0x00007ffc36b28000 	C:\Windows\SYSTEM32\ntdll.dll
0x00007ffc351a0000 - 0x00007ffc35262000 	C:\Windows\System32\KERNEL32.DLL
0x00007ffc341c0000 - 0x00007ffc344b6000 	C:\Windows\System32\KERNELBASE.dll
0x00007ffc33fc0000 - 0x00007ffc340c0000 	C:\Windows\System32\ucrtbase.dll
0x00007ffc310a0000 - 0x00007ffc310bb000 	D:\Softwares\android studio\jbr\bin\VCRUNTIME140.dll
0x00007ffc31080000 - 0x00007ffc31098000 	D:\Softwares\android studio\jbr\bin\jli.dll
0x00007ffc35490000 - 0x00007ffc3562d000 	C:\Windows\System32\USER32.dll
0x00007ffc34560000 - 0x00007ffc34582000 	C:\Windows\System32\win32u.dll
0x00007ffc20b90000 - 0x00007ffc20e2a000 	C:\Windows\WinSxS\amd64_microsoft.windows.common-controls_6595b64144ccf1df_6.0.19041.5915_none_60b4b9d171f9c7c7\COMCTL32.dll
0x00007ffc362b0000 - 0x00007ffc362db000 	C:\Windows\System32\GDI32.dll
0x00007ffc35270000 - 0x00007ffc3530e000 	C:\Windows\System32\msvcrt.dll
0x00007ffc34830000 - 0x00007ffc34949000 	C:\Windows\System32\gdi32full.dll
0x00007ffc344c0000 - 0x00007ffc3455d000 	C:\Windows\System32\msvcp_win.dll
0x00007ffc34a00000 - 0x00007ffc34a2f000 	C:\Windows\System32\IMM32.DLL
0x00007ffc310c0000 - 0x00007ffc310cc000 	D:\Softwares\android studio\jbr\bin\vcruntime140_1.dll
0x00007ffbdef60000 - 0x00007ffbdefed000 	D:\Softwares\android studio\jbr\bin\msvcp140.dll
0x00007ffbcb3e0000 - 0x00007ffbcc06b000 	D:\Softwares\android studio\jbr\bin\server\jvm.dll
0x00007ffc35650000 - 0x00007ffc35701000 	C:\Windows\System32\ADVAPI32.dll
0x00007ffc35720000 - 0x00007ffc357bf000 	C:\Windows\System32\sechost.dll
0x00007ffc359e0000 - 0x00007ffc35b03000 	C:\Windows\System32\RPCRT4.dll
0x00007ffc34190000 - 0x00007ffc341b7000 	C:\Windows\System32\bcrypt.dll
0x00007ffc357c0000 - 0x00007ffc3582b000 	C:\Windows\System32\WS2_32.dll
0x00007ffc30380000 - 0x00007ffc3038a000 	C:\Windows\SYSTEM32\VERSION.dll
0x00007ffc27510000 - 0x00007ffc27537000 	C:\Windows\SYSTEM32\WINMM.dll
0x00007ffc33500000 - 0x00007ffc3354b000 	C:\Windows\SYSTEM32\POWRPROF.dll
0x00007ffc333c0000 - 0x00007ffc333d2000 	C:\Windows\SYSTEM32\UMPDC.dll
0x00007ffc31e40000 - 0x00007ffc31e52000 	C:\Windows\SYSTEM32\kernel.appcore.dll
0x00007ffc30e30000 - 0x00007ffc30e3a000 	D:\Softwares\android studio\jbr\bin\jimage.dll
0x00007ffc26bb0000 - 0x00007ffc26db1000 	C:\Windows\SYSTEM32\DBGHELP.DLL
0x00007ffc0ea00000 - 0x00007ffc0ea34000 	C:\Windows\SYSTEM32\dbgcore.DLL
0x00007ffc347a0000 - 0x00007ffc34822000 	C:\Windows\System32\bcryptPrimitives.dll
0x00007ffc2e040000 - 0x00007ffc2e04e000 	D:\Softwares\android studio\jbr\bin\instrument.dll
0x00007ffc30e10000 - 0x00007ffc30e30000 	D:\Softwares\android studio\jbr\bin\java.dll
0x00007ffc30df0000 - 0x00007ffc30e08000 	D:\Softwares\android studio\jbr\bin\zip.dll
0x00007ffc34a30000 - 0x00007ffc3519e000 	C:\Windows\System32\SHELL32.dll
0x00007ffc32040000 - 0x00007ffc327e4000 	C:\Windows\SYSTEM32\windows.storage.dll
0x00007ffc36590000 - 0x00007ffc368e3000 	C:\Windows\System32\combase.dll
0x00007ffc339f0000 - 0x00007ffc33a1b000 	C:\Windows\SYSTEM32\Wldp.dll
0x00007ffc35830000 - 0x00007ffc358fd000 	C:\Windows\System32\OLEAUT32.dll
0x00007ffc361a0000 - 0x00007ffc3624d000 	C:\Windows\System32\SHCORE.dll
0x00007ffc360b0000 - 0x00007ffc3610b000 	C:\Windows\System32\shlwapi.dll
0x00007ffc33ef0000 - 0x00007ffc33f15000 	C:\Windows\SYSTEM32\profapi.dll
0x00007ffc30de0000 - 0x00007ffc30df0000 	D:\Softwares\android studio\jbr\bin\net.dll
0x00007ffc2d030000 - 0x00007ffc2d13a000 	C:\Windows\SYSTEM32\WINHTTP.dll
0x00007ffc33750000 - 0x00007ffc337ba000 	C:\Windows\system32\mswsock.dll
0x00007ffc30140000 - 0x00007ffc30156000 	D:\Softwares\android studio\jbr\bin\nio.dll
0x00007ffc2e2b0000 - 0x00007ffc2e2c0000 	D:\Softwares\android studio\jbr\bin\verify.dll
0x00007ffc11300000 - 0x00007ffc11327000 	C:\Users\nimes\.gradle\native\c067742578af261105cb4f569cf0c3c89f3d7b1fecec35dd04571415982c5e48\windows-amd64\native-platform.dll
0x00007ffbddac0000 - 0x00007ffbddc04000 	C:\Users\nimes\.gradle\native\100fb08df4bc3b14c8652ba06237920a3bd2aa13389f12d3474272988ae205f9\windows-amd64\native-platform-file-events.dll
0x00007ffc2ff80000 - 0x00007ffc2ff89000 	D:\Softwares\android studio\jbr\bin\management.dll
0x00007ffc2ff70000 - 0x00007ffc2ff7b000 	D:\Softwares\android studio\jbr\bin\management_ext.dll
0x00007ffc35640000 - 0x00007ffc35648000 	C:\Windows\System32\PSAPI.DLL
0x00007ffc33950000 - 0x00007ffc33968000 	C:\Windows\SYSTEM32\CRYPTSP.dll
0x00007ffc33000000 - 0x00007ffc33038000 	C:\Windows\system32\rsaenh.dll
0x00007ffc33eb0000 - 0x00007ffc33ede000 	C:\Windows\SYSTEM32\USERENV.dll
0x00007ffc33940000 - 0x00007ffc3394c000 	C:\Windows\SYSTEM32\CRYPTBASE.dll
0x00007ffc333e0000 - 0x00007ffc3341b000 	C:\Windows\SYSTEM32\IPHLPAPI.DLL
0x00007ffc35630000 - 0x00007ffc35638000 	C:\Windows\System32\NSI.dll
0x00007ffc2ff90000 - 0x00007ffc2ff99000 	D:\Softwares\android studio\jbr\bin\extnet.dll
0x00007ffc300f0000 - 0x00007ffc300f7000 	C:\Windows\system32\wshunix.dll
0x00007ffc33430000 - 0x00007ffc334fa000 	C:\Windows\SYSTEM32\DNSAPI.dll
0x00007ffc284c0000 - 0x00007ffc284ca000 	C:\Windows\System32\rasadhlp.dll
0x00007ffc288e0000 - 0x00007ffc28960000 	C:\Windows\System32\fwpuclnt.dll

dbghelp: loaded successfully - version: 4.0.5 - missing functions: none
symbol engine: initialized successfully - sym options: 0x614 - pdb path: .;D:\Softwares\android studio\jbr\bin;C:\Windows\SYSTEM32;C:\Windows\WinSxS\amd64_microsoft.windows.common-controls_6595b64144ccf1df_6.0.19041.5915_none_60b4b9d171f9c7c7;D:\Softwares\android studio\jbr\bin\server;C:\Users\nimes\.gradle\native\c067742578af261105cb4f569cf0c3c89f3d7b1fecec35dd04571415982c5e48\windows-amd64;C:\Users\nimes\.gradle\native\100fb08df4bc3b14c8652ba06237920a3bd2aa13389f12d3474272988ae205f9\windows-amd64

VM Arguments:
jvm_args: --add-opens=java.base/java.lang=ALL-UNNAMED --add-opens=java.base/java.lang.invoke=ALL-UNNAMED --add-opens=java.base/java.util=ALL-UNNAMED --add-opens=java.prefs/java.util.prefs=ALL-UNNAMED --add-exports=jdk.compiler/com.sun.tools.javac.api=ALL-UNNAMED --add-exports=jdk.compiler/com.sun.tools.javac.util=ALL-UNNAMED --add-opens=java.base/java.util=ALL-UNNAMED --add-opens=java.prefs/java.util.prefs=ALL-UNNAMED --add-opens=java.base/java.nio.charset=ALL-UNNAMED --add-opens=java.base/java.net=ALL-UNNAMED --add-opens=java.base/java.util.concurrent.atomic=ALL-UNNAMED --add-opens=java.xml/javax.xml.namespace=ALL-UNNAMED -Xmx2048m -Dfile.encoding=UTF-8 -Duser.country=US -Duser.language=en -Duser.variant -javaagent:C:\Users\nimes\.gradle\wrapper\dists\gradle-8.11.1-bin\bpt9gzteqjrbo1mjrsomdt32c\gradle-8.11.1\lib\agents\gradle-instrumentation-agent-8.11.1.jar 
java_command: org.gradle.launcher.daemon.bootstrap.GradleDaemon 8.11.1
java_class_path (initial): C:\Users\nimes\.gradle\wrapper\dists\gradle-8.11.1-bin\bpt9gzteqjrbo1mjrsomdt32c\gradle-8.11.1\lib\gradle-daemon-main-8.11.1.jar
Launcher Type: SUN_STANDARD

[Global flags]
     intx CICompilerCount                          = 4                                         {product} {ergonomic}
     uint ConcGCThreads                            = 2                                         {product} {ergonomic}
     uint G1ConcRefinementThreads                  = 8                                         {product} {ergonomic}
   size_t G1HeapRegionSize                         = 1048576                                   {product} {ergonomic}
    uintx GCDrainStackTargetSize                   = 64                                        {product} {ergonomic}
   size_t InitialHeapSize                          = 132120576                                 {product} {ergonomic}
   size_t MarkStackSize                            = 4194304                                   {product} {ergonomic}
   size_t MaxHeapSize                              = 2147483648                                {product} {command line}
   size_t MaxNewSize                               = 1287651328                                {product} {ergonomic}
   size_t MinHeapDeltaBytes                        = 1048576                                   {product} {ergonomic}
   size_t MinHeapSize                              = 8388608                                   {product} {ergonomic}
    uintx NonNMethodCodeHeapSize                   = 5839372                                {pd product} {ergonomic}
    uintx NonProfiledCodeHeapSize                  = 122909434                              {pd product} {ergonomic}
    uintx ProfiledCodeHeapSize                     = 122909434                              {pd product} {ergonomic}
    uintx ReservedCodeCacheSize                    = 251658240                              {pd product} {ergonomic}
     bool SegmentedCodeCache                       = true                                      {product} {ergonomic}
   size_t SoftMaxHeapSize                          = 2147483648                             {manageable} {ergonomic}
     bool UseCompressedOops                        = true                           {product lp64_product} {ergonomic}
     bool UseG1GC                                  = true                                      {product} {ergonomic}
     bool UseLargePagesIndividualAllocation        = false                                  {pd product} {ergonomic}

Logging:
Log output configuration:
 #0: stdout all=warning uptime,level,tags foldmultilines=false
 #1: stderr all=off uptime,level,tags foldmultilines=false

Environment Variables:
JAVA_HOME=C:\Program Files\Java
PATH=C:\Program Files\Common Files\Oracle\Java\javapath;c:\users\nimes\appdata\roaming\microsoft\windows\start menu\programs\python 3.12;c:\windows\system32;c:\windows;c:\windows\system32\wbem;c:\windows\system32\windowspowershell\v1.0\;c:\windows\system32\openssh\;c:\program files\dotnet\;c:\program files\microsoft sql server\150\tools\binn\;c:\program files\microsoft sql server\client sdk\odbc\170\tools\binn\;c:\programdata\chocolatey\bin;C:\Program Files (x86)\NVIDIA Corporation\PhysX\Common;C:\Program Files\Git\cmd;C:\Program Files\NVIDIA Corporation\NVIDIA App\NvDLISR;C:\Program Files\MySQL\MySQL Shell 8.0\bin\;C:\Users\nimes\AppData\Local\Programs\Python\Launcher\;C:\Users\nimes\AppData\Local\Microsoft\WindowsApps;D:\Softwares\Microsoft VS Code\bin;C:\Users\nimes\.dotnet\tools;C:\Users\nimes\AppData\Local\GitHubDesktop\bin;D:\Softwares\IntelliJ\IntelliJ IDEA Community Edition 2025.1.2\bin;
USERNAME=nimes
OS=Windows_NT
PROCESSOR_IDENTIFIER=Intel64 Family 6 Model 158 Stepping 13, GenuineIntel
TMP=C:\Users\nimes\AppData\Local\Temp
TEMP=C:\Users\nimes\AppData\Local\Temp




Periodic native trim disabled

JNI global refs:
JNI global refs: 29, weak refs: 7

JNI global refs memory usage: 835, weak refs: 833

Process memory usage:
Resident Set Size: 413688K (5% of 8229260K total physical memory with 415064K free physical memory)

OOME stack traces (most recent first):
Classloader memory used:
Loader org.gradle.internal.classloader.VisitableURLClassLoader                         : 51975K
Loader bootstrap                                                                       : 28293K
Loader org.gradle.initialization.MixInLegacyTypesClassLoader                           : 12226K
Loader org.gradle.internal.classloader.VisitableURLClassLoader                         : 924K
Loader jdk.internal.loader.ClassLoaders$PlatformClassLoader                            : 779K
Loader org.gradle.internal.classloader.VisitableURLClassLoader$InstrumentingVisitableURLClassLoader: 719K
Loader jdk.internal.reflect.DelegatingClassLoader                                      : 267K
Loader jdk.internal.loader.ClassLoaders$AppClassLoader                                 : 235K
Loader jdk.internal.jrtfs.JrtFileSystemProvider$JrtFsLoader                            : 215K
Loader org.gradle.groovy.scripts.internal.DefaultScriptCompilationHandler$ScriptClassLoader: 90672B
Loader org.codehaus.groovy.runtime.callsite.CallSiteClassLoader                        : 49592B

Classes loaded by more than one classloader:
Class org.gradle.api.GradleException                                                  : loaded 3 times (x 78B)
Class Program                                                                         : loaded 3 times (x 68B)
Class jdk.internal.jimage.BasicImageReader                                            : loaded 2 times (x 91B)
Class org.gradle.internal.classloader.ClassLoaderHierarchy                            : loaded 2 times (x 66B)
Class org.gradle.api.internal.classpath.ManifestUtil                                  : loaded 2 times (x 67B)
Class org.jetbrains.plugins.gradle.model.GradleExtensions                             : loaded 2 times (x 66B)
Class org.jetbrains.plugins.gradle.model.AnnotationProcessingModel                    : loaded 2 times (x 66B)
Class org.gradle.internal.operations.MultipleBuildOperationFailures                   : loaded 2 times (x 91B)
Class org.jetbrains.kotlin.idea.gradleTooling.model.noarg.NoArgModel                  : loaded 2 times (x 66B)
Class org.gradle.internal.classloader.DefaultClassLoaderFactory                       : loaded 2 times (x 78B)
Class kotlin.collections.AbstractList$Companion                                       : loaded 2 times (x 67B)
Class org.gradle.internal.classloader.ClassLoaderVisitor                              : loaded 2 times (x 72B)
Class org.gradle.api.internal.classpath.EffectiveClassPath                            : loaded 2 times (x 86B)
Class org.gradle.tooling.internal.gradle.DefaultProjectIdentifier                     : loaded 2 times (x 82B)
Class org.jetbrains.kotlin.idea.gradleTooling.model.allopen.AllOpenModel              : loaded 2 times (x 66B)
Class org.gradle.api.internal.DefaultClassPathProvider                                : loaded 2 times (x 72B)
Class [Lorg.gradle.api.internal.ClassPathProvider;                                    : loaded 2 times (x 65B)
Class org.gradle.api.internal.ClassPathProvider                                       : loaded 2 times (x 66B)
Class jdk.internal.jrtfs.SystemImage                                                  : loaded 2 times (x 70B)
Class org.gradle.internal.service.UnknownServiceException                             : loaded 2 times (x 79B)
Class org.jetbrains.kotlin.idea.gradleTooling.KotlinDslScriptAdditionalTask           : loaded 2 times (x 66B)
Class org.gradle.internal.classpath.TransformedClassPath                              : loaded 2 times (x 92B)
Class org.gradle.internal.classloader.InstrumentingClassLoader                        : loaded 2 times (x 66B)
Class jdk.internal.jrtfs.SystemImage$1                                                : loaded 2 times (x 74B)
Class kotlin.enums.EnumEntriesList                                                    : loaded 2 times (x 219B)
Class org.gradle.internal.classloader.FilteringClassLoader                            : loaded 2 times (x 101B)
Class org.jetbrains.kotlin.idea.gradleTooling.KotlinSourceSetContainer                : loaded 2 times (x 66B)
Class org.jetbrains.plugins.gradle.model.IntelliJSettings                             : loaded 2 times (x 66B)
Class org.gradle.internal.service.ServiceLocator                                      : loaded 2 times (x 66B)
Class jdk.internal.jrtfs.JrtFileSystemProvider                                        : loaded 2 times (x 97B)
Class org.jetbrains.kotlin.android.synthetic.idea.AndroidExtensionsGradleModel        : loaded 2 times (x 66B)
Class org.gradle.tooling.model.UnsupportedMethodException                             : loaded 2 times (x 78B)
Class ijInit1_bssjceq2tfggam4tvkk9rpyt0                                               : loaded 2 times (x 175B)
Class jdk.internal.jrtfs.JrtDirectoryStream$1                                         : loaded 2 times (x 79B)
Class org.gradle.internal.InternalTransformer                                         : loaded 2 times (x 66B)
Class org.gradle.internal.time.DefaultTimer                                           : loaded 2 times (x 76B)
Class org.gradle.internal.classloader.ClasspathUtil$1                                 : loaded 2 times (x 72B)
Class org.gradle.api.internal.classpath.DefaultModuleRegistry$DefaultModule           : loaded 2 times (x 82B)
Class org.jetbrains.kotlin.idea.gradleTooling.model.lombok.LombokModel                : loaded 2 times (x 66B)
Class org.gradle.internal.time.DefaultCountdownTimer                                  : loaded 2 times (x 84B)
Class org.gradle.tooling.internal.gradle.DefaultBuildIdentifier                       : loaded 2 times (x 75B)
Class kotlin.Function                                                                 : loaded 2 times (x 66B)
Class org.gradle.api.internal.classpath.Module                                        : loaded 2 times (x 66B)
Class org.gradle.api.internal.classpath.UnknownModuleException                        : loaded 2 times (x 78B)
Class jdk.internal.jimage.ImageHeader                                                 : loaded 2 times (x 67B)
Class com.intellij.openapi.externalSystem.model.project.dependencies.ProjectDependencies: loaded 2 times (x 66B)
Class org.gradle.tooling.internal.gradle.GradleProjectIdentity                        : loaded 2 times (x 66B)
Class org.gradle.api.internal.DefaultClassPathRegistry                                : loaded 2 times (x 72B)
Class org.gradle.api.internal.ClassPathRegistry                                       : loaded 2 times (x 66B)
Class org.gradle.internal.classpath.DefaultClassPath$ImmutableUniqueList              : loaded 2 times (x 195B)
Class jdk.internal.jrtfs.SystemImage$2                                                : loaded 2 times (x 72B)
Class Settings_gradle$1                                                               : loaded 2 times (x 70B)
Class org.gradle.internal.classpath.ClassPath                                         : loaded 2 times (x 66B)
Class org.gradle.api.UncheckedIOException                                             : loaded 2 times (x 78B)
Class org.jetbrains.kotlin.idea.gradleTooling.KotlinGradleModel                       : loaded 2 times (x 66B)
Class jdk.internal.jimage.ImageStringsReader                                          : loaded 2 times (x 76B)
Class org.gradle.tooling.model.Model                                                  : loaded 2 times (x 66B)
Class kotlin.UninitializedPropertyAccessException                                     : loaded 2 times (x 78B)
Class jdk.internal.jimage.ImageReader                                                 : loaded 2 times (x 71B)
Class org.jetbrains.kotlin.idea.gradleTooling.model.annotation.AnnotationBasedPluginModel: loaded 2 times (x 66B)
Class org.jetbrains.plugins.gradle.model.IntelliJProjectSettings                      : loaded 2 times (x 66B)
Class jdk.internal.jimage.ImageReader$SharedImageReader                               : loaded 2 times (x 91B)
Class org.gradle.internal.installation.GradleInstallation$1                           : loaded 2 times (x 71B)
Class org.gradle.api.internal.classpath.ModuleRegistry                                : loaded 2 times (x 66B)
Class org.jetbrains.plugins.gradle.model.VersionCatalogsModel                         : loaded 2 times (x 66B)
Class jdk.internal.jimage.ImageReader$Node                                            : loaded 2 times (x 80B)
Class org.gradle.api.internal.classpath.DefaultModuleRegistry                         : loaded 2 times (x 82B)
Class jdk.internal.jimage.BasicImageReader$1                                          : loaded 2 times (x 73B)
Class jdk.internal.jimage.decompressor.Decompressor                                   : loaded 2 times (x 68B)
Class jdk.internal.jimage.ImageReader$Resource                                        : loaded 2 times (x 80B)
Class org.gradle.internal.time.MonotonicClock                                         : loaded 2 times (x 73B)
Class org.gradle.internal.service.ServiceLookupException                              : loaded 2 times (x 78B)
Class org.gradle.internal.classloader.ClassLoaderFactory                              : loaded 2 times (x 66B)
Class org.gradle.internal.service.CachingServiceLocator                               : loaded 2 times (x 78B)
Class org.jetbrains.plugins.gradle.model.RepositoryModels                             : loaded 2 times (x 66B)
Class org.gradle.internal.time.TimeSource                                             : loaded 2 times (x 66B)
Class org.gradle.tooling.internal.gradle.GradleBuildIdentity                          : loaded 2 times (x 66B)
Class kotlin.enums.EnumEntries                                                        : loaded 2 times (x 66B)
Class org.gradle.internal.exceptions.ResolutionProvider                               : loaded 2 times (x 66B)
Class jdk.internal.jrtfs.JrtPath                                                      : loaded 2 times (x 114B)
Class org.gradle.tooling.model.ProjectIdentifier                                      : loaded 2 times (x 66B)
Class org.gradle.internal.classloader.ClasspathUtil                                   : loaded 2 times (x 67B)
Class org.gradle.internal.time.TimeSource$1                                           : loaded 2 times (x 73B)
Class kotlin.jvm.internal.DefaultConstructorMarker                                    : loaded 2 times (x 67B)
Class org.gradle.api.specs.Spec                                                       : loaded 2 times (x 66B)
Class org.gradle.internal.time.Clock                                                  : loaded 2 times (x 66B)
Class jdk.internal.jimage.ImageReader$Directory                                       : loaded 2 times (x 80B)
Class kotlin.collections.AbstractList                                                 : loaded 2 times (x 193B)
Class kotlin.collections.AbstractCollection                                           : loaded 2 times (x 113B)
Class org.gradle.internal.classloader.VisitableURLClassLoader$InstrumentingVisitableURLClassLoader: loaded 2 times (x 119B)
Class org.gradle.internal.classloader.VisitableURLClassLoader$Spec                    : loaded 2 times (x 70B)
Class org.gradle.internal.classpath.DefaultClassPath                                  : loaded 2 times (x 86B)
Class org.gradle.internal.classloader.ClassLoaderSpec                                 : loaded 2 times (x 67B)
Class Settings_gradle$1$1                                                             : loaded 2 times (x 70B)
Class kotlin.Unit                                                                     : loaded 2 times (x 67B)
Class org.gradle.internal.classloader.VisitableURLClassLoader                         : loaded 2 times (x 113B)
Class Settings_gradle                                                                 : loaded 2 times (x 124B)
Class org.gradle.internal.Cast                                                        : loaded 2 times (x 67B)
Class org.gradle.api.Action                                                           : loaded 2 times (x 66B)
Class kotlin.jvm.functions.Function1                                                  : loaded 2 times (x 66B)
Class org.gradle.internal.classpath.DefaultClassPath$ImmutableUniqueList$Builder      : loaded 2 times (x 71B)
Class org.jetbrains.kotlin.idea.gradleTooling.model.samWithReceiver.SamWithReceiverModel: loaded 2 times (x 66B)
Class kotlin.NotImplementedError                                                      : loaded 2 times (x 78B)
Class org.gradle.internal.exceptions.NonGradleCauseExceptionsHolder                   : loaded 2 times (x 66B)
Class jdk.internal.jimage.ImageStrings                                                : loaded 2 times (x 66B)
Class org.jetbrains.plugins.gradle.tooling.ModelBuilderService$Parameter              : loaded 2 times (x 66B)
Class org.jetbrains.kotlin.idea.gradleTooling.model.assignment.AssignmentModel        : loaded 2 times (x 66B)
Class kotlin.enums.EnumEntriesKt                                                      : loaded 2 times (x 67B)
Class org.gradle.internal.IoActions                                                   : loaded 2 times (x 67B)
Class sync_studio_tooling10_e9ngfnf3q8uov263mhvg4gmaf                                 : loaded 2 times (x 175B)
Class org.gradle.internal.classloader.SystemClassLoaderSpec                           : loaded 2 times (x 67B)
Class org.gradle.internal.exceptions.MultiCauseException                              : loaded 2 times (x 66B)
Class org.gradle.internal.time.CountdownTimer                                         : loaded 2 times (x 66B)
Class kotlin.jvm.internal.Intrinsics                                                  : loaded 2 times (x 67B)
Class jdk.internal.jrtfs.JrtFileSystem                                                : loaded 2 times (x 98B)
Class org.jetbrains.kotlin.idea.gradleTooling.model.parcelize.ParcelizeGradleModel    : loaded 2 times (x 66B)
Class org.gradle.tooling.model.ProjectModel                                           : loaded 2 times (x 66B)
Class kotlin.KotlinNullPointerException                                               : loaded 2 times (x 79B)
Class org.jetbrains.plugins.gradle.model.tests.ExternalTestsModel                     : loaded 2 times (x 66B)
Class org.gradle.internal.exceptions.DefaultMultiCauseException                       : loaded 2 times (x 91B)
Class org.gradle.internal.time.Time                                                   : loaded 2 times (x 67B)
Class org.jetbrains.plugins.gradle.model.DependencyAccessorsModel                     : loaded 2 times (x 66B)
Class org.gradle.api.internal.classpath.GlobalCacheRootsProvider                      : loaded 2 times (x 66B)
Class org.jetbrains.kotlin.idea.gradleTooling.KotlinMPPGradleModel                    : loaded 2 times (x 66B)
Class org.gradle.tooling.model.BuildIdentifier                                        : loaded 2 times (x 66B)
Class org.jetbrains.kotlin.idea.gradleTooling.PrepareKotlinIdeImportTaskModel         : loaded 2 times (x 66B)
Class org.gradle.internal.time.Timer                                                  : loaded 2 times (x 66B)
Class kotlin.jvm.internal.markers.KMappedMarker                                       : loaded 2 times (x 66B)
Class org.gradle.internal.installation.CurrentGradleInstallationLocator               : loaded 2 times (x 67B)
Class org.gradle.internal.service.DefaultServiceLocator                               : loaded 2 times (x 79B)
Class jdk.internal.jrtfs.JrtDirectoryStream                                           : loaded 2 times (x 85B)
Class org.gradle.util.GradleVersion                                                   : loaded 2 times (x 79B)
Class org.gradle.internal.installation.CurrentGradleInstallation                      : loaded 2 times (x 69B)
Class org.jetbrains.plugins.gradle.javaModel.JavaGradleManifestModel                  : loaded 2 times (x 66B)
Class org.gradle.util.internal.GUtil                                                  : loaded 2 times (x 67B)
Class org.gradle.internal.installation.GradleInstallation                             : loaded 2 times (x 71B)

---------------  S Y S T E M  ---------------

OS:
 Windows 10 , 64 bit Build 19041 (10.0.19041.5915)
OS uptime: 0 days 10:34 hours

CPU: total 8 (initial active 8) (4 cores per cpu, 2 threads per core) family 6 model 158 stepping 13 microcode 0xb8, cx8, cmov, fxsr, ht, mmx, 3dnowpref, sse, sse2, sse3, ssse3, sse4.1, sse4.2, popcnt, lzcnt, tsc, tscinvbit, avx, avx2, aes, erms, clmul, bmi1, bmi2, adx, fma, vzeroupper, clflush, clflushopt, rdtscp, f16c
Processor Information for the first 8 processors :
  Max Mhz: 2401, Current Mhz: 2400, Mhz Limit: 2376

Memory: 4k page, system-wide physical 8036M (403M free)
TotalPageFile size 23218M (AvailPageFile size 5M)
current process WorkingSet (physical memory assigned to process): 404M, peak: 404M
current process commit charge ("private bytes"): 440M, peak: 441M

vm_info: OpenJDK 64-Bit Server VM (21.0.6+-13355223-b631.42) for windows-amd64 JRE (21.0.6+-13355223-b631.42), built on 2025-04-14T18:21:23Z by "builder" with MS VC++ 16.10 / 16.11 (VS2019)

END.
