#
# There is insufficient memory for the Java Runtime Environment to continue.
# Native memory allocation (malloc) failed to allocate 616896 bytes. Error detail: Chunk::new
# Possible reasons:
#   The system is out of physical RAM or swap space
#   This process is running with CompressedOops enabled, and the Java Heap may be blocking the growth of the native heap
# Possible solutions:
#   Reduce memory load on the system
#   Increase physical memory or swap space
#   Check if swap backing store is full
#   Decrease Java heap size (-Xmx/-Xms)
#   Decrease number of Java threads
#   Decrease Java thread stack sizes (-Xss)
#   Set larger code cache with -XX:ReservedCodeCacheSize=
#   JVM is running with Unscaled Compressed Oops mode in which the Java heap is
#     placed in the first 4GB address space. The Java Heap base address is the
#     maximum limit for the native heap growth. Please use -XX:HeapBaseMinAddress
#     to set the Java Heap base and to place the Java Heap above 4GB virtual address.
# This output file may be truncated or incomplete.
#
#  Out of Memory Error (arena.cpp:168), pid=10004, tid=3172
#
# JRE version: OpenJDK Runtime Environment (21.0.6) (build 21.0.6+-13355223-b631.42)
# Java VM: OpenJDK 64-Bit Server VM (21.0.6+-13355223-b631.42, mixed mode, tiered, compressed oops, compressed class ptrs, g1 gc, windows-amd64)
# No core dump will be written. Minidumps are not enabled by default on client versions of Windows
#

---------------  S U M M A R Y ------------

Command Line: --add-opens=java.base/java.lang=ALL-UNNAMED --add-opens=java.base/java.lang.invoke=ALL-UNNAMED --add-opens=java.base/java.util=ALL-UNNAMED --add-opens=java.prefs/java.util.prefs=ALL-UNNAMED --add-exports=jdk.compiler/com.sun.tools.javac.api=ALL-UNNAMED --add-exports=jdk.compiler/com.sun.tools.javac.util=ALL-UNNAMED --add-opens=java.base/java.util=ALL-UNNAMED --add-opens=java.prefs/java.util.prefs=ALL-UNNAMED --add-opens=java.base/java.nio.charset=ALL-UNNAMED --add-opens=java.base/java.net=ALL-UNNAMED --add-opens=java.base/java.util.concurrent.atomic=ALL-UNNAMED --add-opens=java.xml/javax.xml.namespace=ALL-UNNAMED -Xmx2048m -Dfile.encoding=UTF-8 -Duser.country=US -Duser.language=en -Duser.variant -javaagent:C:\Users\nimes\.gradle\wrapper\dists\gradle-8.11.1-bin\bpt9gzteqjrbo1mjrsomdt32c\gradle-8.11.1\lib\agents\gradle-instrumentation-agent-8.11.1.jar org.gradle.launcher.daemon.bootstrap.GradleDaemon 8.11.1

Host: Intel(R) Core(TM) i5-9300H CPU @ 2.40GHz, 8 cores, 7G,  Windows 10 , 64 bit Build 19041 (10.0.19041.5915)
Time: Sun Jun 22 18:19:10 2025 Sri Lanka Standard Time elapsed time: 6.434529 seconds (0d 0h 0m 6s)

---------------  T H R E A D  ---------------

Current thread (0x0000012e2e1c21e0):  JavaThread "C2 CompilerThread0" daemon [_thread_in_native, id=3172, stack(0x0000002085700000,0x0000002085800000) (1024K)]


Current CompileTask:
C2:6434 5000       4       org.objectweb.asm.SymbolTable::addConstantMemberReference (147 bytes)

Stack: [0x0000002085700000,0x0000002085800000]
Native frames: (J=compiled Java code, j=interpreted, Vv=VM code, C=native code)
V  [jvm.dll+0x6d05a9]
V  [jvm.dll+0x85ea73]
V  [jvm.dll+0x860fce]
V  [jvm.dll+0x8616b3]
V  [jvm.dll+0x27e6e6]
V  [jvm.dll+0xbff6d]
V  [jvm.dll+0xc04a3]
V  [jvm.dll+0x3b616b]
V  [jvm.dll+0x1de872]
V  [jvm.dll+0x247dd4]
V  [jvm.dll+0x247251]
V  [jvm.dll+0x1c5f04]
V  [jvm.dll+0x2569ac]
V  [jvm.dll+0x254ef6]
V  [jvm.dll+0x3f0e56]
V  [jvm.dll+0x806e48]
V  [jvm.dll+0x6cee7d]
C  [ucrtbase.dll+0x21bb2]
C  [KERNEL32.DLL+0x17374]
C  [ntdll.dll+0x4cc91]


---------------  P R O C E S S  ---------------

Threads class SMR info:
_java_thread_list=0x0000012e36066cd0, length=42, elements={
0x0000012e169119f0, 0x0000012e2e1b1c10, 0x0000012e2e1bcbb0, 0x0000012e2e1d3d20,
0x0000012e2e1d4770, 0x0000012e2e1bea00, 0x0000012e2e1bf450, 0x0000012e2e1c21e0,
0x0000012e2e1dcde0, 0x0000012e2e2f01d0, 0x0000012e2e4cf1c0, 0x0000012e34299440,
0x0000012e34390010, 0x0000012e34204540, 0x0000012e341e02d0, 0x0000012e341e0930,
0x0000012e342b0170, 0x0000012e342bf820, 0x0000012e34328570, 0x0000012e3432cbd0,
0x0000012e3432b190, 0x0000012e3432b820, 0x0000012e3432beb0, 0x0000012e3432df80,
0x0000012e3432e610, 0x0000012e3432d8f0, 0x0000012e3432d260, 0x0000012e3432c540,
0x0000012e363a0280, 0x0000012e3639db20, 0x0000012e3639e1b0, 0x0000012e363a29e0,
0x0000012e3639c770, 0x0000012e3639eed0, 0x0000012e3639fbf0, 0x0000012e363a0910,
0x0000012e363a0fa0, 0x0000012e3639c0e0, 0x0000012e363a1630, 0x0000012e3639ce00,
0x0000012e3639e840, 0x0000012e3639f560
}

Java Threads: ( => current thread )
  0x0000012e169119f0 JavaThread "main"                              [_thread_blocked, id=3196, stack(0x0000002084900000,0x0000002084a00000) (1024K)]
  0x0000012e2e1b1c10 JavaThread "Reference Handler"          daemon [_thread_blocked, id=11904, stack(0x0000002085100000,0x0000002085200000) (1024K)]
  0x0000012e2e1bcbb0 JavaThread "Finalizer"                  daemon [_thread_blocked, id=4996, stack(0x0000002085200000,0x0000002085300000) (1024K)]
  0x0000012e2e1d3d20 JavaThread "Signal Dispatcher"          daemon [_thread_blocked, id=2240, stack(0x0000002085300000,0x0000002085400000) (1024K)]
  0x0000012e2e1d4770 JavaThread "Attach Listener"            daemon [_thread_blocked, id=7716, stack(0x0000002085400000,0x0000002085500000) (1024K)]
  0x0000012e2e1bea00 JavaThread "Service Thread"             daemon [_thread_blocked, id=7692, stack(0x0000002085500000,0x0000002085600000) (1024K)]
  0x0000012e2e1bf450 JavaThread "Monitor Deflation Thread"   daemon [_thread_blocked, id=10104, stack(0x0000002085600000,0x0000002085700000) (1024K)]
=>0x0000012e2e1c21e0 JavaThread "C2 CompilerThread0"         daemon [_thread_in_native, id=3172, stack(0x0000002085700000,0x0000002085800000) (1024K)]
  0x0000012e2e1dcde0 JavaThread "C1 CompilerThread0"         daemon [_thread_blocked, id=8128, stack(0x0000002085800000,0x0000002085900000) (1024K)]
  0x0000012e2e2f01d0 JavaThread "Common-Cleaner"             daemon [_thread_blocked, id=12608, stack(0x0000002085900000,0x0000002085a00000) (1024K)]
  0x0000012e2e4cf1c0 JavaThread "Notification Thread"        daemon [_thread_blocked, id=9828, stack(0x0000002085a00000,0x0000002085b00000) (1024K)]
  0x0000012e34299440 JavaThread "Daemon health stats"               [_thread_blocked, id=12844, stack(0x0000002086200000,0x0000002086300000) (1024K)]
  0x0000012e34390010 JavaThread "Incoming local TCP Connector on port 60883"        [_thread_in_native, id=13748, stack(0x0000002086300000,0x0000002086400000) (1024K)]
  0x0000012e34204540 JavaThread "Daemon periodic checks"            [_thread_blocked, id=12144, stack(0x0000002086400000,0x0000002086500000) (1024K)]
  0x0000012e341e02d0 JavaThread "Daemon"                            [_thread_blocked, id=15124, stack(0x0000002086100000,0x0000002086200000) (1024K)]
  0x0000012e341e0930 JavaThread "Handler for socket connection from /127.0.0.1:60883 to /127.0.0.1:60884"        [_thread_in_native, id=10936, stack(0x0000002086500000,0x0000002086600000) (1024K)]
  0x0000012e342b0170 JavaThread "Cancel handler"                    [_thread_blocked, id=11964, stack(0x0000002086600000,0x0000002086700000) (1024K)]
  0x0000012e342bf820 JavaThread "Daemon worker"                     [_thread_in_vm, id=8876, stack(0x0000002086700000,0x0000002086800000) (1024K)]
  0x0000012e34328570 JavaThread "Asynchronous log dispatcher for DefaultDaemonConnection: socket connection from /127.0.0.1:60883 to /127.0.0.1:60884"        [_thread_blocked, id=13584, stack(0x0000002086800000,0x0000002086900000) (1024K)]
  0x0000012e3432cbd0 JavaThread "Stdin handler"                     [_thread_blocked, id=11800, stack(0x0000002086900000,0x0000002086a00000) (1024K)]
  0x0000012e3432b190 JavaThread "Daemon client event forwarder"        [_thread_blocked, id=14252, stack(0x0000002086a00000,0x0000002086b00000) (1024K)]
  0x0000012e3432b820 JavaThread "Cache worker for journal cache (C:\Users\nimes\.gradle\caches\journal-1)"        [_thread_blocked, id=14136, stack(0x0000002086d00000,0x0000002086e00000) (1024K)]
  0x0000012e3432beb0 JavaThread "File lock request listener"        [_thread_in_native, id=5380, stack(0x0000002086e00000,0x0000002086f00000) (1024K)]
  0x0000012e3432df80 JavaThread "Cache worker for file hash cache (C:\Users\nimes\.gradle\caches\8.11.1\fileHashes)"        [_thread_blocked, id=9148, stack(0x0000002086f00000,0x0000002087000000) (1024K)]
  0x0000012e3432e610 JavaThread "Cache worker for file content cache (C:\Users\nimes\.gradle\caches\8.11.1\fileContent)"        [_thread_blocked, id=1192, stack(0x0000002087100000,0x0000002087200000) (1024K)]
  0x0000012e3432d8f0 JavaThread "Cache worker for file hash cache (E:\OUSL\ousl works\android app dev\Fitness app final project\Test\.gradle\8.11.1\fileHashes)"        [_thread_blocked, id=15352, stack(0x0000002087200000,0x0000002087300000) (1024K)]
  0x0000012e3432d260 JavaThread "Cache worker for Build Output Cleanup Cache (E:\OUSL\ousl works\android app dev\Fitness app final project\Test\.gradle\buildOutputCleanup)"        [_thread_blocked, id=11756, stack(0x0000002087300000,0x0000002087400000) (1024K)]
  0x0000012e3432c540 JavaThread "File watcher server"        daemon [_thread_in_native, id=888, stack(0x0000002087400000,0x0000002087500000) (1024K)]
  0x0000012e363a0280 JavaThread "File watcher consumer"      daemon [_thread_blocked, id=12784, stack(0x0000002087500000,0x0000002087600000) (1024K)]
  0x0000012e3639db20 JavaThread "jar transforms"                    [_thread_blocked, id=3236, stack(0x0000002087600000,0x0000002087700000) (1024K)]
  0x0000012e3639e1b0 JavaThread "jar transforms Thread 2"           [_thread_blocked, id=2900, stack(0x0000002087700000,0x0000002087800000) (1024K)]
  0x0000012e363a29e0 JavaThread "jar transforms Thread 3"           [_thread_blocked, id=11808, stack(0x0000002087800000,0x0000002087900000) (1024K)]
  0x0000012e3639c770 JavaThread "jar transforms Thread 4"           [_thread_blocked, id=11776, stack(0x0000002087900000,0x0000002087a00000) (1024K)]
  0x0000012e3639eed0 JavaThread "jar transforms Thread 5"           [_thread_blocked, id=9116, stack(0x0000002087a00000,0x0000002087b00000) (1024K)]
  0x0000012e3639fbf0 JavaThread "jar transforms Thread 6"           [_thread_blocked, id=12552, stack(0x0000002087b00000,0x0000002087c00000) (1024K)]
  0x0000012e363a0910 JavaThread "jar transforms Thread 7"           [_thread_blocked, id=14156, stack(0x0000002087c00000,0x0000002087d00000) (1024K)]
  0x0000012e363a0fa0 JavaThread "jar transforms Thread 8"           [_thread_blocked, id=11568, stack(0x0000002087d00000,0x0000002087e00000) (1024K)]
  0x0000012e3639c0e0 JavaThread "Cache worker for checksums cache (E:\OUSL\ousl works\android app dev\Fitness app final project\Test\.gradle\8.11.1\checksums)"        [_thread_blocked, id=11300, stack(0x0000002087e00000,0x0000002087f00000) (1024K)]
  0x0000012e363a1630 JavaThread "Cache worker for cache directory md-rule (C:\Users\nimes\.gradle\caches\8.11.1\md-rule)"        [_thread_blocked, id=9244, stack(0x0000002087f00000,0x0000002088000000) (1024K)]
  0x0000012e3639ce00 JavaThread "Cache worker for cache directory md-supplier (C:\Users\nimes\.gradle\caches\8.11.1\md-supplier)"        [_thread_blocked, id=14732, stack(0x0000002088000000,0x0000002088100000) (1024K)]
  0x0000012e3639e840 JavaThread "Unconstrained build operations"        [_thread_blocked, id=15180, stack(0x0000002088100000,0x0000002088200000) (1024K)]
  0x0000012e3639f560 JavaThread "Unconstrained build operations Thread 2"        [_thread_blocked, id=12232, stack(0x0000002088200000,0x0000002088300000) (1024K)]
Total: 42

Other Threads:
  0x0000012e2e02a560 VMThread "VM Thread"                           [id=9964, stack(0x0000002085000000,0x0000002085100000) (1024K)]
  0x0000012e2df95a10 WatcherThread "VM Periodic Task Thread"        [id=9532, stack(0x0000002084f00000,0x0000002085000000) (1024K)]
  0x0000012e16968a50 WorkerThread "GC Thread#0"                     [id=14456, stack(0x0000002084a00000,0x0000002084b00000) (1024K)]
  0x0000012e2e7ac270 WorkerThread "GC Thread#1"                     [id=9832, stack(0x0000002085c00000,0x0000002085d00000) (1024K)]
  0x0000012e2e989d60 WorkerThread "GC Thread#2"                     [id=3648, stack(0x0000002085d00000,0x0000002085e00000) (1024K)]
  0x0000012e334f82c0 WorkerThread "GC Thread#3"                     [id=12220, stack(0x0000002085e00000,0x0000002085f00000) (1024K)]
  0x0000012e3392f8a0 WorkerThread "GC Thread#4"                     [id=2172, stack(0x0000002085f00000,0x0000002086000000) (1024K)]
  0x0000012e34158210 WorkerThread "GC Thread#5"                     [id=12236, stack(0x0000002085b00000,0x0000002085c00000) (1024K)]
  0x0000012e341597d0 WorkerThread "GC Thread#6"                     [id=2608, stack(0x0000002086000000,0x0000002086100000) (1024K)]
  0x0000012e341585b0 WorkerThread "GC Thread#7"                     [id=3804, stack(0x0000002086b00000,0x0000002086c00000) (1024K)]
  0x0000012e16979ab0 ConcurrentGCThread "G1 Main Marker"            [id=6980, stack(0x0000002084b00000,0x0000002084c00000) (1024K)]
  0x0000012e1697ac60 WorkerThread "G1 Conc#0"                       [id=11260, stack(0x0000002084c00000,0x0000002084d00000) (1024K)]
  0x0000012e34158950 WorkerThread "G1 Conc#1"                       [id=8984, stack(0x0000002086c00000,0x0000002086d00000) (1024K)]
  0x0000012e2de68500 ConcurrentGCThread "G1 Refine#0"               [id=6588, stack(0x0000002084d00000,0x0000002084e00000) (1024K)]
  0x0000012e2de68d20 ConcurrentGCThread "G1 Service"                [id=5548, stack(0x0000002084e00000,0x0000002084f00000) (1024K)]
Total: 15

Threads with active compile tasks:
C2 CompilerThread0  6592 5000       4       org.objectweb.asm.SymbolTable::addConstantMemberReference (147 bytes)
Total: 1

VM state: not at safepoint (normal execution)

VM Mutex/Monitor currently owned by a thread: None

Heap address: 0x0000000080000000, size: 2048 MB, Compressed Oops mode: 32-bit

CDS archive(s) not mapped
Compressed class space mapped at: 0x0000000100000000-0x0000000140000000, reserved size: 1073741824
Narrow klass base: 0x0000000000000000, Narrow klass shift: 3, Narrow klass range: 0x140000000

GC Precious Log:
 CardTable entry size: 512
 Card Set container configuration: InlinePtr #cards 5 size 8 Array Of Cards #cards 12 size 40 Howl #buckets 4 coarsen threshold 1843 Howl Bitmap #cards 512 size 80 coarsen threshold 460 Card regions per heap region 1 cards per card region 2048
 CPUs: 8 total, 8 available
 Memory: 8036M
 Large Page Support: Disabled
 NUMA Support: Disabled
 Compressed Oops: Enabled (32-bit)
 Heap Region Size: 1M
 Heap Min Capacity: 8M
 Heap Initial Capacity: 126M
 Heap Max Capacity: 2G
 Pre-touch: Disabled
 Parallel Workers: 8
 Concurrent Workers: 2
 Concurrent Refinement Workers: 8
 Periodic GC: Disabled

Heap:
 garbage-first heap   total 107520K, used 82584K [0x0000000080000000, 0x0000000100000000)
  region size 1024K, 36 young (36864K), 6 survivors (6144K)
 Metaspace       used 55840K, committed 57344K, reserved 1114112K
  class space    used 7598K, committed 8320K, reserved 1048576K

Heap Regions: E=young(eden), S=young(survivor), O=old, HS=humongous(starts), HC=humongous(continues), CS=collection set, F=free, TAMS=top-at-mark-start, PB=parsable bottom
|   0|0x0000000080000000, 0x0000000080100000, 0x0000000080100000|100%| O|  |TAMS 0x0000000080000000| PB 0x0000000080000000| Untracked 
|   1|0x0000000080100000, 0x0000000080200000, 0x0000000080200000|100%|HS|  |TAMS 0x0000000080100000| PB 0x0000000080100000| Complete 
|   2|0x0000000080200000, 0x0000000080300000, 0x0000000080300000|100%|HC|  |TAMS 0x0000000080200000| PB 0x0000000080200000| Complete 
|   3|0x0000000080300000, 0x0000000080400000, 0x0000000080400000|100%|HC|  |TAMS 0x0000000080300000| PB 0x0000000080300000| Complete 
|   4|0x0000000080400000, 0x0000000080500000, 0x0000000080500000|100%| O|  |TAMS 0x0000000080400000| PB 0x0000000080400000| Untracked 
|   5|0x0000000080500000, 0x0000000080600000, 0x0000000080600000|100%| O|  |TAMS 0x0000000080500000| PB 0x0000000080500000| Untracked 
|   6|0x0000000080600000, 0x0000000080700000, 0x0000000080700000|100%| O|  |TAMS 0x0000000080600000| PB 0x0000000080600000| Untracked 
|   7|0x0000000080700000, 0x0000000080800000, 0x0000000080800000|100%|HS|  |TAMS 0x0000000080700000| PB 0x0000000080700000| Complete 
|   8|0x0000000080800000, 0x0000000080900000, 0x0000000080900000|100%| O|  |TAMS 0x0000000080800000| PB 0x0000000080800000| Untracked 
|   9|0x0000000080900000, 0x0000000080a00000, 0x0000000080a00000|100%| O|  |TAMS 0x0000000080900000| PB 0x0000000080900000| Untracked 
|  10|0x0000000080a00000, 0x0000000080b00000, 0x0000000080b00000|100%| O|  |TAMS 0x0000000080a00000| PB 0x0000000080a00000| Untracked 
|  11|0x0000000080b00000, 0x0000000080c00000, 0x0000000080c00000|100%| O|  |TAMS 0x0000000080b00000| PB 0x0000000080b00000| Untracked 
|  12|0x0000000080c00000, 0x0000000080d00000, 0x0000000080d00000|100%| O|  |TAMS 0x0000000080c00000| PB 0x0000000080c00000| Untracked 
|  13|0x0000000080d00000, 0x0000000080e00000, 0x0000000080e00000|100%| O|  |TAMS 0x0000000080d00000| PB 0x0000000080d00000| Untracked 
|  14|0x0000000080e00000, 0x0000000080f00000, 0x0000000080f00000|100%| O|  |TAMS 0x0000000080e00000| PB 0x0000000080e00000| Untracked 
|  15|0x0000000080f00000, 0x0000000081000000, 0x0000000081000000|100%| O|  |TAMS 0x0000000080f00000| PB 0x0000000080f00000| Untracked 
|  16|0x0000000081000000, 0x0000000081100000, 0x0000000081100000|100%| O|  |TAMS 0x0000000081000000| PB 0x0000000081000000| Untracked 
|  17|0x0000000081100000, 0x0000000081200000, 0x0000000081200000|100%| O|  |TAMS 0x0000000081100000| PB 0x0000000081100000| Untracked 
|  18|0x0000000081200000, 0x0000000081300000, 0x0000000081300000|100%|HS|  |TAMS 0x0000000081200000| PB 0x0000000081200000| Complete 
|  19|0x0000000081300000, 0x0000000081400000, 0x0000000081400000|100%|HC|  |TAMS 0x0000000081300000| PB 0x0000000081300000| Complete 
|  20|0x0000000081400000, 0x0000000081500000, 0x0000000081500000|100%|HC|  |TAMS 0x0000000081400000| PB 0x0000000081400000| Complete 
|  21|0x0000000081500000, 0x0000000081600000, 0x0000000081600000|100%|HC|  |TAMS 0x0000000081500000| PB 0x0000000081500000| Complete 
|  22|0x0000000081600000, 0x0000000081700000, 0x0000000081700000|100%|HC|  |TAMS 0x0000000081600000| PB 0x0000000081600000| Complete 
|  23|0x0000000081700000, 0x0000000081800000, 0x0000000081800000|100%|HC|  |TAMS 0x0000000081700000| PB 0x0000000081700000| Complete 
|  24|0x0000000081800000, 0x0000000081900000, 0x0000000081900000|100%|HS|  |TAMS 0x0000000081800000| PB 0x0000000081800000| Complete 
|  25|0x0000000081900000, 0x0000000081a00000, 0x0000000081a00000|100%|HC|  |TAMS 0x0000000081900000| PB 0x0000000081900000| Complete 
|  26|0x0000000081a00000, 0x0000000081b00000, 0x0000000081b00000|100%|HC|  |TAMS 0x0000000081a00000| PB 0x0000000081a00000| Complete 
|  27|0x0000000081b00000, 0x0000000081c00000, 0x0000000081c00000|100%|HC|  |TAMS 0x0000000081b00000| PB 0x0000000081b00000| Complete 
|  28|0x0000000081c00000, 0x0000000081d00000, 0x0000000081d00000|100%|HS|  |TAMS 0x0000000081c00000| PB 0x0000000081c00000| Complete 
|  29|0x0000000081d00000, 0x0000000081e00000, 0x0000000081e00000|100%|HC|  |TAMS 0x0000000081d00000| PB 0x0000000081d00000| Complete 
|  30|0x0000000081e00000, 0x0000000081f00000, 0x0000000081f00000|100%| O|  |TAMS 0x0000000081e00000| PB 0x0000000081e00000| Untracked 
|  31|0x0000000081f00000, 0x0000000082000000, 0x0000000082000000|100%|HS|  |TAMS 0x0000000081f00000| PB 0x0000000081f00000| Complete 
|  32|0x0000000082000000, 0x0000000082100000, 0x0000000082100000|100%| O|  |TAMS 0x0000000082000000| PB 0x0000000082000000| Untracked 
|  33|0x0000000082100000, 0x0000000082200000, 0x0000000082200000|100%| O|  |TAMS 0x0000000082100000| PB 0x0000000082100000| Untracked 
|  34|0x0000000082200000, 0x0000000082300000, 0x0000000082300000|100%| O|  |TAMS 0x0000000082200000| PB 0x0000000082200000| Untracked 
|  35|0x0000000082300000, 0x0000000082400000, 0x0000000082400000|100%| O|Cm|TAMS 0x0000000082300000| PB 0x0000000082300000| Complete 
|  36|0x0000000082400000, 0x0000000082500000, 0x0000000082500000|100%| O|  |TAMS 0x0000000082400000| PB 0x0000000082400000| Untracked 
|  37|0x0000000082500000, 0x0000000082600000, 0x0000000082600000|100%| O|  |TAMS 0x0000000082500000| PB 0x0000000082500000| Untracked 
|  38|0x0000000082600000, 0x0000000082700000, 0x0000000082700000|100%| O|  |TAMS 0x0000000082600000| PB 0x0000000082600000| Untracked 
|  39|0x0000000082700000, 0x0000000082800000, 0x0000000082800000|100%| O|  |TAMS 0x0000000082700000| PB 0x0000000082700000| Untracked 
|  40|0x0000000082800000, 0x0000000082900000, 0x0000000082900000|100%| O|  |TAMS 0x0000000082800000| PB 0x0000000082800000| Untracked 
|  41|0x0000000082900000, 0x0000000082900000, 0x0000000082a00000|  0%| F|  |TAMS 0x0000000082900000| PB 0x0000000082900000| Untracked 
|  42|0x0000000082a00000, 0x0000000082a00000, 0x0000000082b00000|  0%| F|  |TAMS 0x0000000082a00000| PB 0x0000000082a00000| Untracked 
|  43|0x0000000082b00000, 0x0000000082b00000, 0x0000000082c00000|  0%| F|  |TAMS 0x0000000082b00000| PB 0x0000000082b00000| Untracked 
|  44|0x0000000082c00000, 0x0000000082c00000, 0x0000000082d00000|  0%| F|  |TAMS 0x0000000082c00000| PB 0x0000000082c00000| Untracked 
|  45|0x0000000082d00000, 0x0000000082d00000, 0x0000000082e00000|  0%| F|  |TAMS 0x0000000082d00000| PB 0x0000000082d00000| Untracked 
|  46|0x0000000082e00000, 0x0000000082e00000, 0x0000000082f00000|  0%| F|  |TAMS 0x0000000082e00000| PB 0x0000000082e00000| Untracked 
|  47|0x0000000082f00000, 0x0000000083000000, 0x0000000083000000|100%| O|  |TAMS 0x0000000082f00000| PB 0x0000000082f00000| Untracked 
|  48|0x0000000083000000, 0x00000000830a6350, 0x0000000083100000| 64%| O|  |TAMS 0x0000000083000000| PB 0x0000000083000000| Untracked 
|  49|0x0000000083100000, 0x0000000083100000, 0x0000000083200000|  0%| F|  |TAMS 0x0000000083100000| PB 0x0000000083100000| Untracked 
|  50|0x0000000083200000, 0x0000000083200000, 0x0000000083300000|  0%| F|  |TAMS 0x0000000083200000| PB 0x0000000083200000| Untracked 
|  51|0x0000000083300000, 0x0000000083300000, 0x0000000083400000|  0%| F|  |TAMS 0x0000000083300000| PB 0x0000000083300000| Untracked 
|  52|0x0000000083400000, 0x0000000083400000, 0x0000000083500000|  0%| F|  |TAMS 0x0000000083400000| PB 0x0000000083400000| Untracked 
|  53|0x0000000083500000, 0x0000000083500000, 0x0000000083600000|  0%| F|  |TAMS 0x0000000083500000| PB 0x0000000083500000| Untracked 
|  54|0x0000000083600000, 0x0000000083600000, 0x0000000083700000|  0%| F|  |TAMS 0x0000000083600000| PB 0x0000000083600000| Untracked 
|  55|0x0000000083700000, 0x0000000083700000, 0x0000000083800000|  0%| F|  |TAMS 0x0000000083700000| PB 0x0000000083700000| Untracked 
|  56|0x0000000083800000, 0x0000000083800000, 0x0000000083900000|  0%| F|  |TAMS 0x0000000083800000| PB 0x0000000083800000| Untracked 
|  57|0x0000000083900000, 0x0000000083a00000, 0x0000000083a00000|100%| S|CS|TAMS 0x0000000083900000| PB 0x0000000083900000| Complete 
|  58|0x0000000083a00000, 0x0000000083b00000, 0x0000000083b00000|100%| S|CS|TAMS 0x0000000083a00000| PB 0x0000000083a00000| Complete 
|  59|0x0000000083b00000, 0x0000000083c00000, 0x0000000083c00000|100%| S|CS|TAMS 0x0000000083b00000| PB 0x0000000083b00000| Complete 
|  60|0x0000000083c00000, 0x0000000083d00000, 0x0000000083d00000|100%| S|CS|TAMS 0x0000000083c00000| PB 0x0000000083c00000| Complete 
|  61|0x0000000083d00000, 0x0000000083e00000, 0x0000000083e00000|100%| S|CS|TAMS 0x0000000083d00000| PB 0x0000000083d00000| Complete 
|  62|0x0000000083e00000, 0x0000000083f00000, 0x0000000083f00000|100%| S|CS|TAMS 0x0000000083e00000| PB 0x0000000083e00000| Complete 
|  63|0x0000000083f00000, 0x0000000083f00000, 0x0000000084000000|  0%| F|  |TAMS 0x0000000083f00000| PB 0x0000000083f00000| Untracked 
|  64|0x0000000084000000, 0x0000000084000000, 0x0000000084100000|  0%| F|  |TAMS 0x0000000084000000| PB 0x0000000084000000| Untracked 
|  65|0x0000000084100000, 0x0000000084100000, 0x0000000084200000|  0%| F|  |TAMS 0x0000000084100000| PB 0x0000000084100000| Untracked 
|  66|0x0000000084200000, 0x0000000084200000, 0x0000000084300000|  0%| F|  |TAMS 0x0000000084200000| PB 0x0000000084200000| Untracked 
|  67|0x0000000084300000, 0x0000000084300000, 0x0000000084400000|  0%| F|  |TAMS 0x0000000084300000| PB 0x0000000084300000| Untracked 
|  68|0x0000000084400000, 0x0000000084400000, 0x0000000084500000|  0%| F|  |TAMS 0x0000000084400000| PB 0x0000000084400000| Untracked 
|  69|0x0000000084500000, 0x0000000084500000, 0x0000000084600000|  0%| F|  |TAMS 0x0000000084500000| PB 0x0000000084500000| Untracked 
|  70|0x0000000084600000, 0x0000000084600000, 0x0000000084700000|  0%| F|  |TAMS 0x0000000084600000| PB 0x0000000084600000| Untracked 
|  71|0x0000000084700000, 0x0000000084700000, 0x0000000084800000|  0%| F|  |TAMS 0x0000000084700000| PB 0x0000000084700000| Untracked 
|  72|0x0000000084800000, 0x0000000084900000, 0x0000000084900000|100%| E|  |TAMS 0x0000000084800000| PB 0x0000000084800000| Complete 
|  73|0x0000000084900000, 0x0000000084a00000, 0x0000000084a00000|100%| E|CS|TAMS 0x0000000084900000| PB 0x0000000084900000| Complete 
|  74|0x0000000084a00000, 0x0000000084b00000, 0x0000000084b00000|100%| E|CS|TAMS 0x0000000084a00000| PB 0x0000000084a00000| Complete 
|  75|0x0000000084b00000, 0x0000000084c00000, 0x0000000084c00000|100%| E|CS|TAMS 0x0000000084b00000| PB 0x0000000084b00000| Complete 
|  76|0x0000000084c00000, 0x0000000084d00000, 0x0000000084d00000|100%| E|CS|TAMS 0x0000000084c00000| PB 0x0000000084c00000| Complete 
|  77|0x0000000084d00000, 0x0000000084e00000, 0x0000000084e00000|100%| E|CS|TAMS 0x0000000084d00000| PB 0x0000000084d00000| Complete 
|  78|0x0000000084e00000, 0x0000000084f00000, 0x0000000084f00000|100%| E|CS|TAMS 0x0000000084e00000| PB 0x0000000084e00000| Complete 
|  79|0x0000000084f00000, 0x0000000085000000, 0x0000000085000000|100%| E|CS|TAMS 0x0000000084f00000| PB 0x0000000084f00000| Complete 
|  80|0x0000000085000000, 0x0000000085100000, 0x0000000085100000|100%| E|CS|TAMS 0x0000000085000000| PB 0x0000000085000000| Complete 
|  81|0x0000000085100000, 0x0000000085200000, 0x0000000085200000|100%| E|CS|TAMS 0x0000000085100000| PB 0x0000000085100000| Complete 
|  82|0x0000000085200000, 0x0000000085300000, 0x0000000085300000|100%| E|CS|TAMS 0x0000000085200000| PB 0x0000000085200000| Complete 
|  83|0x0000000085300000, 0x0000000085400000, 0x0000000085400000|100%| E|CS|TAMS 0x0000000085300000| PB 0x0000000085300000| Complete 
|  84|0x0000000085400000, 0x0000000085500000, 0x0000000085500000|100%| E|CS|TAMS 0x0000000085400000| PB 0x0000000085400000| Complete 
|  85|0x0000000085500000, 0x0000000085600000, 0x0000000085600000|100%| E|CS|TAMS 0x0000000085500000| PB 0x0000000085500000| Complete 
|  86|0x0000000085600000, 0x0000000085700000, 0x0000000085700000|100%| E|CS|TAMS 0x0000000085600000| PB 0x0000000085600000| Complete 
|  87|0x0000000085700000, 0x0000000085800000, 0x0000000085800000|100%| E|CS|TAMS 0x0000000085700000| PB 0x0000000085700000| Complete 
|  88|0x0000000085800000, 0x0000000085900000, 0x0000000085900000|100%| E|CS|TAMS 0x0000000085800000| PB 0x0000000085800000| Complete 
|  89|0x0000000085900000, 0x0000000085a00000, 0x0000000085a00000|100%| E|CS|TAMS 0x0000000085900000| PB 0x0000000085900000| Complete 
|  90|0x0000000085a00000, 0x0000000085b00000, 0x0000000085b00000|100%| E|CS|TAMS 0x0000000085a00000| PB 0x0000000085a00000| Complete 
|  91|0x0000000085b00000, 0x0000000085c00000, 0x0000000085c00000|100%| E|CS|TAMS 0x0000000085b00000| PB 0x0000000085b00000| Complete 
|  92|0x0000000085c00000, 0x0000000085d00000, 0x0000000085d00000|100%| E|CS|TAMS 0x0000000085c00000| PB 0x0000000085c00000| Complete 
|  93|0x0000000085d00000, 0x0000000085e00000, 0x0000000085e00000|100%| E|CS|TAMS 0x0000000085d00000| PB 0x0000000085d00000| Complete 
|  94|0x0000000085e00000, 0x0000000085f00000, 0x0000000085f00000|100%| E|CS|TAMS 0x0000000085e00000| PB 0x0000000085e00000| Complete 
|  98|0x0000000086200000, 0x0000000086300000, 0x0000000086300000|100%| E|CS|TAMS 0x0000000086200000| PB 0x0000000086200000| Complete 
|  99|0x0000000086300000, 0x0000000086400000, 0x0000000086400000|100%| E|CS|TAMS 0x0000000086300000| PB 0x0000000086300000| Complete 
| 100|0x0000000086400000, 0x0000000086500000, 0x0000000086500000|100%| E|CS|TAMS 0x0000000086400000| PB 0x0000000086400000| Complete 
| 101|0x0000000086500000, 0x0000000086600000, 0x0000000086600000|100%| E|CS|TAMS 0x0000000086500000| PB 0x0000000086500000| Complete 
| 124|0x0000000087c00000, 0x0000000087d00000, 0x0000000087d00000|100%| E|CS|TAMS 0x0000000087c00000| PB 0x0000000087c00000| Complete 
| 125|0x0000000087d00000, 0x0000000087e00000, 0x0000000087e00000|100%| E|CS|TAMS 0x0000000087d00000| PB 0x0000000087d00000| Complete 
|2044|0x00000000ffc00000, 0x00000000ffd00000, 0x00000000ffd00000|100%| E|CS|TAMS 0x00000000ffc00000| PB 0x00000000ffc00000| Complete 
|2045|0x00000000ffd00000, 0x00000000ffe00000, 0x00000000ffe00000|100%| O|  |TAMS 0x00000000ffd00000| PB 0x00000000ffd00000| Untracked 
|2046|0x00000000ffe00000, 0x00000000fff00000, 0x00000000fff00000|100%| O|  |TAMS 0x00000000ffe00000| PB 0x00000000ffe00000| Untracked 
|2047|0x00000000fff00000, 0x0000000100000000, 0x0000000100000000|100%| O|  |TAMS 0x00000000fff00000| PB 0x00000000fff00000| Untracked 

Card table byte_map: [0x0000012e291b0000,0x0000012e295b0000] _byte_map_base: 0x0000012e28db0000

Marking Bits: (CMBitMap*) 0x0000012e16969060
 Bits: [0x0000012e295b0000, 0x0000012e2b5b0000)

Polling page: 0x0000012e148e0000

Metaspace:

Usage:
  Non-class:     47.12 MB used.
      Class:      7.42 MB used.
       Both:     54.54 MB used.

Virtual space:
  Non-class space:       64.00 MB reserved,      47.88 MB ( 75%) committed,  1 nodes.
      Class space:        1.00 GB reserved,       8.12 MB ( <1%) committed,  1 nodes.
             Both:        1.06 GB reserved,      56.00 MB (  5%) committed. 

Chunk freelists:
   Non-Class:  112.00 KB
       Class:  7.91 MB
        Both:  8.01 MB

MaxMetaspaceSize: unlimited
CompressedClassSpaceSize: 1.00 GB
Initial GC threshold: 21.00 MB
Current GC threshold: 82.31 MB
CDS: off
 - commit_granule_bytes: 65536.
 - commit_granule_words: 8192.
 - virtual_space_node_default_size: 8388608.
 - enlarge_chunks_in_place: 1.
 - use_allocation_guard: 0.


Internal statistics:

num_allocs_failed_limit: 6.
num_arena_births: 2736.
num_arena_deaths: 0.
num_vsnodes_births: 2.
num_vsnodes_deaths: 0.
num_space_committed: 897.
num_space_uncommitted: 0.
num_chunks_returned_to_freelist: 6.
num_chunks_taken_from_freelist: 4983.
num_chunk_merges: 6.
num_chunk_splits: 3166.
num_chunks_enlarged: 1914.
num_inconsistent_stats: 0.

CodeHeap 'non-profiled nmethods': size=120000Kb used=2578Kb max_used=2578Kb free=117422Kb
 bounds [0x0000012e21540000, 0x0000012e217d0000, 0x0000012e28a70000]
CodeHeap 'profiled nmethods': size=120000Kb used=8478Kb max_used=8478Kb free=111521Kb
 bounds [0x0000012e19a70000, 0x0000012e1a2c0000, 0x0000012e20fa0000]
CodeHeap 'non-nmethods': size=5760Kb used=2689Kb max_used=2715Kb free=3070Kb
 bounds [0x0000012e20fa0000, 0x0000012e21250000, 0x0000012e21540000]
 total_blobs=5359 nmethods=4513 adapters=749
 compilation: enabled
              stopped_count=0, restarted_count=0
 full_count=0

Compilation events (20 events):
Event: 6.417 Thread 0x0000012e2e1dcde0 5023       3       org.gradle.api.attributes.Attribute::equals (57 bytes)
Event: 6.417 Thread 0x0000012e2e822420 nmethod 5022 0x0000012e217bc990 code [0x0000012e217bcb20, 0x0000012e217bcbd0]
Event: 6.417 Thread 0x0000012e2e1dcde0 nmethod 5023 0x0000012e1a2a9f10 code [0x0000012e1a2aa100, 0x0000012e1a2aa610]
Event: 6.419 Thread 0x0000012e2e1dcde0 5024       3       java.lang.invoke.Invokers$Holder::linkToTargetMethod (13 bytes)
Event: 6.420 Thread 0x0000012e2e1dcde0 nmethod 5024 0x0000012e1a2aa790 code [0x0000012e1a2aa960, 0x0000012e1a2aad78]
Event: 6.420 Thread 0x0000012e2e1dcde0 5025       1       org.gradle.api.internal.attributes.DefaultImmutableAttributes::hashCode (5 bytes)
Event: 6.420 Thread 0x0000012e2e1dcde0 nmethod 5025 0x0000012e217bcc90 code [0x0000012e217bce20, 0x0000012e217bcee8]
Event: 6.421 Thread 0x0000012e2e1dcde0 5026       3       org.gradle.internal.hash.HashCode::bytesToLong (109 bytes)
Event: 6.421 Thread 0x0000012e2e1dcde0 nmethod 5026 0x0000012e1a2aae90 code [0x0000012e1a2ab040, 0x0000012e1a2ab2e8]
Event: 6.421 Thread 0x0000012e2e822420 5027       4       java.util.Collection::stream (11 bytes)
Event: 6.424 Thread 0x0000012e2e822420 nmethod 5027 0x0000012e217bcf90 code [0x0000012e217bd140, 0x0000012e217bd4d8]
Event: 6.424 Thread 0x0000012e2e822420 5029       4       jdk.internal.reflect.UTF8::utf8Length (81 bytes)
Event: 6.425 Thread 0x0000012e2e822420 nmethod 5029 0x0000012e217bd690 code [0x0000012e217bd840, 0x0000012e217bda08]
Event: 6.425 Thread 0x0000012e2e822420 5028       4       org.gradle.internal.Cast::uncheckedNonnullCast (2 bytes)
Event: 6.425 Thread 0x0000012e2e822420 nmethod 5028 0x0000012e217bdc10 code [0x0000012e217bdd80, 0x0000012e217bdde8]
Event: 6.427 Thread 0x0000012e2e822420 5032       4       jdk.internal.org.objectweb.asm.MethodWriter::computeAllFrames (510 bytes)
Event: 6.428 Thread 0x0000012e2e1dcde0 5035       1       java.lang.NamedPackage::packageName (5 bytes)
Event: 6.428 Thread 0x0000012e2e1dcde0 nmethod 5035 0x0000012e217beb10 code [0x0000012e217beca0, 0x0000012e217bed68]
Event: 6.428 Thread 0x0000012e2e1dcde0 5036       3       com.google.common.collect.RegularImmutableMap::size (6 bytes)
Event: 6.429 Thread 0x0000012e2e1dcde0 nmethod 5036 0x0000012e1a2ab490 code [0x0000012e1a2ab620, 0x0000012e1a2ab738]

GC Heap History (20 events):
Event: 1.794 GC heap before
{Heap before GC invocations=1 (full 0):
 garbage-first heap   total 129024K, used 40661K [0x0000000080000000, 0x0000000100000000)
  region size 1024K, 37 young (37888K), 3 survivors (3072K)
 Metaspace       used 12148K, committed 12352K, reserved 1114112K
  class space    used 1273K, committed 1408K, reserved 1048576K
}
Event: 1.799 GC heap after
{Heap after GC invocations=2 (full 0):
 garbage-first heap   total 129024K, used 11591K [0x0000000080000000, 0x0000000100000000)
  region size 1024K, 5 young (5120K), 5 survivors (5120K)
 Metaspace       used 12148K, committed 12352K, reserved 1114112K
  class space    used 1273K, committed 1408K, reserved 1048576K
}
Event: 2.386 GC heap before
{Heap before GC invocations=2 (full 0):
 garbage-first heap   total 129024K, used 60743K [0x0000000080000000, 0x0000000100000000)
  region size 1024K, 52 young (53248K), 5 survivors (5120K)
 Metaspace       used 14222K, committed 14464K, reserved 1114112K
  class space    used 1556K, committed 1664K, reserved 1048576K
}
Event: 2.394 GC heap after
{Heap after GC invocations=3 (full 0):
 garbage-first heap   total 129024K, used 18141K [0x0000000080000000, 0x0000000100000000)
  region size 1024K, 6 young (6144K), 6 survivors (6144K)
 Metaspace       used 14222K, committed 14464K, reserved 1114112K
  class space    used 1556K, committed 1664K, reserved 1048576K
}
Event: 3.041 GC heap before
{Heap before GC invocations=3 (full 0):
 garbage-first heap   total 129024K, used 41693K [0x0000000080000000, 0x0000000100000000)
  region size 1024K, 30 young (30720K), 6 survivors (6144K)
 Metaspace       used 21260K, committed 21504K, reserved 1114112K
  class space    used 2446K, committed 2560K, reserved 1048576K
}
Event: 3.047 GC heap after
{Heap after GC invocations=4 (full 0):
 garbage-first heap   total 129024K, used 21066K [0x0000000080000000, 0x0000000100000000)
  region size 1024K, 4 young (4096K), 4 survivors (4096K)
 Metaspace       used 21260K, committed 21504K, reserved 1114112K
  class space    used 2446K, committed 2560K, reserved 1048576K
}
Event: 3.784 GC heap before
{Heap before GC invocations=5 (full 0):
 garbage-first heap   total 75776K, used 74314K [0x0000000080000000, 0x0000000100000000)
  region size 1024K, 56 young (57344K), 4 survivors (4096K)
 Metaspace       used 29823K, committed 30400K, reserved 1114112K
  class space    used 3814K, committed 4096K, reserved 1048576K
}
Event: 3.789 GC heap after
{Heap after GC invocations=6 (full 0):
 garbage-first heap   total 82944K, used 24129K [0x0000000080000000, 0x0000000100000000)
  region size 1024K, 7 young (7168K), 7 survivors (7168K)
 Metaspace       used 29823K, committed 30400K, reserved 1114112K
  class space    used 3814K, committed 4096K, reserved 1048576K
}
Event: 4.383 GC heap before
{Heap before GC invocations=6 (full 0):
 garbage-first heap   total 82944K, used 76353K [0x0000000080000000, 0x0000000100000000)
  region size 1024K, 46 young (47104K), 7 survivors (7168K)
 Metaspace       used 34997K, committed 35904K, reserved 1114112K
  class space    used 4696K, committed 5120K, reserved 1048576K
}
Event: 4.391 GC heap after
{Heap after GC invocations=7 (full 0):
 garbage-first heap   total 89088K, used 40953K [0x0000000080000000, 0x0000000100000000)
  region size 1024K, 6 young (6144K), 6 survivors (6144K)
 Metaspace       used 34997K, committed 35904K, reserved 1114112K
  class space    used 4696K, committed 5120K, reserved 1048576K
}
Event: 4.438 GC heap before
{Heap before GC invocations=7 (full 0):
 garbage-first heap   total 89088K, used 44025K [0x0000000080000000, 0x0000000100000000)
  region size 1024K, 10 young (10240K), 6 survivors (6144K)
 Metaspace       used 35246K, committed 36096K, reserved 1114112K
  class space    used 4734K, committed 5120K, reserved 1048576K
}
Event: 4.441 GC heap after
{Heap after GC invocations=8 (full 0):
 garbage-first heap   total 89088K, used 42864K [0x0000000080000000, 0x0000000100000000)
  region size 1024K, 2 young (2048K), 2 survivors (2048K)
 Metaspace       used 35246K, committed 36096K, reserved 1114112K
  class space    used 4734K, committed 5120K, reserved 1048576K
}
Event: 4.808 GC heap before
{Heap before GC invocations=9 (full 0):
 garbage-first heap   total 89088K, used 73584K [0x0000000080000000, 0x0000000100000000)
  region size 1024K, 31 young (31744K), 2 survivors (2048K)
 Metaspace       used 38887K, committed 39936K, reserved 1114112K
  class space    used 5309K, committed 5824K, reserved 1048576K
}
Event: 4.809 GC heap after
{Heap after GC invocations=10 (full 0):
 garbage-first heap   total 89088K, used 44629K [0x0000000080000000, 0x0000000100000000)
  region size 1024K, 3 young (3072K), 3 survivors (3072K)
 Metaspace       used 38887K, committed 39936K, reserved 1114112K
  class space    used 5309K, committed 5824K, reserved 1048576K
}
Event: 5.067 GC heap before
{Heap before GC invocations=10 (full 0):
 garbage-first heap   total 89088K, used 74325K [0x0000000080000000, 0x0000000100000000)
  region size 1024K, 32 young (32768K), 3 survivors (3072K)
 Metaspace       used 43041K, committed 44416K, reserved 1114112K
  class space    used 5987K, committed 6656K, reserved 1048576K
}
Event: 5.070 GC heap after
{Heap after GC invocations=11 (full 0):
 garbage-first heap   total 89088K, used 46155K [0x0000000080000000, 0x0000000100000000)
  region size 1024K, 4 young (4096K), 4 survivors (4096K)
 Metaspace       used 43041K, committed 44416K, reserved 1114112K
  class space    used 5987K, committed 6656K, reserved 1048576K
}
Event: 5.906 GC heap before
{Heap before GC invocations=11 (full 0):
 garbage-first heap   total 89088K, used 74827K [0x0000000080000000, 0x0000000100000000)
  region size 1024K, 33 young (33792K), 4 survivors (4096K)
 Metaspace       used 49201K, committed 50560K, reserved 1114112K
  class space    used 6650K, committed 7296K, reserved 1048576K
}
Event: 5.911 GC heap after
{Heap after GC invocations=12 (full 0):
 garbage-first heap   total 107520K, used 49982K [0x0000000080000000, 0x0000000100000000)
  region size 1024K, 5 young (5120K), 5 survivors (5120K)
 Metaspace       used 49201K, committed 50560K, reserved 1114112K
  class space    used 6650K, committed 7296K, reserved 1048576K
}
Event: 6.185 GC heap before
{Heap before GC invocations=13 (full 0):
 garbage-first heap   total 107520K, used 95038K [0x0000000080000000, 0x0000000100000000)
  region size 1024K, 44 young (45056K), 5 survivors (5120K)
 Metaspace       used 52239K, committed 53632K, reserved 1114112K
  class space    used 6993K, committed 7680K, reserved 1048576K
}
Event: 6.191 GC heap after
{Heap after GC invocations=14 (full 0):
 garbage-first heap   total 107520K, used 52888K [0x0000000080000000, 0x0000000100000000)
  region size 1024K, 6 young (6144K), 6 survivors (6144K)
 Metaspace       used 52239K, committed 53632K, reserved 1114112K
  class space    used 6993K, committed 7680K, reserved 1048576K
}

Dll operation events (3 events):
Event: 0.007 Loaded shared library D:\Softwares\android studio\jbr\bin\java.dll
Event: 0.087 Loaded shared library D:\Softwares\android studio\jbr\bin\zip.dll
Event: 1.202 Loaded shared library D:\Softwares\android studio\jbr\bin\verify.dll

Deoptimization events (20 events):
Event: 6.140 Thread 0x0000012e342bf820 Uncommon trap: trap_request=0xffffff3d fr.pc=0x0000012e215a6c18 relative=0x0000000000000d18
Event: 6.140 Thread 0x0000012e342bf820 Uncommon trap: reason=unstable_fused_if action=reinterpret pc=0x0000012e215a6c18 method=org.objectweb.asm.ByteVector.putUTF8(Ljava/lang/String;)Lorg/objectweb/asm/ByteVector; @ 93 c2
Event: 6.140 Thread 0x0000012e342bf820 DEOPT PACKING pc=0x0000012e215a6c18 sp=0x00000020867f6740
Event: 6.140 Thread 0x0000012e342bf820 DEOPT UNPACKING pc=0x0000012e20ff46a2 sp=0x00000020867f6698 mode 2
Event: 6.268 Thread 0x0000012e342bf820 Uncommon trap: trap_request=0xffffff45 fr.pc=0x0000012e21737250 relative=0x0000000000000130
Event: 6.268 Thread 0x0000012e342bf820 Uncommon trap: reason=unstable_if action=reinterpret pc=0x0000012e21737250 method=java.util.Arrays.hashCode([Ljava/lang/Object;)I @ 34 c2
Event: 6.268 Thread 0x0000012e342bf820 DEOPT PACKING pc=0x0000012e21737250 sp=0x00000020867f8190
Event: 6.268 Thread 0x0000012e342bf820 DEOPT UNPACKING pc=0x0000012e20ff46a2 sp=0x00000020867f8108 mode 2
Event: 6.277 Thread 0x0000012e342bf820 Uncommon trap: trap_request=0xffffff45 fr.pc=0x0000012e21608844 relative=0x00000000000000a4
Event: 6.277 Thread 0x0000012e342bf820 Uncommon trap: reason=unstable_if action=reinterpret pc=0x0000012e21608844 method=java.lang.ref.ReferenceQueue.poll()Ljava/lang/ref/Reference; @ 4 c2
Event: 6.277 Thread 0x0000012e342bf820 DEOPT PACKING pc=0x0000012e21608844 sp=0x00000020867f69e0
Event: 6.277 Thread 0x0000012e342bf820 DEOPT UNPACKING pc=0x0000012e20ff46a2 sp=0x00000020867f68c8 mode 2
Event: 6.398 Thread 0x0000012e342bf820 Uncommon trap: trap_request=0xffffffde fr.pc=0x0000012e216ce89c relative=0x00000000000002dc
Event: 6.398 Thread 0x0000012e342bf820 Uncommon trap: reason=class_check action=maybe_recompile pc=0x0000012e216ce89c method=java.util.Collections$SetFromMap.remove(Ljava/lang/Object;)Z @ 5 c2
Event: 6.398 Thread 0x0000012e342bf820 DEOPT PACKING pc=0x0000012e216ce89c sp=0x00000020867f88b0
Event: 6.398 Thread 0x0000012e342bf820 DEOPT UNPACKING pc=0x0000012e20ff46a2 sp=0x00000020867f8898 mode 2
Event: 6.411 Thread 0x0000012e342bf820 Uncommon trap: trap_request=0xffffffde fr.pc=0x0000012e216ce89c relative=0x00000000000002dc
Event: 6.411 Thread 0x0000012e342bf820 Uncommon trap: reason=class_check action=maybe_recompile pc=0x0000012e216ce89c method=java.util.Collections$SetFromMap.remove(Ljava/lang/Object;)Z @ 5 c2
Event: 6.411 Thread 0x0000012e342bf820 DEOPT PACKING pc=0x0000012e216ce89c sp=0x00000020867f8aa0
Event: 6.411 Thread 0x0000012e342bf820 DEOPT UNPACKING pc=0x0000012e20ff46a2 sp=0x00000020867f8a88 mode 2

Classes loaded (20 events):
Event: 6.270 Loading class java/util/PrimitiveIterator done
Event: 6.270 Loading class java/util/PrimitiveIterator$OfInt done
Event: 6.273 Loading class java/util/concurrent/RecursiveAction
Event: 6.273 Loading class java/util/concurrent/RecursiveAction done
Event: 6.382 Loading class java/io/DeleteOnExitHook
Event: 6.382 Loading class java/io/DeleteOnExitHook done
Event: 6.382 Loading class java/io/DeleteOnExitHook$1
Event: 6.382 Loading class java/io/DeleteOnExitHook$1 done
Event: 6.411 Loading class java/util/stream/DistinctOps
Event: 6.411 Loading class java/util/stream/DistinctOps done
Event: 6.411 Loading class java/util/stream/DistinctOps$1
Event: 6.412 Loading class java/util/stream/ReferencePipeline$StatefulOp
Event: 6.412 Loading class java/util/stream/ReferencePipeline$StatefulOp done
Event: 6.412 Loading class java/util/stream/DistinctOps$1 done
Event: 6.412 Loading class java/util/stream/DistinctOps$1$2
Event: 6.412 Loading class java/util/stream/DistinctOps$1$2 done
Event: 6.423 Loading class sun/reflect/ReflectionFactory
Event: 6.423 Loading class sun/reflect/ReflectionFactory done
Event: 6.423 Loading class sun/reflect/ReflectionFactory$1
Event: 6.423 Loading class sun/reflect/ReflectionFactory$1 done

Classes unloaded (0 events):
No events

Classes redefined (0 events):
No events

Internal exceptions (20 events):
Event: 6.218 Thread 0x0000012e342bf820 Exception <a 'java/lang/NoSuchMethodError'{0x0000000087c80b78}: 'java.lang.Object java.lang.invoke.DirectMethodHandle$Holder.newInvokeSpecial(java.lang.Object, long)'> (0x0000000087c80b78) 
thrown [s\src\hotspot\share\interpreter\linkResolver.cpp, line 784]
Event: 6.223 Thread 0x0000012e342bf820 Exception <a 'java/lang/NoSuchMethodError'{0x0000000087cec608}: 'java.lang.Object java.lang.invoke.Invokers$Holder.linkToTargetMethod(java.lang.Object, java.lang.Object, java.lang.Object, java.lang.Object, long, java.lang.Object, java.lang.Object)'> (0x0000000087cec608) 
thrown [s\src\hotspot\share\interpreter\linkResolver.cpp, line 784]
Event: 6.225 Thread 0x0000012e342bf820 Exception <a 'java/lang/NoSuchMethodError'{0x0000000086532a90}: 'java.lang.Object java.lang.invoke.DirectMethodHandle$Holder.newInvokeSpecial(java.lang.Object, java.lang.Object, java.lang.Object, long, java.lang.Object)'> (0x0000000086532a90) 
thrown [s\src\hotspot\share\interpreter\linkResolver.cpp, line 784]
Event: 6.225 Thread 0x0000012e342bf820 Exception <a 'java/lang/NoSuchMethodError'{0x0000000086537be8}: 'java.lang.Object java.lang.invoke.DirectMethodHandle$Holder.invokeSpecial(java.lang.Object, java.lang.Object, java.lang.Object, java.lang.Object, long, java.lang.Object)'> (0x0000000086537be8) 
thrown [s\src\hotspot\share\interpreter\linkResolver.cpp, line 784]
Event: 6.225 Thread 0x0000012e342bf820 Exception <a 'java/lang/NoSuchMethodError'{0x000000008653c3d0}: 'java.lang.Object java.lang.invoke.Invokers$Holder.linkToTargetMethod(java.lang.Object, java.lang.Object, long, java.lang.Object, java.lang.Object)'> (0x000000008653c3d0) 
thrown [s\src\hotspot\share\interpreter\linkResolver.cpp, line 784]
Event: 6.245 Thread 0x0000012e342bf820 Exception <a 'java/lang/NoSuchMethodError'{0x00000000863be650}: 'java.lang.Object java.lang.invoke.DirectMethodHandle$Holder.newInvokeSpecial(java.lang.Object, java.lang.Object, java.lang.Object, java.lang.Object, java.lang.Object, java.lang.Object, java.lang.Object, java.lang.Object, java.lang.Object, java.lang.Object, java.lang.Object, java.lang.Object, java.lang.Object, java.lang.Object, java.lang.Object, java.lang.Object, java.lang.Object, java.lang.Object, java.lang.Object, java.lang.Object, java.lang
Event: 6.246 Thread 0x0000012e342bf820 Exception <a 'java/lang/NoSuchMethodError'{0x00000000863c64c8}: 'java.lang.Object java.lang.invoke.DirectMethodHandle$Holder.invokeSpecial(java.lang.Object, java.lang.Object, java.lang.Object, java.lang.Object, java.lang.Object, java.lang.Object, java.lang.Object, java.lang.Object, java.lang.Object, java.lang.Object, java.lang.Object, java.lang.Object, java.lang.Object, java.lang.Object, java.lang.Object, java.lang.Object, java.lang.Object, java.lang.Object, java.lang.Object, java.lang.Object, java.lang.Ob
Event: 6.246 Thread 0x0000012e342bf820 Exception <a 'java/lang/NoSuchMethodError'{0x00000000863cca90}: 'java.lang.Object java.lang.invoke.DelegatingMethodHandle$Holder.reinvoke_L(java.lang.Object, java.lang.Object, java.lang.Object, java.lang.Object, java.lang.Object, java.lang.Object, java.lang.Object, java.lang.Object, java.lang.Object, java.lang.Object, java.lang.Object, java.lang.Object, java.lang.Object, java.lang.Object, java.lang.Object, java.lang.Object, java.lang.Object, java.lang.Object, java.lang.Object, java.lang.Object, java.lang.O
Event: 6.268 Thread 0x0000012e342bf820 Implicit null exception at 0x0000012e21737180 to 0x0000012e21737234
Event: 6.277 Thread 0x0000012e342bf820 Exception <a 'java/lang/ClassNotFoundException'{0x0000000085cd6d38}: org/gradle/api/internal/artifacts/dsl/dependencies/DefaultDependencyHandler_DecoratedBeanInfo> (0x0000000085cd6d38) 
thrown [s\src\hotspot\share\classfile\systemDictionary.cpp, line 312]
Event: 6.277 Thread 0x0000012e342bf820 Exception <a 'java/lang/ClassNotFoundException'{0x0000000085cecba8}: org/gradle/api/internal/artifacts/dsl/dependencies/DefaultDependencyHandlerBeanInfo> (0x0000000085cecba8) 
thrown [s\src\hotspot\share\classfile\systemDictionary.cpp, line 312]
Event: 6.277 Thread 0x0000012e342bf820 Exception <a 'java/lang/ClassNotFoundException'{0x0000000085b02790}: org/gradle/api/internal/artifacts/dsl/dependencies/DefaultDependencyHandlerCustomizer> (0x0000000085b02790) 
thrown [s\src\hotspot\share\classfile\systemDictionary.cpp, line 312]
Event: 6.279 Thread 0x0000012e342bf820 Exception <a 'java/lang/ClassNotFoundException'{0x0000000085b4c768}: org/gradle/api/internal/artifacts/dsl/dependencies/DefaultDependencyHandler_DecoratedCustomizer> (0x0000000085b4c768) 
thrown [s\src\hotspot\share\classfile\systemDictionary.cpp, line 312]
Event: 6.281 Thread 0x0000012e342bf820 Exception <a 'java/lang/ClassNotFoundException'{0x0000000085b8d1c8}: sync_studio_tooling5_6po21nhysea2abtqy15cz6gxh$_run_closure1BeanInfo> (0x0000000085b8d1c8) 
thrown [s\src\hotspot\share\classfile\systemDictionary.cpp, line 312]
Event: 6.281 Thread 0x0000012e342bf820 Exception <a 'java/lang/ClassNotFoundException'{0x0000000085b94628}: sync_studio_tooling5_6po21nhysea2abtqy15cz6gxh$_run_closure1Customizer> (0x0000000085b94628) 
thrown [s\src\hotspot\share\classfile\systemDictionary.cpp, line 312]
Event: 6.310 Thread 0x0000012e342bf820 Exception <a 'java/lang/NoSuchMethodError'{0x000000008574dd00}: 'java.lang.Object java.lang.invoke.DirectMethodHandle$Holder.newInvokeSpecial(java.lang.Object, int, java.lang.Object)'> (0x000000008574dd00) 
thrown [s\src\hotspot\share\interpreter\linkResolver.cpp, line 784]
Event: 6.369 Thread 0x0000012e342bf820 Exception <a 'java/lang/NoSuchMethodError'{0x0000000085063c78}: 'java.lang.Object java.lang.invoke.DirectMethodHandle$Holder.invokeSpecial(java.lang.Object, java.lang.Object, long, java.lang.Object, java.lang.Object)'> (0x0000000085063c78) 
thrown [s\src\hotspot\share\interpreter\linkResolver.cpp, line 784]
Event: 6.409 Thread 0x0000012e342bf820 Exception <a 'java/lang/NoSuchMethodError'{0x0000000084c47e70}: 'int java.lang.invoke.DirectMethodHandle$Holder.invokeInterface(java.lang.Object, java.lang.Object, java.lang.Object, java.lang.Object, java.lang.Object)'> (0x0000000084c47e70) 
thrown [s\src\hotspot\share\interpreter\linkResolver.cpp, line 784]
Event: 6.427 Thread 0x0000012e342bf820 Exception <a 'java/lang/NoSuchMethodError'{0x0000000084b6dbd0}: 'java.lang.Object java.lang.invoke.DirectMethodHandle$Holder.newInvokeSpecial(java.lang.Object, java.lang.Object, java.lang.Object, java.lang.Object, int, java.lang.Object)'> (0x0000000084b6dbd0) 
thrown [s\src\hotspot\share\interpreter\linkResolver.cpp, line 784]
Event: 6.427 Thread 0x0000012e342bf820 Exception <a 'java/lang/NoSuchMethodError'{0x0000000084b76480}: 'java.lang.Object java.lang.invoke.Invokers$Holder.linkToTargetMethod(java.lang.Object, java.lang.Object, java.lang.Object, int, java.lang.Object, java.lang.Object)'> (0x0000000084b76480) 
thrown [s\src\hotspot\share\interpreter\linkResolver.cpp, line 784]

ZGC Phase Switch (0 events):
No events

VM Operations (20 events):
Event: 5.796 Executing VM operation: ICBufferFull
Event: 5.796 Executing VM operation: ICBufferFull done
Event: 5.856 Executing VM operation: HandshakeAllThreads (Deoptimize)
Event: 5.856 Executing VM operation: HandshakeAllThreads (Deoptimize) done
Event: 5.898 Executing VM operation: HandshakeAllThreads (Deoptimize)
Event: 5.898 Executing VM operation: HandshakeAllThreads (Deoptimize) done
Event: 5.906 Executing VM operation: G1CollectForAllocation (G1 Evacuation Pause)
Event: 5.911 Executing VM operation: G1CollectForAllocation (G1 Evacuation Pause) done
Event: 5.933 Executing VM operation: G1PauseRemark
Event: 5.934 Executing VM operation: G1PauseRemark done
Event: 5.943 Executing VM operation: G1PauseCleanup
Event: 5.943 Executing VM operation: G1PauseCleanup done
Event: 6.152 Executing VM operation: HandshakeAllThreads (Deoptimize)
Event: 6.152 Executing VM operation: HandshakeAllThreads (Deoptimize) done
Event: 6.185 Executing VM operation: G1CollectForAllocation (G1 Evacuation Pause)
Event: 6.191 Executing VM operation: G1CollectForAllocation (G1 Evacuation Pause) done
Event: 6.195 Executing VM operation: HandshakeAllThreads (Deoptimize)
Event: 6.195 Executing VM operation: HandshakeAllThreads (Deoptimize) done
Event: 6.412 Executing VM operation: HandshakeAllThreads (Deoptimize)
Event: 6.412 Executing VM operation: HandshakeAllThreads (Deoptimize) done

Memory protections (0 events):
No events

Nmethod flushes (20 events):
Event: 5.934 Thread 0x0000012e2e02a560 flushing  nmethod 0x0000012e19dda210
Event: 5.934 Thread 0x0000012e2e02a560 flushing  nmethod 0x0000012e19ddb890
Event: 5.934 Thread 0x0000012e2e02a560 flushing  nmethod 0x0000012e19e05e90
Event: 5.934 Thread 0x0000012e2e02a560 flushing  nmethod 0x0000012e21669f90
Event: 5.934 Thread 0x0000012e2e02a560 flushing  nmethod 0x0000012e19ab3890
Event: 5.934 Thread 0x0000012e2e02a560 flushing  nmethod 0x0000012e19ab6990
Event: 5.934 Thread 0x0000012e2e02a560 flushing  nmethod 0x0000012e19ab7990
Event: 5.934 Thread 0x0000012e2e02a560 flushing  nmethod 0x0000012e19b70c90
Event: 5.934 Thread 0x0000012e2e02a560 flushing  nmethod 0x0000012e19b71310
Event: 5.934 Thread 0x0000012e2e02a560 flushing  nmethod 0x0000012e19bd8c90
Event: 5.934 Thread 0x0000012e2e02a560 flushing  nmethod 0x0000012e19bd9210
Event: 5.934 Thread 0x0000012e2e02a560 flushing  nmethod 0x0000012e19bd9a90
Event: 5.934 Thread 0x0000012e2e02a560 flushing  nmethod 0x0000012e19bdb710
Event: 5.934 Thread 0x0000012e2e02a560 flushing  nmethod 0x0000012e19da3310
Event: 5.934 Thread 0x0000012e2e02a560 flushing  nmethod 0x0000012e19da7590
Event: 5.934 Thread 0x0000012e2e02a560 flushing  nmethod 0x0000012e19de7790
Event: 5.934 Thread 0x0000012e2e02a560 flushing  nmethod 0x0000012e19e89e10
Event: 5.934 Thread 0x0000012e2e02a560 flushing  nmethod 0x0000012e19f2ee90
Event: 5.934 Thread 0x0000012e2e02a560 flushing  nmethod 0x0000012e19f31990
Event: 5.934 Thread 0x0000012e2e02a560 flushing  nmethod 0x0000012e1a067490

Events (20 events):
Event: 3.348 Thread 0x0000012e342bf820 Thread added: 0x0000012e3432df80
Event: 3.410 Thread 0x0000012e2e1dcde0 Thread added: 0x0000012e34a68810
Event: 3.814 Thread 0x0000012e342bf820 Thread added: 0x0000012e3432e610
Event: 4.004 Thread 0x0000012e342bf820 Thread added: 0x0000012e3432d8f0
Event: 4.013 Thread 0x0000012e342bf820 Thread added: 0x0000012e3432d260
Event: 4.176 Thread 0x0000012e342bf820 Thread added: 0x0000012e3432c540
Event: 4.182 Thread 0x0000012e342bf820 Thread added: 0x0000012e363a0280
Event: 4.288 Thread 0x0000012e342bf820 Thread added: 0x0000012e3639db20
Event: 4.288 Thread 0x0000012e342bf820 Thread added: 0x0000012e3639e1b0
Event: 4.288 Thread 0x0000012e342bf820 Thread added: 0x0000012e363a29e0
Event: 4.288 Thread 0x0000012e342bf820 Thread added: 0x0000012e3639c770
Event: 4.288 Thread 0x0000012e342bf820 Thread added: 0x0000012e3639eed0
Event: 4.288 Thread 0x0000012e342bf820 Thread added: 0x0000012e3639fbf0
Event: 4.289 Thread 0x0000012e342bf820 Thread added: 0x0000012e363a0910
Event: 4.289 Thread 0x0000012e342bf820 Thread added: 0x0000012e363a0fa0
Event: 4.790 Thread 0x0000012e342bf820 Thread added: 0x0000012e3639c0e0
Event: 4.886 Thread 0x0000012e342bf820 Thread added: 0x0000012e363a1630
Event: 4.937 Thread 0x0000012e342bf820 Thread added: 0x0000012e3639ce00
Event: 5.396 Thread 0x0000012e34a68810 Thread exited: 0x0000012e34a68810
Event: 5.867 Thread 0x0000012e2e1dcde0 Thread added: 0x0000012e2e822420


Dynamic libraries:
0x00007ff77fbd0000 - 0x00007ff77fbda000 	D:\Softwares\android studio\jbr\bin\java.exe
0x00007ffc36930000 - 0x00007ffc36b28000 	C:\Windows\SYSTEM32\ntdll.dll
0x00007ffc351a0000 - 0x00007ffc35262000 	C:\Windows\System32\KERNEL32.DLL
0x00007ffc341c0000 - 0x00007ffc344b6000 	C:\Windows\System32\KERNELBASE.dll
0x00007ffc33fc0000 - 0x00007ffc340c0000 	C:\Windows\System32\ucrtbase.dll
0x00007ffc310a0000 - 0x00007ffc310bb000 	D:\Softwares\android studio\jbr\bin\VCRUNTIME140.dll
0x00007ffc31080000 - 0x00007ffc31098000 	D:\Softwares\android studio\jbr\bin\jli.dll
0x00007ffc35490000 - 0x00007ffc3562d000 	C:\Windows\System32\USER32.dll
0x00007ffc34560000 - 0x00007ffc34582000 	C:\Windows\System32\win32u.dll
0x00007ffc20b90000 - 0x00007ffc20e2a000 	C:\Windows\WinSxS\amd64_microsoft.windows.common-controls_6595b64144ccf1df_6.0.19041.5915_none_60b4b9d171f9c7c7\COMCTL32.dll
0x00007ffc362b0000 - 0x00007ffc362db000 	C:\Windows\System32\GDI32.dll
0x00007ffc35270000 - 0x00007ffc3530e000 	C:\Windows\System32\msvcrt.dll
0x00007ffc34830000 - 0x00007ffc34949000 	C:\Windows\System32\gdi32full.dll
0x00007ffc344c0000 - 0x00007ffc3455d000 	C:\Windows\System32\msvcp_win.dll
0x00007ffc34a00000 - 0x00007ffc34a2f000 	C:\Windows\System32\IMM32.DLL
0x00007ffc310c0000 - 0x00007ffc310cc000 	D:\Softwares\android studio\jbr\bin\vcruntime140_1.dll
0x00007ffbf9560000 - 0x00007ffbf95ed000 	D:\Softwares\android studio\jbr\bin\msvcp140.dll
0x00007ffbcb3e0000 - 0x00007ffbcc06b000 	D:\Softwares\android studio\jbr\bin\server\jvm.dll
0x00007ffc35650000 - 0x00007ffc35701000 	C:\Windows\System32\ADVAPI32.dll
0x00007ffc35720000 - 0x00007ffc357bf000 	C:\Windows\System32\sechost.dll
0x00007ffc359e0000 - 0x00007ffc35b03000 	C:\Windows\System32\RPCRT4.dll
0x00007ffc34190000 - 0x00007ffc341b7000 	C:\Windows\System32\bcrypt.dll
0x00007ffc357c0000 - 0x00007ffc3582b000 	C:\Windows\System32\WS2_32.dll
0x00007ffc33500000 - 0x00007ffc3354b000 	C:\Windows\SYSTEM32\POWRPROF.dll
0x00007ffc30380000 - 0x00007ffc3038a000 	C:\Windows\SYSTEM32\VERSION.dll
0x00007ffc27510000 - 0x00007ffc27537000 	C:\Windows\SYSTEM32\WINMM.dll
0x00007ffc333c0000 - 0x00007ffc333d2000 	C:\Windows\SYSTEM32\UMPDC.dll
0x00007ffc31e40000 - 0x00007ffc31e52000 	C:\Windows\SYSTEM32\kernel.appcore.dll
0x00007ffc30e30000 - 0x00007ffc30e3a000 	D:\Softwares\android studio\jbr\bin\jimage.dll
0x00007ffc26bb0000 - 0x00007ffc26db1000 	C:\Windows\SYSTEM32\DBGHELP.DLL
0x00007ffc0ea00000 - 0x00007ffc0ea34000 	C:\Windows\SYSTEM32\dbgcore.DLL
0x00007ffc347a0000 - 0x00007ffc34822000 	C:\Windows\System32\bcryptPrimitives.dll
0x00007ffc2e040000 - 0x00007ffc2e04e000 	D:\Softwares\android studio\jbr\bin\instrument.dll
0x00007ffc30e10000 - 0x00007ffc30e30000 	D:\Softwares\android studio\jbr\bin\java.dll
0x00007ffc30df0000 - 0x00007ffc30e08000 	D:\Softwares\android studio\jbr\bin\zip.dll
0x00007ffc34a30000 - 0x00007ffc3519e000 	C:\Windows\System32\SHELL32.dll
0x00007ffc32040000 - 0x00007ffc327e4000 	C:\Windows\SYSTEM32\windows.storage.dll
0x00007ffc36590000 - 0x00007ffc368e3000 	C:\Windows\System32\combase.dll
0x00007ffc339f0000 - 0x00007ffc33a1b000 	C:\Windows\SYSTEM32\Wldp.dll
0x00007ffc35830000 - 0x00007ffc358fd000 	C:\Windows\System32\OLEAUT32.dll
0x00007ffc361a0000 - 0x00007ffc3624d000 	C:\Windows\System32\SHCORE.dll
0x00007ffc360b0000 - 0x00007ffc3610b000 	C:\Windows\System32\shlwapi.dll
0x00007ffc33ef0000 - 0x00007ffc33f15000 	C:\Windows\SYSTEM32\profapi.dll
0x00007ffc30de0000 - 0x00007ffc30df0000 	D:\Softwares\android studio\jbr\bin\net.dll
0x00007ffc2d030000 - 0x00007ffc2d13a000 	C:\Windows\SYSTEM32\WINHTTP.dll
0x00007ffc33750000 - 0x00007ffc337ba000 	C:\Windows\system32\mswsock.dll
0x00007ffc30140000 - 0x00007ffc30156000 	D:\Softwares\android studio\jbr\bin\nio.dll
0x00007ffc2e2b0000 - 0x00007ffc2e2c0000 	D:\Softwares\android studio\jbr\bin\verify.dll
0x00007ffc11300000 - 0x00007ffc11327000 	C:\Users\nimes\.gradle\native\c067742578af261105cb4f569cf0c3c89f3d7b1fecec35dd04571415982c5e48\windows-amd64\native-platform.dll
0x00007ffbd3e40000 - 0x00007ffbd3f84000 	C:\Users\nimes\.gradle\native\100fb08df4bc3b14c8652ba06237920a3bd2aa13389f12d3474272988ae205f9\windows-amd64\native-platform-file-events.dll
0x00007ffc2ff80000 - 0x00007ffc2ff89000 	D:\Softwares\android studio\jbr\bin\management.dll
0x00007ffc2ff70000 - 0x00007ffc2ff7b000 	D:\Softwares\android studio\jbr\bin\management_ext.dll
0x00007ffc35640000 - 0x00007ffc35648000 	C:\Windows\System32\PSAPI.DLL
0x00007ffc33950000 - 0x00007ffc33968000 	C:\Windows\SYSTEM32\CRYPTSP.dll
0x00007ffc33000000 - 0x00007ffc33038000 	C:\Windows\system32\rsaenh.dll
0x00007ffc33eb0000 - 0x00007ffc33ede000 	C:\Windows\SYSTEM32\USERENV.dll
0x00007ffc33940000 - 0x00007ffc3394c000 	C:\Windows\SYSTEM32\CRYPTBASE.dll
0x00007ffc333e0000 - 0x00007ffc3341b000 	C:\Windows\SYSTEM32\IPHLPAPI.DLL
0x00007ffc35630000 - 0x00007ffc35638000 	C:\Windows\System32\NSI.dll
0x00007ffc2ff90000 - 0x00007ffc2ff99000 	D:\Softwares\android studio\jbr\bin\extnet.dll
0x00007ffc300f0000 - 0x00007ffc300f7000 	C:\Windows\system32\wshunix.dll

dbghelp: loaded successfully - version: 4.0.5 - missing functions: none
symbol engine: initialized successfully - sym options: 0x614 - pdb path: .;D:\Softwares\android studio\jbr\bin;C:\Windows\SYSTEM32;C:\Windows\WinSxS\amd64_microsoft.windows.common-controls_6595b64144ccf1df_6.0.19041.5915_none_60b4b9d171f9c7c7;D:\Softwares\android studio\jbr\bin\server;C:\Users\nimes\.gradle\native\c067742578af261105cb4f569cf0c3c89f3d7b1fecec35dd04571415982c5e48\windows-amd64;C:\Users\nimes\.gradle\native\100fb08df4bc3b14c8652ba06237920a3bd2aa13389f12d3474272988ae205f9\windows-amd64

VM Arguments:
jvm_args: --add-opens=java.base/java.lang=ALL-UNNAMED --add-opens=java.base/java.lang.invoke=ALL-UNNAMED --add-opens=java.base/java.util=ALL-UNNAMED --add-opens=java.prefs/java.util.prefs=ALL-UNNAMED --add-exports=jdk.compiler/com.sun.tools.javac.api=ALL-UNNAMED --add-exports=jdk.compiler/com.sun.tools.javac.util=ALL-UNNAMED --add-opens=java.base/java.util=ALL-UNNAMED --add-opens=java.prefs/java.util.prefs=ALL-UNNAMED --add-opens=java.base/java.nio.charset=ALL-UNNAMED --add-opens=java.base/java.net=ALL-UNNAMED --add-opens=java.base/java.util.concurrent.atomic=ALL-UNNAMED --add-opens=java.xml/javax.xml.namespace=ALL-UNNAMED -Xmx2048m -Dfile.encoding=UTF-8 -Duser.country=US -Duser.language=en -Duser.variant -javaagent:C:\Users\nimes\.gradle\wrapper\dists\gradle-8.11.1-bin\bpt9gzteqjrbo1mjrsomdt32c\gradle-8.11.1\lib\agents\gradle-instrumentation-agent-8.11.1.jar 
java_command: org.gradle.launcher.daemon.bootstrap.GradleDaemon 8.11.1
java_class_path (initial): C:\Users\nimes\.gradle\wrapper\dists\gradle-8.11.1-bin\bpt9gzteqjrbo1mjrsomdt32c\gradle-8.11.1\lib\gradle-daemon-main-8.11.1.jar
Launcher Type: SUN_STANDARD

[Global flags]
     intx CICompilerCount                          = 4                                         {product} {ergonomic}
     uint ConcGCThreads                            = 2                                         {product} {ergonomic}
     uint G1ConcRefinementThreads                  = 8                                         {product} {ergonomic}
   size_t G1HeapRegionSize                         = 1048576                                   {product} {ergonomic}
    uintx GCDrainStackTargetSize                   = 64                                        {product} {ergonomic}
   size_t InitialHeapSize                          = 132120576                                 {product} {ergonomic}
   size_t MarkStackSize                            = 4194304                                   {product} {ergonomic}
   size_t MaxHeapSize                              = 2147483648                                {product} {command line}
   size_t MaxNewSize                               = 1287651328                                {product} {ergonomic}
   size_t MinHeapDeltaBytes                        = 1048576                                   {product} {ergonomic}
   size_t MinHeapSize                              = 8388608                                   {product} {ergonomic}
    uintx NonNMethodCodeHeapSize                   = 5839372                                {pd product} {ergonomic}
    uintx NonProfiledCodeHeapSize                  = 122909434                              {pd product} {ergonomic}
    uintx ProfiledCodeHeapSize                     = 122909434                              {pd product} {ergonomic}
    uintx ReservedCodeCacheSize                    = 251658240                              {pd product} {ergonomic}
     bool SegmentedCodeCache                       = true                                      {product} {ergonomic}
   size_t SoftMaxHeapSize                          = 2147483648                             {manageable} {ergonomic}
     bool UseCompressedOops                        = true                           {product lp64_product} {ergonomic}
     bool UseG1GC                                  = true                                      {product} {ergonomic}
     bool UseLargePagesIndividualAllocation        = false                                  {pd product} {ergonomic}

Logging:
Log output configuration:
 #0: stdout all=warning uptime,level,tags foldmultilines=false
 #1: stderr all=off uptime,level,tags foldmultilines=false

Environment Variables:
JAVA_HOME=C:\Program Files\Java
PATH=C:\Program Files\Common Files\Oracle\Java\javapath;c:\users\nimes\appdata\roaming\microsoft\windows\start menu\programs\python 3.12;c:\windows\system32;c:\windows;c:\windows\system32\wbem;c:\windows\system32\windowspowershell\v1.0\;c:\windows\system32\openssh\;c:\program files\dotnet\;c:\program files\microsoft sql server\150\tools\binn\;c:\program files\microsoft sql server\client sdk\odbc\170\tools\binn\;c:\programdata\chocolatey\bin;C:\Program Files (x86)\NVIDIA Corporation\PhysX\Common;C:\Program Files\Git\cmd;C:\Program Files\NVIDIA Corporation\NVIDIA App\NvDLISR;C:\Program Files\MySQL\MySQL Shell 8.0\bin\;C:\Users\nimes\AppData\Local\Programs\Python\Launcher\;C:\Users\nimes\AppData\Local\Microsoft\WindowsApps;D:\Softwares\Microsoft VS Code\bin;C:\Users\nimes\.dotnet\tools;C:\Users\nimes\AppData\Local\GitHubDesktop\bin;D:\Softwares\IntelliJ\IntelliJ IDEA Community Edition 2025.1.2\bin;
USERNAME=nimes
OS=Windows_NT
PROCESSOR_IDENTIFIER=Intel64 Family 6 Model 158 Stepping 13, GenuineIntel
TMP=C:\Users\nimes\AppData\Local\Temp
TEMP=C:\Users\nimes\AppData\Local\Temp




Periodic native trim disabled

JNI global refs:
JNI global refs: 28, weak refs: 1

JNI global refs memory usage: 835, weak refs: 833

Process memory usage:
Resident Set Size: 277100K (3% of 8229260K total physical memory with 477948K free physical memory)

OOME stack traces (most recent first):
Classloader memory used:
Loader org.gradle.internal.classloader.VisitableURLClassLoader                         : 25832K
Loader bootstrap                                                                       : 22018K
Loader org.gradle.initialization.MixInLegacyTypesClassLoader                           : 6416K
Loader org.gradle.internal.classloader.VisitableURLClassLoader                         : 726K
Loader jdk.internal.loader.ClassLoaders$PlatformClassLoader                            : 496K
Loader jdk.internal.loader.ClassLoaders$AppClassLoader                                 : 234K
Loader jdk.internal.reflect.DelegatingClassLoader                                      : 164K
Loader org.gradle.groovy.scripts.internal.DefaultScriptCompilationHandler$ScriptClassLoader: 36680B
Loader org.codehaus.groovy.runtime.callsite.CallSiteClassLoader                        : 7168B

Classes loaded by more than one classloader:
Class org.gradle.api.GradleException                                                  : loaded 3 times (x 78B)
Class org.gradle.internal.classloader.FilteringClassLoader                            : loaded 2 times (x 101B)
Class org.gradle.internal.classloader.ClassLoaderHierarchy                            : loaded 2 times (x 66B)
Class org.gradle.api.internal.classpath.ManifestUtil                                  : loaded 2 times (x 67B)
Class org.gradle.internal.operations.MultipleBuildOperationFailures                   : loaded 2 times (x 91B)
Class org.gradle.internal.classloader.DefaultClassLoaderFactory                       : loaded 2 times (x 78B)
Class kotlin.collections.AbstractList$Companion                                       : loaded 2 times (x 67B)
Class org.gradle.internal.classloader.ClassLoaderVisitor                              : loaded 2 times (x 72B)
Class org.gradle.api.internal.classpath.EffectiveClassPath                            : loaded 2 times (x 86B)
Class org.gradle.api.internal.DefaultClassPathProvider                                : loaded 2 times (x 72B)
Class [Lorg.gradle.api.internal.ClassPathProvider;                                    : loaded 2 times (x 65B)
Class org.gradle.api.internal.ClassPathProvider                                       : loaded 2 times (x 66B)
Class org.gradle.internal.service.UnknownServiceException                             : loaded 2 times (x 79B)
Class org.gradle.internal.classpath.TransformedClassPath                              : loaded 2 times (x 92B)
Class org.gradle.internal.classloader.InstrumentingClassLoader                        : loaded 2 times (x 66B)
Class kotlin.enums.EnumEntriesList                                                    : loaded 2 times (x 219B)
Class org.gradle.internal.service.ServiceLocator                                      : loaded 2 times (x 66B)
Class org.gradle.internal.InternalTransformer                                         : loaded 2 times (x 66B)
Class org.gradle.internal.time.DefaultTimer                                           : loaded 2 times (x 76B)
Class org.gradle.internal.classloader.ClasspathUtil$1                                 : loaded 2 times (x 72B)
Class org.gradle.api.internal.classpath.DefaultModuleRegistry$DefaultModule           : loaded 2 times (x 82B)
Class org.gradle.internal.time.DefaultCountdownTimer                                  : loaded 2 times (x 84B)
Class kotlin.Function                                                                 : loaded 2 times (x 66B)
Class org.gradle.api.internal.classpath.Module                                        : loaded 2 times (x 66B)
Class org.gradle.api.internal.classpath.UnknownModuleException                        : loaded 2 times (x 78B)
Class org.gradle.api.internal.DefaultClassPathRegistry                                : loaded 2 times (x 72B)
Class org.gradle.api.internal.ClassPathRegistry                                       : loaded 2 times (x 66B)
Class org.gradle.internal.classpath.DefaultClassPath$ImmutableUniqueList              : loaded 2 times (x 195B)
Class org.gradle.internal.classpath.ClassPath                                         : loaded 2 times (x 66B)
Class org.gradle.api.UncheckedIOException                                             : loaded 2 times (x 78B)
Class kotlin.UninitializedPropertyAccessException                                     : loaded 2 times (x 78B)
Class org.gradle.internal.installation.GradleInstallation$1                           : loaded 2 times (x 71B)
Class org.gradle.api.internal.classpath.ModuleRegistry                                : loaded 2 times (x 66B)
Class org.gradle.api.internal.classpath.DefaultModuleRegistry                         : loaded 2 times (x 82B)
Class org.gradle.internal.time.MonotonicClock                                         : loaded 2 times (x 73B)
Class org.gradle.internal.service.ServiceLookupException                              : loaded 2 times (x 78B)
Class org.gradle.internal.classloader.ClassLoaderFactory                              : loaded 2 times (x 66B)
Class org.gradle.internal.service.CachingServiceLocator                               : loaded 2 times (x 78B)
Class org.gradle.internal.time.TimeSource                                             : loaded 2 times (x 66B)
Class kotlin.enums.EnumEntries                                                        : loaded 2 times (x 66B)
Class org.gradle.internal.exceptions.ResolutionProvider                               : loaded 2 times (x 66B)
Class org.gradle.internal.classloader.ClasspathUtil                                   : loaded 2 times (x 67B)
Class org.gradle.internal.time.TimeSource$1                                           : loaded 2 times (x 73B)
Class org.gradle.api.specs.Spec                                                       : loaded 2 times (x 66B)
Class org.gradle.internal.time.Clock                                                  : loaded 2 times (x 66B)
Class kotlin.collections.AbstractList                                                 : loaded 2 times (x 193B)
Class kotlin.collections.AbstractCollection                                           : loaded 2 times (x 113B)
Class org.gradle.internal.classloader.VisitableURLClassLoader$InstrumentingVisitableURLClassLoader: loaded 2 times (x 119B)
Class org.gradle.internal.classloader.VisitableURLClassLoader$Spec                    : loaded 2 times (x 70B)
Class org.gradle.internal.classpath.DefaultClassPath                                  : loaded 2 times (x 86B)
Class org.gradle.internal.classloader.ClassLoaderSpec                                 : loaded 2 times (x 67B)
Class org.gradle.internal.classloader.VisitableURLClassLoader                         : loaded 2 times (x 113B)
Class org.gradle.internal.Cast                                                        : loaded 2 times (x 67B)
Class org.gradle.api.Action                                                           : loaded 2 times (x 66B)
Class kotlin.jvm.functions.Function1                                                  : loaded 2 times (x 66B)
Class org.gradle.internal.classpath.DefaultClassPath$ImmutableUniqueList$Builder      : loaded 2 times (x 71B)
Class kotlin.NotImplementedError                                                      : loaded 2 times (x 78B)
Class org.gradle.internal.exceptions.NonGradleCauseExceptionsHolder                   : loaded 2 times (x 66B)
Class kotlin.enums.EnumEntriesKt                                                      : loaded 2 times (x 67B)
Class org.gradle.internal.IoActions                                                   : loaded 2 times (x 67B)
Class org.gradle.internal.classloader.SystemClassLoaderSpec                           : loaded 2 times (x 67B)
Class org.gradle.internal.exceptions.MultiCauseException                              : loaded 2 times (x 66B)
Class org.gradle.internal.time.CountdownTimer                                         : loaded 2 times (x 66B)
Class kotlin.jvm.internal.Intrinsics                                                  : loaded 2 times (x 67B)
Class org.gradle.tooling.model.ProjectModel                                           : loaded 2 times (x 66B)
Class kotlin.KotlinNullPointerException                                               : loaded 2 times (x 79B)
Class org.gradle.internal.exceptions.DefaultMultiCauseException                       : loaded 2 times (x 91B)
Class org.gradle.internal.time.Time                                                   : loaded 2 times (x 67B)
Class org.gradle.api.internal.classpath.GlobalCacheRootsProvider                      : loaded 2 times (x 66B)
Class org.gradle.internal.time.Timer                                                  : loaded 2 times (x 66B)
Class kotlin.jvm.internal.markers.KMappedMarker                                       : loaded 2 times (x 66B)
Class org.gradle.internal.installation.CurrentGradleInstallationLocator               : loaded 2 times (x 67B)
Class org.gradle.internal.service.DefaultServiceLocator                               : loaded 2 times (x 79B)
Class org.gradle.util.GradleVersion                                                   : loaded 2 times (x 79B)
Class org.gradle.internal.installation.CurrentGradleInstallation                      : loaded 2 times (x 69B)
Class org.gradle.util.internal.GUtil                                                  : loaded 2 times (x 67B)
Class org.gradle.internal.installation.GradleInstallation                             : loaded 2 times (x 71B)

---------------  S Y S T E M  ---------------

OS:
 Windows 10 , 64 bit Build 19041 (10.0.19041.5915)
OS uptime: 0 days 10:46 hours

CPU: total 8 (initial active 8) (4 cores per cpu, 2 threads per core) family 6 model 158 stepping 13 microcode 0xb8, cx8, cmov, fxsr, ht, mmx, 3dnowpref, sse, sse2, sse3, ssse3, sse4.1, sse4.2, popcnt, lzcnt, tsc, tscinvbit, avx, avx2, aes, erms, clmul, bmi1, bmi2, adx, fma, vzeroupper, clflush, clflushopt, rdtscp, f16c
Processor Information for the first 8 processors :
  Max Mhz: 2401, Current Mhz: 2400, Mhz Limit: 2376

Memory: 4k page, system-wide physical 8036M (466M free)
TotalPageFile size 23218M (AvailPageFile size 1M)
current process WorkingSet (physical memory assigned to process): 270M, peak: 270M
current process commit charge ("private bytes"): 307M, peak: 308M

vm_info: OpenJDK 64-Bit Server VM (21.0.6+-13355223-b631.42) for windows-amd64 JRE (21.0.6+-13355223-b631.42), built on 2025-04-14T18:21:23Z by "builder" with MS VC++ 16.10 / 16.11 (VS2019)

END.
