#
# There is insufficient memory for the Java Runtime Environment to continue.
# Native memory allocation (malloc) failed to allocate 934752 bytes. Error detail: Chunk::new
# Possible reasons:
#   The system is out of physical RAM or swap space
#   This process is running with CompressedOops enabled, and the Java Heap may be blocking the growth of the native heap
# Possible solutions:
#   Reduce memory load on the system
#   Increase physical memory or swap space
#   Check if swap backing store is full
#   Decrease Java heap size (-Xmx/-Xms)
#   Decrease number of Java threads
#   Decrease Java thread stack sizes (-Xss)
#   Set larger code cache with -XX:ReservedCodeCacheSize=
#   JVM is running with Unscaled Compressed Oops mode in which the Java heap is
#     placed in the first 4GB address space. The Java Heap base address is the
#     maximum limit for the native heap growth. Please use -XX:HeapBaseMinAddress
#     to set the Java Heap base and to place the Java Heap above 4GB virtual address.
# This output file may be truncated or incomplete.
#
#  Out of Memory Error (arena.cpp:168), pid=1032, tid=12948
#
# JRE version: OpenJDK Runtime Environment (21.0.6) (build 21.0.6+-13355223-b631.42)
# Java VM: OpenJDK 64-Bit Server VM (21.0.6+-13355223-b631.42, mixed mode, tiered, compressed oops, compressed class ptrs, g1 gc, windows-amd64)
# No core dump will be written. Minidumps are not enabled by default on client versions of Windows
#

---------------  S U M M A R Y ------------

Command Line: --add-opens=java.base/java.lang=ALL-UNNAMED --add-opens=java.base/java.lang.invoke=ALL-UNNAMED --add-opens=java.base/java.util=ALL-UNNAMED --add-opens=java.prefs/java.util.prefs=ALL-UNNAMED --add-exports=jdk.compiler/com.sun.tools.javac.api=ALL-UNNAMED --add-exports=jdk.compiler/com.sun.tools.javac.util=ALL-UNNAMED --add-opens=java.base/java.util=ALL-UNNAMED --add-opens=java.prefs/java.util.prefs=ALL-UNNAMED --add-opens=java.base/java.nio.charset=ALL-UNNAMED --add-opens=java.base/java.net=ALL-UNNAMED --add-opens=java.base/java.util.concurrent.atomic=ALL-UNNAMED --add-opens=java.xml/javax.xml.namespace=ALL-UNNAMED -Xmx2048m -Dfile.encoding=UTF-8 -Duser.country=US -Duser.language=en -Duser.variant -javaagent:C:\Users\nimes\.gradle\wrapper\dists\gradle-8.11.1-bin\bpt9gzteqjrbo1mjrsomdt32c\gradle-8.11.1\lib\agents\gradle-instrumentation-agent-8.11.1.jar org.gradle.launcher.daemon.bootstrap.GradleDaemon 8.11.1

Host: Intel(R) Core(TM) i5-9300H CPU @ 2.40GHz, 8 cores, 7G,  Windows 10 , 64 bit Build 19041 (10.0.19041.5915)
Time: Sun Jun 22 18:22:30 2025 Sri Lanka Standard Time elapsed time: 3.529932 seconds (0d 0h 0m 3s)

---------------  T H R E A D  ---------------

Current thread (0x0000017894656320):  JavaThread "C2 CompilerThread1" daemon [_thread_in_native, id=12948, stack(0x000000627f700000,0x000000627f800000) (1024K)]


Current CompileTask:
C2:3529 4540       4       java.util.regex.Pattern::compile (537 bytes)

Stack: [0x000000627f700000,0x000000627f800000]
Native frames: (J=compiled Java code, j=interpreted, Vv=VM code, C=native code)
V  [jvm.dll+0x6d05a9]
V  [jvm.dll+0x85ea73]
V  [jvm.dll+0x860fce]
V  [jvm.dll+0x8616b3]
V  [jvm.dll+0x27e6e6]
V  [jvm.dll+0xbff6d]
V  [jvm.dll+0xc04a3]
V  [jvm.dll+0x3b616b]
V  [jvm.dll+0x382097]
V  [jvm.dll+0x38150a]
V  [jvm.dll+0x247c82]
V  [jvm.dll+0x247251]
V  [jvm.dll+0x1c5f04]
V  [jvm.dll+0x2569ac]
V  [jvm.dll+0x254ef6]
V  [jvm.dll+0x3f0e56]
V  [jvm.dll+0x806e48]
V  [jvm.dll+0x6cee7d]
C  [ucrtbase.dll+0x21bb2]
C  [KERNEL32.DLL+0x17374]
C  [ntdll.dll+0x4cc91]


---------------  P R O C E S S  ---------------

Threads class SMR info:
_java_thread_list=0x000001789bbbdc90, length=42, elements={
0x00000178fc881e10, 0x00000178941fc360, 0x00000178941fd170, 0x0000017894205e70,
0x00000178941e4d60, 0x00000178941e57b0, 0x00000178941e6200, 0x0000017894218f00,
0x0000017894219990, 0x00000178943038f0, 0x000001789450e3d0, 0x0000017894656320,
0x0000017894908270, 0x000001789a2fde20, 0x000001789a2f7e90, 0x000001789a3d8770,
0x000001789a1eccb0, 0x000001789a1ed310, 0x000001789a4b16f0, 0x000001789a234e70,
0x000001789a2354d0, 0x000001789a401ea0, 0x000001789a403250, 0x000001789a401810,
0x000001789a4038e0, 0x000001789a400460, 0x000001789a401180, 0x000001789a400af0,
0x000001789a402530, 0x000001789a402bc0, 0x000001789b53bd40, 0x000001789b53c3d0,
0x000001789b539c70, 0x000001789b53a990, 0x000001789b5388c0, 0x000001789b53de10,
0x000001789b53d0f0, 0x000001789b53b6b0, 0x000001789b53d780, 0x000001789b53a300,
0x000001789b53ca60, 0x000001789b537ba0
}

Java Threads: ( => current thread )
  0x00000178fc881e10 JavaThread "main"                              [_thread_blocked, id=2360, stack(0x000000627e500000,0x000000627e600000) (1024K)]
  0x00000178941fc360 JavaThread "Reference Handler"          daemon [_thread_blocked, id=4596, stack(0x000000627ed00000,0x000000627ee00000) (1024K)]
  0x00000178941fd170 JavaThread "Finalizer"                  daemon [_thread_blocked, id=12588, stack(0x000000627ee00000,0x000000627ef00000) (1024K)]
  0x0000017894205e70 JavaThread "Signal Dispatcher"          daemon [_thread_blocked, id=5664, stack(0x000000627ef00000,0x000000627f000000) (1024K)]
  0x00000178941e4d60 JavaThread "Attach Listener"            daemon [_thread_blocked, id=11308, stack(0x000000627f000000,0x000000627f100000) (1024K)]
  0x00000178941e57b0 JavaThread "Service Thread"             daemon [_thread_blocked, id=13888, stack(0x000000627f100000,0x000000627f200000) (1024K)]
  0x00000178941e6200 JavaThread "Monitor Deflation Thread"   daemon [_thread_blocked, id=14892, stack(0x000000627f200000,0x000000627f300000) (1024K)]
  0x0000017894218f00 JavaThread "C2 CompilerThread0"         daemon [_thread_in_native, id=12996, stack(0x000000627f300000,0x000000627f400000) (1024K)]
  0x0000017894219990 JavaThread "C1 CompilerThread0"         daemon [_thread_blocked, id=12920, stack(0x000000627f400000,0x000000627f500000) (1024K)]
  0x00000178943038f0 JavaThread "Common-Cleaner"             daemon [_thread_blocked, id=8580, stack(0x000000627f500000,0x000000627f600000) (1024K)]
  0x000001789450e3d0 JavaThread "Notification Thread"        daemon [_thread_blocked, id=6756, stack(0x000000627f600000,0x000000627f700000) (1024K)]
=>0x0000017894656320 JavaThread "C2 CompilerThread1"         daemon [_thread_in_native, id=12948, stack(0x000000627f700000,0x000000627f800000) (1024K)]
  0x0000017894908270 JavaThread "C2 CompilerThread2"         daemon [_thread_in_native, id=2388, stack(0x000000627f800000,0x000000627f900000) (1024K)]
  0x000001789a2fde20 JavaThread "Daemon health stats"               [_thread_blocked, id=12236, stack(0x000000627fe00000,0x000000627ff00000) (1024K)]
  0x000001789a2f7e90 JavaThread "Incoming local TCP Connector on port 60903"        [_thread_in_native, id=4768, stack(0x000000627ff00000,0x0000006280000000) (1024K)]
  0x000001789a3d8770 JavaThread "Daemon periodic checks"            [_thread_blocked, id=8972, stack(0x0000006200000000,0x0000006200100000) (1024K)]
  0x000001789a1eccb0 JavaThread "Daemon"                            [_thread_blocked, id=5816, stack(0x0000006200100000,0x0000006200200000) (1024K)]
  0x000001789a1ed310 JavaThread "Handler for socket connection from /127.0.0.1:60903 to /127.0.0.1:60904"        [_thread_in_native, id=6980, stack(0x0000006200200000,0x0000006200300000) (1024K)]
  0x000001789a4b16f0 JavaThread "Cancel handler"                    [_thread_blocked, id=14456, stack(0x0000006200300000,0x0000006200400000) (1024K)]
  0x000001789a234e70 JavaThread "Daemon worker"                     [_thread_in_vm, id=11260, stack(0x0000006200400000,0x0000006200500000) (1024K)]
  0x000001789a2354d0 JavaThread "Asynchronous log dispatcher for DefaultDaemonConnection: socket connection from /127.0.0.1:60903 to /127.0.0.1:60904"        [_thread_blocked, id=6588, stack(0x0000006200500000,0x0000006200600000) (1024K)]
  0x000001789a401ea0 JavaThread "Stdin handler"                     [_thread_blocked, id=5548, stack(0x0000006200600000,0x0000006200700000) (1024K)]
  0x000001789a403250 JavaThread "Daemon client event forwarder"        [_thread_blocked, id=9532, stack(0x0000006200700000,0x0000006200800000) (1024K)]
  0x000001789a401810 JavaThread "Cache worker for journal cache (C:\Users\nimes\.gradle\caches\journal-1)"        [_thread_blocked, id=7716, stack(0x0000006200b00000,0x0000006200c00000) (1024K)]
  0x000001789a4038e0 JavaThread "File lock request listener"        [_thread_in_native, id=7692, stack(0x0000006200c00000,0x0000006200d00000) (1024K)]
  0x000001789a400460 JavaThread "Cache worker for file hash cache (C:\Users\nimes\.gradle\caches\8.11.1\fileHashes)"        [_thread_blocked, id=10104, stack(0x0000006200d00000,0x0000006200e00000) (1024K)]
  0x000001789a401180 JavaThread "Cache worker for file content cache (C:\Users\nimes\.gradle\caches\8.11.1\fileContent)"        [_thread_blocked, id=9828, stack(0x0000006200e00000,0x0000006200f00000) (1024K)]
  0x000001789a400af0 JavaThread "Cache worker for file hash cache (E:\OUSL\ousl works\android app dev\Fitness app final project\Test\.gradle\8.11.1\fileHashes)"        [_thread_blocked, id=12844, stack(0x0000006200f00000,0x0000006201000000) (1024K)]
  0x000001789a402530 JavaThread "Cache worker for Build Output Cleanup Cache (E:\OUSL\ousl works\android app dev\Fitness app final project\Test\.gradle\buildOutputCleanup)"        [_thread_blocked, id=13748, stack(0x0000006201000000,0x0000006201100000) (1024K)]
  0x000001789a402bc0 JavaThread "File watcher server"        daemon [_thread_in_native, id=3196, stack(0x0000006201100000,0x0000006201200000) (1024K)]
  0x000001789b53bd40 JavaThread "File watcher consumer"      daemon [_thread_blocked, id=12144, stack(0x0000006201200000,0x0000006201300000) (1024K)]
  0x000001789b53c3d0 JavaThread "jar transforms"                    [_thread_blocked, id=15124, stack(0x0000006201300000,0x0000006201400000) (1024K)]
  0x000001789b539c70 JavaThread "jar transforms Thread 2"           [_thread_blocked, id=10936, stack(0x0000006201400000,0x0000006201500000) (1024K)]
  0x000001789b53a990 JavaThread "jar transforms Thread 3"           [_thread_blocked, id=11964, stack(0x0000006201500000,0x0000006201600000) (1024K)]
  0x000001789b5388c0 JavaThread "jar transforms Thread 4"           [_thread_blocked, id=8876, stack(0x0000006201600000,0x0000006201700000) (1024K)]
  0x000001789b53de10 JavaThread "jar transforms Thread 5"           [_thread_blocked, id=11800, stack(0x0000006201700000,0x0000006201800000) (1024K)]
  0x000001789b53d0f0 JavaThread "jar transforms Thread 6"           [_thread_blocked, id=14252, stack(0x0000006201800000,0x0000006201900000) (1024K)]
  0x000001789b53b6b0 JavaThread "jar transforms Thread 7"           [_thread_blocked, id=3804, stack(0x0000006201900000,0x0000006201a00000) (1024K)]
  0x000001789b53d780 JavaThread "jar transforms Thread 8"           [_thread_blocked, id=8984, stack(0x0000006201a00000,0x0000006201b00000) (1024K)]
  0x000001789b53a300 JavaThread "Cache worker for checksums cache (E:\OUSL\ousl works\android app dev\Fitness app final project\Test\.gradle\8.11.1\checksums)"        [_thread_blocked, id=14136, stack(0x0000006201b00000,0x0000006201c00000) (1024K)]
  0x000001789b53ca60 JavaThread "Cache worker for cache directory md-rule (C:\Users\nimes\.gradle\caches\8.11.1\md-rule)"        [_thread_blocked, id=9148, stack(0x0000006201c00000,0x0000006201d00000) (1024K)]
  0x000001789b537ba0 JavaThread "Cache worker for cache directory md-supplier (C:\Users\nimes\.gradle\caches\8.11.1\md-supplier)"        [_thread_blocked, id=13584, stack(0x0000006201d00000,0x0000006201e00000) (1024K)]
Total: 42

Other Threads:
  0x00000178fa5b3f20 VMThread "VM Thread"                           [id=4832, stack(0x000000627ec00000,0x000000627ed00000) (1024K)]
  0x0000017893fc7140 WatcherThread "VM Periodic Task Thread"        [id=7732, stack(0x000000627eb00000,0x000000627ec00000) (1024K)]
  0x00000178fa5b4a00 WorkerThread "GC Thread#0"                     [id=12052, stack(0x000000627e600000,0x000000627e700000) (1024K)]
  0x00000178fa5b4da0 WorkerThread "GC Thread#1"                     [id=7688, stack(0x000000627f900000,0x000000627fa00000) (1024K)]
  0x00000178fa5b42c0 WorkerThread "GC Thread#2"                     [id=11496, stack(0x000000627fa00000,0x000000627fb00000) (1024K)]
  0x000001789958baa0 WorkerThread "GC Thread#3"                     [id=6900, stack(0x000000627fb00000,0x000000627fc00000) (1024K)]
  0x000001789958a4e0 WorkerThread "GC Thread#4"                     [id=11012, stack(0x000000627fc00000,0x000000627fd00000) (1024K)]
  0x000001789958d7a0 WorkerThread "GC Thread#5"                     [id=5368, stack(0x000000627fd00000,0x000000627fe00000) (1024K)]
  0x000001789958c1e0 WorkerThread "GC Thread#6"                     [id=9964, stack(0x0000006200800000,0x0000006200900000) (1024K)]
  0x000001789958d400 WorkerThread "GC Thread#7"                     [id=11904, stack(0x0000006200900000,0x0000006200a00000) (1024K)]
  0x00000178fc8eaf30 ConcurrentGCThread "G1 Main Marker"            [id=8760, stack(0x000000627e700000,0x000000627e800000) (1024K)]
  0x00000178fa5b4660 WorkerThread "G1 Conc#0"                       [id=12620, stack(0x000000627e800000,0x000000627e900000) (1024K)]
  0x000001789958c580 WorkerThread "G1 Conc#1"                       [id=4996, stack(0x0000006200a00000,0x0000006200b00000) (1024K)]
  0x0000017893e9a110 ConcurrentGCThread "G1 Refine#0"               [id=7248, stack(0x000000627e900000,0x000000627ea00000) (1024K)]
  0x0000017893e9aa90 ConcurrentGCThread "G1 Service"                [id=11656, stack(0x000000627ea00000,0x000000627eb00000) (1024K)]
Total: 15

Threads with active compile tasks:
C2 CompilerThread0  3541 4536       4       jdk.internal.jimage.ImageLocation::getFullName (109 bytes)
C2 CompilerThread1  3541 4540       4       java.util.regex.Pattern::compile (537 bytes)
C2 CompilerThread2  3541 4627       4       java.lang.PublicMethods$Key::hashCode (19 bytes)
Total: 3

VM state: not at safepoint (normal execution)

VM Mutex/Monitor currently owned by a thread: None

Heap address: 0x0000000080000000, size: 2048 MB, Compressed Oops mode: 32-bit

CDS archive(s) not mapped
Compressed class space mapped at: 0x0000000100000000-0x0000000140000000, reserved size: 1073741824
Narrow klass base: 0x0000000000000000, Narrow klass shift: 3, Narrow klass range: 0x140000000

GC Precious Log:
 CardTable entry size: 512
 Card Set container configuration: InlinePtr #cards 5 size 8 Array Of Cards #cards 12 size 40 Howl #buckets 4 coarsen threshold 1843 Howl Bitmap #cards 512 size 80 coarsen threshold 460 Card regions per heap region 1 cards per card region 2048
 CPUs: 8 total, 8 available
 Memory: 8036M
 Large Page Support: Disabled
 NUMA Support: Disabled
 Compressed Oops: Enabled (32-bit)
 Heap Region Size: 1M
 Heap Min Capacity: 8M
 Heap Initial Capacity: 126M
 Heap Max Capacity: 2G
 Pre-touch: Disabled
 Parallel Workers: 8
 Concurrent Workers: 2
 Concurrent Refinement Workers: 8
 Periodic GC: Disabled

Heap:
 garbage-first heap   total 114688K, used 61912K [0x0000000080000000, 0x0000000100000000)
  region size 1024K, 19 young (19456K), 7 survivors (7168K)
 Metaspace       used 49466K, committed 50816K, reserved 1114112K
  class space    used 6681K, committed 7360K, reserved 1048576K

Heap Regions: E=young(eden), S=young(survivor), O=old, HS=humongous(starts), HC=humongous(continues), CS=collection set, F=free, TAMS=top-at-mark-start, PB=parsable bottom
|   0|0x0000000080000000, 0x0000000080100000, 0x0000000080100000|100%| O|  |TAMS 0x0000000080000000| PB 0x0000000080000000| Untracked 
|   1|0x0000000080100000, 0x0000000080200000, 0x0000000080200000|100%|HS|  |TAMS 0x0000000080100000| PB 0x0000000080100000| Complete 
|   2|0x0000000080200000, 0x0000000080300000, 0x0000000080300000|100%|HC|  |TAMS 0x0000000080200000| PB 0x0000000080200000| Complete 
|   3|0x0000000080300000, 0x0000000080400000, 0x0000000080400000|100%|HC|  |TAMS 0x0000000080300000| PB 0x0000000080300000| Complete 
|   4|0x0000000080400000, 0x0000000080400000, 0x0000000080500000|  0%| F|  |TAMS 0x0000000080400000| PB 0x0000000080400000| Untracked 
|   5|0x0000000080500000, 0x0000000080600000, 0x0000000080600000|100%| O|  |TAMS 0x0000000080500000| PB 0x0000000080500000| Untracked 
|   6|0x0000000080600000, 0x0000000080700000, 0x0000000080700000|100%| O|  |TAMS 0x0000000080600000| PB 0x0000000080600000| Untracked 
|   7|0x0000000080700000, 0x0000000080800000, 0x0000000080800000|100%|HS|  |TAMS 0x0000000080700000| PB 0x0000000080700000| Complete 
|   8|0x0000000080800000, 0x0000000080900000, 0x0000000080900000|100%|HS|  |TAMS 0x0000000080800000| PB 0x0000000080800000| Complete 
|   9|0x0000000080900000, 0x0000000080a00000, 0x0000000080a00000|100%| O|  |TAMS 0x0000000080900000| PB 0x0000000080900000| Untracked 
|  10|0x0000000080a00000, 0x0000000080b00000, 0x0000000080b00000|100%| O|  |TAMS 0x0000000080a00000| PB 0x0000000080a00000| Untracked 
|  11|0x0000000080b00000, 0x0000000080c00000, 0x0000000080c00000|100%| O|  |TAMS 0x0000000080b00000| PB 0x0000000080b00000| Untracked 
|  12|0x0000000080c00000, 0x0000000080d00000, 0x0000000080d00000|100%| O|  |TAMS 0x0000000080c00000| PB 0x0000000080c00000| Untracked 
|  13|0x0000000080d00000, 0x0000000080e00000, 0x0000000080e00000|100%| O|  |TAMS 0x0000000080d00000| PB 0x0000000080d00000| Untracked 
|  14|0x0000000080e00000, 0x0000000080f00000, 0x0000000080f00000|100%|HS|  |TAMS 0x0000000080e00000| PB 0x0000000080e00000| Complete 
|  15|0x0000000080f00000, 0x0000000081000000, 0x0000000081000000|100%|HC|  |TAMS 0x0000000080f00000| PB 0x0000000080f00000| Complete 
|  16|0x0000000081000000, 0x0000000081100000, 0x0000000081100000|100%|HC|  |TAMS 0x0000000081000000| PB 0x0000000081000000| Complete 
|  17|0x0000000081100000, 0x0000000081200000, 0x0000000081200000|100%|HC|  |TAMS 0x0000000081100000| PB 0x0000000081100000| Complete 
|  18|0x0000000081200000, 0x0000000081300000, 0x0000000081300000|100%|HC|  |TAMS 0x0000000081200000| PB 0x0000000081200000| Complete 
|  19|0x0000000081300000, 0x0000000081400000, 0x0000000081400000|100%|HC|  |TAMS 0x0000000081300000| PB 0x0000000081300000| Complete 
|  20|0x0000000081400000, 0x0000000081500000, 0x0000000081500000|100%|HS|  |TAMS 0x0000000081400000| PB 0x0000000081400000| Complete 
|  21|0x0000000081500000, 0x0000000081600000, 0x0000000081600000|100%|HC|  |TAMS 0x0000000081500000| PB 0x0000000081500000| Complete 
|  22|0x0000000081600000, 0x0000000081700000, 0x0000000081700000|100%|HC|  |TAMS 0x0000000081600000| PB 0x0000000081600000| Complete 
|  23|0x0000000081700000, 0x0000000081800000, 0x0000000081800000|100%|HC|  |TAMS 0x0000000081700000| PB 0x0000000081700000| Complete 
|  24|0x0000000081800000, 0x0000000081900000, 0x0000000081900000|100%|HS|  |TAMS 0x0000000081800000| PB 0x0000000081800000| Complete 
|  25|0x0000000081900000, 0x0000000081a00000, 0x0000000081a00000|100%|HC|  |TAMS 0x0000000081900000| PB 0x0000000081900000| Complete 
|  26|0x0000000081a00000, 0x0000000081b00000, 0x0000000081b00000|100%| O|  |TAMS 0x0000000081a00000| PB 0x0000000081a00000| Untracked 
|  27|0x0000000081b00000, 0x0000000081b76190, 0x0000000081c00000| 46%| O|  |TAMS 0x0000000081b00000| PB 0x0000000081b00000| Untracked 
|  28|0x0000000081c00000, 0x0000000081c00000, 0x0000000081d00000|  0%| F|  |TAMS 0x0000000081c00000| PB 0x0000000081c00000| Untracked 
|  29|0x0000000081d00000, 0x0000000081d00000, 0x0000000081e00000|  0%| F|  |TAMS 0x0000000081d00000| PB 0x0000000081d00000| Untracked 
|  30|0x0000000081e00000, 0x0000000081e00000, 0x0000000081f00000|  0%| F|  |TAMS 0x0000000081e00000| PB 0x0000000081e00000| Untracked 
|  31|0x0000000081f00000, 0x0000000082000000, 0x0000000082000000|100%| O|  |TAMS 0x0000000081f00000| PB 0x0000000081f00000| Untracked 
|  32|0x0000000082000000, 0x0000000082100000, 0x0000000082100000|100%| O|  |TAMS 0x0000000082000000| PB 0x0000000082000000| Untracked 
|  33|0x0000000082100000, 0x0000000082200000, 0x0000000082200000|100%| O|  |TAMS 0x0000000082100000| PB 0x0000000082100000| Untracked 
|  34|0x0000000082200000, 0x0000000082300000, 0x0000000082300000|100%| O|  |TAMS 0x0000000082200000| PB 0x0000000082200000| Untracked 
|  35|0x0000000082300000, 0x0000000082400000, 0x0000000082400000|100%| O|  |TAMS 0x0000000082300000| PB 0x0000000082300000| Untracked 
|  36|0x0000000082400000, 0x0000000082500000, 0x0000000082500000|100%| O|  |TAMS 0x0000000082400000| PB 0x0000000082400000| Untracked 
|  37|0x0000000082500000, 0x0000000082600000, 0x0000000082600000|100%| O|  |TAMS 0x0000000082500000| PB 0x0000000082500000| Untracked 
|  38|0x0000000082600000, 0x0000000082600000, 0x0000000082700000|  0%| F|  |TAMS 0x0000000082600000| PB 0x0000000082600000| Untracked 
|  39|0x0000000082700000, 0x0000000082700000, 0x0000000082800000|  0%| F|  |TAMS 0x0000000082700000| PB 0x0000000082700000| Untracked 
|  40|0x0000000082800000, 0x0000000082800000, 0x0000000082900000|  0%| F|  |TAMS 0x0000000082800000| PB 0x0000000082800000| Untracked 
|  41|0x0000000082900000, 0x0000000082900000, 0x0000000082a00000|  0%| F|  |TAMS 0x0000000082900000| PB 0x0000000082900000| Untracked 
|  42|0x0000000082a00000, 0x0000000082a00000, 0x0000000082b00000|  0%| F|  |TAMS 0x0000000082a00000| PB 0x0000000082a00000| Untracked 
|  43|0x0000000082b00000, 0x0000000082b00000, 0x0000000082c00000|  0%| F|  |TAMS 0x0000000082b00000| PB 0x0000000082b00000| Untracked 
|  44|0x0000000082c00000, 0x0000000082c00000, 0x0000000082d00000|  0%| F|  |TAMS 0x0000000082c00000| PB 0x0000000082c00000| Untracked 
|  45|0x0000000082d00000, 0x0000000082e00000, 0x0000000082e00000|100%| S|CS|TAMS 0x0000000082d00000| PB 0x0000000082d00000| Complete 
|  46|0x0000000082e00000, 0x0000000082f00000, 0x0000000082f00000|100%| S|CS|TAMS 0x0000000082e00000| PB 0x0000000082e00000| Complete 
|  47|0x0000000082f00000, 0x0000000083000000, 0x0000000083000000|100%| S|CS|TAMS 0x0000000082f00000| PB 0x0000000082f00000| Complete 
|  48|0x0000000083000000, 0x0000000083100000, 0x0000000083100000|100%| S|CS|TAMS 0x0000000083000000| PB 0x0000000083000000| Complete 
|  49|0x0000000083100000, 0x0000000083200000, 0x0000000083200000|100%| S|CS|TAMS 0x0000000083100000| PB 0x0000000083100000| Complete 
|  50|0x0000000083200000, 0x0000000083300000, 0x0000000083300000|100%| S|CS|TAMS 0x0000000083200000| PB 0x0000000083200000| Complete 
|  51|0x0000000083300000, 0x0000000083400000, 0x0000000083400000|100%| S|CS|TAMS 0x0000000083300000| PB 0x0000000083300000| Complete 
|  52|0x0000000083400000, 0x0000000083400000, 0x0000000083500000|  0%| F|  |TAMS 0x0000000083400000| PB 0x0000000083400000| Untracked 
|  53|0x0000000083500000, 0x0000000083500000, 0x0000000083600000|  0%| F|  |TAMS 0x0000000083500000| PB 0x0000000083500000| Untracked 
|  54|0x0000000083600000, 0x0000000083600000, 0x0000000083700000|  0%| F|  |TAMS 0x0000000083600000| PB 0x0000000083600000| Untracked 
|  55|0x0000000083700000, 0x0000000083700000, 0x0000000083800000|  0%| F|  |TAMS 0x0000000083700000| PB 0x0000000083700000| Untracked 
|  56|0x0000000083800000, 0x0000000083800000, 0x0000000083900000|  0%| F|  |TAMS 0x0000000083800000| PB 0x0000000083800000| Untracked 
|  57|0x0000000083900000, 0x0000000083900000, 0x0000000083a00000|  0%| F|  |TAMS 0x0000000083900000| PB 0x0000000083900000| Untracked 
|  58|0x0000000083a00000, 0x0000000083a00000, 0x0000000083b00000|  0%| F|  |TAMS 0x0000000083a00000| PB 0x0000000083a00000| Untracked 
|  59|0x0000000083b00000, 0x0000000083b00000, 0x0000000083c00000|  0%| F|  |TAMS 0x0000000083b00000| PB 0x0000000083b00000| Untracked 
|  60|0x0000000083c00000, 0x0000000083c00000, 0x0000000083d00000|  0%| F|  |TAMS 0x0000000083c00000| PB 0x0000000083c00000| Untracked 
|  61|0x0000000083d00000, 0x0000000083d00000, 0x0000000083e00000|  0%| F|  |TAMS 0x0000000083d00000| PB 0x0000000083d00000| Untracked 
|  62|0x0000000083e00000, 0x0000000083e00000, 0x0000000083f00000|  0%| F|  |TAMS 0x0000000083e00000| PB 0x0000000083e00000| Untracked 
|  63|0x0000000083f00000, 0x0000000083f00000, 0x0000000084000000|  0%| F|  |TAMS 0x0000000083f00000| PB 0x0000000083f00000| Untracked 
|  64|0x0000000084000000, 0x0000000084000000, 0x0000000084100000|  0%| F|  |TAMS 0x0000000084000000| PB 0x0000000084000000| Untracked 
|  65|0x0000000084100000, 0x0000000084100000, 0x0000000084200000|  0%| F|  |TAMS 0x0000000084100000| PB 0x0000000084100000| Untracked 
|  66|0x0000000084200000, 0x0000000084200000, 0x0000000084300000|  0%| F|  |TAMS 0x0000000084200000| PB 0x0000000084200000| Untracked 
|  67|0x0000000084300000, 0x0000000084300000, 0x0000000084400000|  0%| F|  |TAMS 0x0000000084300000| PB 0x0000000084300000| Untracked 
|  68|0x0000000084400000, 0x0000000084400000, 0x0000000084500000|  0%| F|  |TAMS 0x0000000084400000| PB 0x0000000084400000| Untracked 
|  69|0x0000000084500000, 0x0000000084500000, 0x0000000084600000|  0%| F|  |TAMS 0x0000000084500000| PB 0x0000000084500000| Untracked 
|  70|0x0000000084600000, 0x0000000084600000, 0x0000000084700000|  0%| F|  |TAMS 0x0000000084600000| PB 0x0000000084600000| Untracked 
|  71|0x0000000084700000, 0x0000000084700000, 0x0000000084800000|  0%| F|  |TAMS 0x0000000084700000| PB 0x0000000084700000| Untracked 
|  72|0x0000000084800000, 0x0000000084800000, 0x0000000084900000|  0%| F|  |TAMS 0x0000000084800000| PB 0x0000000084800000| Untracked 
|  73|0x0000000084900000, 0x0000000084900000, 0x0000000084a00000|  0%| F|  |TAMS 0x0000000084900000| PB 0x0000000084900000| Untracked 
|  74|0x0000000084a00000, 0x0000000084a00000, 0x0000000084b00000|  0%| F|  |TAMS 0x0000000084a00000| PB 0x0000000084a00000| Untracked 
|  75|0x0000000084b00000, 0x0000000084b00000, 0x0000000084c00000|  0%| F|  |TAMS 0x0000000084b00000| PB 0x0000000084b00000| Untracked 
|  76|0x0000000084c00000, 0x0000000084c00000, 0x0000000084d00000|  0%| F|  |TAMS 0x0000000084c00000| PB 0x0000000084c00000| Untracked 
|  77|0x0000000084d00000, 0x0000000084d00000, 0x0000000084e00000|  0%| F|  |TAMS 0x0000000084d00000| PB 0x0000000084d00000| Untracked 
|  78|0x0000000084e00000, 0x0000000084e00000, 0x0000000084f00000|  0%| F|  |TAMS 0x0000000084e00000| PB 0x0000000084e00000| Untracked 
|  79|0x0000000084f00000, 0x0000000084f00000, 0x0000000085000000|  0%| F|  |TAMS 0x0000000084f00000| PB 0x0000000084f00000| Untracked 
|  80|0x0000000085000000, 0x0000000085000000, 0x0000000085100000|  0%| F|  |TAMS 0x0000000085000000| PB 0x0000000085000000| Untracked 
|  81|0x0000000085100000, 0x0000000085100000, 0x0000000085200000|  0%| F|  |TAMS 0x0000000085100000| PB 0x0000000085100000| Untracked 
|  82|0x0000000085200000, 0x0000000085200000, 0x0000000085300000|  0%| F|  |TAMS 0x0000000085200000| PB 0x0000000085200000| Untracked 
|  83|0x0000000085300000, 0x0000000085300000, 0x0000000085400000|  0%| F|  |TAMS 0x0000000085300000| PB 0x0000000085300000| Untracked 
|  84|0x0000000085400000, 0x0000000085400000, 0x0000000085500000|  0%| F|  |TAMS 0x0000000085400000| PB 0x0000000085400000| Untracked 
|  85|0x0000000085500000, 0x0000000085500000, 0x0000000085600000|  0%| F|  |TAMS 0x0000000085500000| PB 0x0000000085500000| Untracked 
|  86|0x0000000085600000, 0x0000000085600000, 0x0000000085700000|  0%| F|  |TAMS 0x0000000085600000| PB 0x0000000085600000| Untracked 
|  87|0x0000000085700000, 0x0000000085700000, 0x0000000085800000|  0%| F|  |TAMS 0x0000000085700000| PB 0x0000000085700000| Untracked 
|  88|0x0000000085800000, 0x0000000085800000, 0x0000000085900000|  0%| F|  |TAMS 0x0000000085800000| PB 0x0000000085800000| Untracked 
|  89|0x0000000085900000, 0x0000000085900000, 0x0000000085a00000|  0%| F|  |TAMS 0x0000000085900000| PB 0x0000000085900000| Untracked 
|  90|0x0000000085a00000, 0x0000000085a00000, 0x0000000085b00000|  0%| F|  |TAMS 0x0000000085a00000| PB 0x0000000085a00000| Untracked 
|  91|0x0000000085b00000, 0x0000000085b80000, 0x0000000085c00000| 50%| E|  |TAMS 0x0000000085b00000| PB 0x0000000085b00000| Complete 
|  92|0x0000000085c00000, 0x0000000085d00000, 0x0000000085d00000|100%| E|CS|TAMS 0x0000000085c00000| PB 0x0000000085c00000| Complete 
|  93|0x0000000085d00000, 0x0000000085e00000, 0x0000000085e00000|100%| E|CS|TAMS 0x0000000085d00000| PB 0x0000000085d00000| Complete 
|  94|0x0000000085e00000, 0x0000000085f00000, 0x0000000085f00000|100%| E|CS|TAMS 0x0000000085e00000| PB 0x0000000085e00000| Complete 
|  95|0x0000000085f00000, 0x0000000086000000, 0x0000000086000000|100%| E|CS|TAMS 0x0000000085f00000| PB 0x0000000085f00000| Complete 
|  96|0x0000000086000000, 0x0000000086100000, 0x0000000086100000|100%| E|CS|TAMS 0x0000000086000000| PB 0x0000000086000000| Complete 
|  97|0x0000000086100000, 0x0000000086200000, 0x0000000086200000|100%| E|CS|TAMS 0x0000000086100000| PB 0x0000000086100000| Complete 
|  98|0x0000000086200000, 0x0000000086300000, 0x0000000086300000|100%| E|CS|TAMS 0x0000000086200000| PB 0x0000000086200000| Complete 
|  99|0x0000000086300000, 0x0000000086400000, 0x0000000086400000|100%| E|CS|TAMS 0x0000000086300000| PB 0x0000000086300000| Complete 
| 100|0x0000000086400000, 0x0000000086500000, 0x0000000086500000|100%| E|CS|TAMS 0x0000000086400000| PB 0x0000000086400000| Complete 
| 101|0x0000000086500000, 0x0000000086600000, 0x0000000086600000|100%| E|CS|TAMS 0x0000000086500000| PB 0x0000000086500000| Complete 
| 125|0x0000000087d00000, 0x0000000087e00000, 0x0000000087e00000|100%| E|CS|TAMS 0x0000000087d00000| PB 0x0000000087d00000| Complete 
|2039|0x00000000ff700000, 0x00000000ff800000, 0x00000000ff800000|100%| O|  |TAMS 0x00000000ff700000| PB 0x00000000ff700000| Untracked 
|2040|0x00000000ff800000, 0x00000000ff900000, 0x00000000ff900000|100%| O|  |TAMS 0x00000000ff800000| PB 0x00000000ff800000| Untracked 
|2041|0x00000000ff900000, 0x00000000ffa00000, 0x00000000ffa00000|100%| O|  |TAMS 0x00000000ff900000| PB 0x00000000ff900000| Untracked 
|2042|0x00000000ffa00000, 0x00000000ffb00000, 0x00000000ffb00000|100%| O|  |TAMS 0x00000000ffa00000| PB 0x00000000ffa00000| Untracked 
|2043|0x00000000ffb00000, 0x00000000ffc00000, 0x00000000ffc00000|100%| O|  |TAMS 0x00000000ffb00000| PB 0x00000000ffb00000| Untracked 
|2044|0x00000000ffc00000, 0x00000000ffd00000, 0x00000000ffd00000|100%| O|  |TAMS 0x00000000ffc00000| PB 0x00000000ffc00000| Untracked 
|2045|0x00000000ffd00000, 0x00000000ffe00000, 0x00000000ffe00000|100%| O|  |TAMS 0x00000000ffd00000| PB 0x00000000ffd00000| Untracked 
|2046|0x00000000ffe00000, 0x00000000fff00000, 0x00000000fff00000|100%| O|  |TAMS 0x00000000ffe00000| PB 0x00000000ffe00000| Untracked 
|2047|0x00000000fff00000, 0x0000000100000000, 0x0000000100000000|100%| O|  |TAMS 0x00000000fff00000| PB 0x00000000fff00000| Untracked 

Card table byte_map: [0x000001788f400000,0x000001788f800000] _byte_map_base: 0x000001788f000000

Marking Bits: (CMBitMap*) 0x00000178fc8da4e0
 Bits: [0x000001788f800000, 0x0000017891800000)

Polling page: 0x00000178fa710000

Metaspace:

Usage:
  Non-class:     41.79 MB used.
      Class:      6.53 MB used.
       Both:     48.32 MB used.

Virtual space:
  Non-class space:       64.00 MB reserved,      42.44 MB ( 66%) committed,  1 nodes.
      Class space:        1.00 GB reserved,       7.19 MB ( <1%) committed,  1 nodes.
             Both:        1.06 GB reserved,      49.62 MB (  5%) committed. 

Chunk freelists:
   Non-Class:  5.39 MB
       Class:  8.64 MB
        Both:  14.03 MB

MaxMetaspaceSize: unlimited
CompressedClassSpaceSize: 1.00 GB
Initial GC threshold: 21.00 MB
Current GC threshold: 59.00 MB
CDS: off
 - commit_granule_bytes: 65536.
 - commit_granule_words: 8192.
 - virtual_space_node_default_size: 8388608.
 - enlarge_chunks_in_place: 1.
 - use_allocation_guard: 0.


Internal statistics:

num_allocs_failed_limit: 6.
num_arena_births: 2388.
num_arena_deaths: 0.
num_vsnodes_births: 2.
num_vsnodes_deaths: 0.
num_space_committed: 794.
num_space_uncommitted: 0.
num_chunks_returned_to_freelist: 6.
num_chunks_taken_from_freelist: 4249.
num_chunk_merges: 6.
num_chunk_splits: 2695.
num_chunks_enlarged: 1647.
num_inconsistent_stats: 0.

CodeHeap 'non-profiled nmethods': size=120000Kb used=2598Kb max_used=2598Kb free=117401Kb
 bounds [0x0000017887ad0000, 0x0000017887d60000, 0x000001788f000000]
CodeHeap 'profiled nmethods': size=120000Kb used=8133Kb max_used=8133Kb free=111867Kb
 bounds [0x0000017880000000, 0x0000017880800000, 0x0000017887530000]
CodeHeap 'non-nmethods': size=5760Kb used=1899Kb max_used=1950Kb free=3860Kb
 bounds [0x0000017887530000, 0x00000178877a0000, 0x0000017887ad0000]
 total_blobs=4914 nmethods=4223 adapters=594
 compilation: enabled
              stopped_count=0, restarted_count=0
 full_count=0

Compilation events (20 events):
Event: 3.523 Thread 0x0000017894219990 nmethod 4578 0x0000017887d56f90 code [0x0000017887d57120, 0x0000017887d571e8]
Event: 3.523 Thread 0x0000017894219990 4592       3       java.lang.Class::privateGetPublicMethods (224 bytes)
Event: 3.524 Thread 0x0000017894219990 nmethod 4592 0x00000178807d1290 code [0x00000178807d1560, 0x00000178807d2208]
Event: 3.524 Thread 0x0000017894219990 4594       3       org.codehaus.groovy.util.FastArray::<init> (16 bytes)
Event: 3.524 Thread 0x0000017894219990 nmethod 4594 0x00000178807d2890 code [0x00000178807d2a40, 0x00000178807d2c08]
Event: 3.524 Thread 0x0000017894219990 4596       3       org.codehaus.groovy.runtime.metaclass.MetaMethodIndex::copyNonPrivateNonNewMetaMethods (171 bytes)
Event: 3.525 Thread 0x0000017894219990 nmethod 4596 0x00000178807d2d10 code [0x00000178807d2fc0, 0x00000178807d3e78]
Event: 3.525 Thread 0x0000017894219990 4598       3       groovy.lang.MetaClassImpl$1::methodNameAction (169 bytes)
Event: 3.525 Thread 0x0000017894219990 nmethod 4598 0x00000178807d4290 code [0x00000178807d4540, 0x00000178807d54d0]
Event: 3.525 Thread 0x0000017894219990 4600       3       groovy.lang.MetaClassImpl$1MOPIter::processFastArray (133 bytes)
Event: 3.526 Thread 0x0000017894219990 nmethod 4600 0x00000178807d5910 code [0x00000178807d5b60, 0x00000178807d6570]
Event: 3.526 Thread 0x0000017894219990 4597       3       org.codehaus.groovy.runtime.metaclass.MetaMethodIndex::findMatchingMethod (48 bytes)
Event: 3.526 Thread 0x0000017894219990 nmethod 4597 0x00000178807d6910 code [0x00000178807d6ae0, 0x00000178807d6e68]
Event: 3.526 Thread 0x0000017894219990 4593       3       org.codehaus.groovy.runtime.metaclass.MetaMethodIndex::isOverridden (120 bytes)
Event: 3.527 Thread 0x0000017894219990 nmethod 4593 0x00000178807d7010 code [0x00000178807d72a0, 0x00000178807d8038]
Event: 3.527 Thread 0x0000017894219990 4599       3       groovy.lang.MetaClassImpl$1MOPIter::decomposeMopName (79 bytes)
Event: 3.527 Thread 0x0000017894219990 nmethod 4599 0x00000178807d8310 code [0x00000178807d85a0, 0x00000178807d9450]
Event: 3.527 Thread 0x0000017894219990 4595       3       org.codehaus.groovy.runtime.metaclass.MetaMethodIndex::isNonRealMethod (48 bytes)
Event: 3.527 Thread 0x0000017894219990 nmethod 4595 0x00000178807d9810 code [0x00000178807d99e0, 0x00000178807da150]
Event: 3.529 Thread 0x0000017894219990 4602       3       com.sun.beans.TypeResolver::erase (159 bytes)

GC Heap History (18 events):
Event: 0.342 GC heap before
{Heap before GC invocations=0 (full 0):
 garbage-first heap   total 129024K, used 22528K [0x0000000080000000, 0x0000000100000000)
  region size 1024K, 23 young (23552K), 0 survivors (0K)
 Metaspace       used 7966K, committed 8128K, reserved 1114112K
  class space    used 709K, committed 768K, reserved 1048576K
}
Event: 0.345 GC heap after
{Heap after GC invocations=1 (full 0):
 garbage-first heap   total 129024K, used 3455K [0x0000000080000000, 0x0000000100000000)
  region size 1024K, 3 young (3072K), 3 survivors (3072K)
 Metaspace       used 7966K, committed 8128K, reserved 1114112K
  class space    used 709K, committed 768K, reserved 1048576K
}
Event: 0.740 GC heap before
{Heap before GC invocations=1 (full 0):
 garbage-first heap   total 129024K, used 40319K [0x0000000080000000, 0x0000000100000000)
  region size 1024K, 37 young (37888K), 3 survivors (3072K)
 Metaspace       used 12113K, committed 12352K, reserved 1114112K
  class space    used 1272K, committed 1408K, reserved 1048576K
}
Event: 0.745 GC heap after
{Heap after GC invocations=2 (full 0):
 garbage-first heap   total 129024K, used 11835K [0x0000000080000000, 0x0000000100000000)
  region size 1024K, 5 young (5120K), 5 survivors (5120K)
 Metaspace       used 12113K, committed 12352K, reserved 1114112K
  class space    used 1272K, committed 1408K, reserved 1048576K
}
Event: 1.106 GC heap before
{Heap before GC invocations=2 (full 0):
 garbage-first heap   total 129024K, used 60987K [0x0000000080000000, 0x0000000100000000)
  region size 1024K, 51 young (52224K), 5 survivors (5120K)
 Metaspace       used 13404K, committed 13632K, reserved 1114112K
  class space    used 1472K, committed 1600K, reserved 1048576K
}
Event: 1.112 GC heap after
{Heap after GC invocations=3 (full 0):
 garbage-first heap   total 129024K, used 17471K [0x0000000080000000, 0x0000000100000000)
  region size 1024K, 5 young (5120K), 5 survivors (5120K)
 Metaspace       used 13404K, committed 13632K, reserved 1114112K
  class space    used 1472K, committed 1600K, reserved 1048576K
}
Event: 1.477 GC heap before
{Heap before GC invocations=3 (full 0):
 garbage-first heap   total 129024K, used 42047K [0x0000000080000000, 0x0000000100000000)
  region size 1024K, 30 young (30720K), 5 survivors (5120K)
 Metaspace       used 21262K, committed 21504K, reserved 1114112K
  class space    used 2447K, committed 2560K, reserved 1048576K
}
Event: 1.481 GC heap after
{Heap after GC invocations=4 (full 0):
 garbage-first heap   total 129024K, used 20832K [0x0000000080000000, 0x0000000100000000)
  region size 1024K, 9 young (9216K), 9 survivors (9216K)
 Metaspace       used 21262K, committed 21504K, reserved 1114112K
  class space    used 2447K, committed 2560K, reserved 1048576K
}
Event: 2.082 GC heap before
{Heap before GC invocations=5 (full 0):
 garbage-first heap   total 75776K, used 74080K [0x0000000080000000, 0x0000000100000000)
  region size 1024K, 61 young (62464K), 9 survivors (9216K)
 Metaspace       used 29913K, committed 30528K, reserved 1114112K
  class space    used 3834K, committed 4096K, reserved 1048576K
}
Event: 2.089 GC heap after
{Heap after GC invocations=6 (full 0):
 garbage-first heap   total 88064K, used 24350K [0x0000000080000000, 0x0000000100000000)
  region size 1024K, 7 young (7168K), 7 survivors (7168K)
 Metaspace       used 29913K, committed 30528K, reserved 1114112K
  class space    used 3834K, committed 4096K, reserved 1048576K
}
Event: 2.600 GC heap before
{Heap before GC invocations=6 (full 0):
 garbage-first heap   total 88064K, used 80670K [0x0000000080000000, 0x0000000100000000)
  region size 1024K, 50 young (51200K), 7 survivors (7168K)
 Metaspace       used 35251K, committed 36096K, reserved 1114112K
  class space    used 4740K, committed 5120K, reserved 1048576K
}
Event: 2.609 GC heap after
{Heap after GC invocations=7 (full 0):
 garbage-first heap   total 114688K, used 43008K [0x0000000080000000, 0x0000000100000000)
  region size 1024K, 7 young (7168K), 7 survivors (7168K)
 Metaspace       used 35251K, committed 36096K, reserved 1114112K
  class space    used 4740K, committed 5120K, reserved 1048576K
}
Event: 2.619 GC heap before
{Heap before GC invocations=7 (full 0):
 garbage-first heap   total 114688K, used 44032K [0x0000000080000000, 0x0000000100000000)
  region size 1024K, 9 young (9216K), 7 survivors (7168K)
 Metaspace       used 35300K, committed 36160K, reserved 1114112K
  class space    used 4749K, committed 5120K, reserved 1048576K
}
Event: 2.622 GC heap after
{Heap after GC invocations=8 (full 0):
 garbage-first heap   total 114688K, used 44132K [0x0000000080000000, 0x0000000100000000)
  region size 1024K, 1 young (1024K), 1 survivors (1024K)
 Metaspace       used 35300K, committed 36160K, reserved 1114112K
  class space    used 4749K, committed 5120K, reserved 1048576K
}
Event: 3.082 GC heap before
{Heap before GC invocations=9 (full 0):
 garbage-first heap   total 114688K, used 92260K [0x0000000080000000, 0x0000000100000000)
  region size 1024K, 48 young (49152K), 1 survivors (1024K)
 Metaspace       used 41312K, committed 42560K, reserved 1114112K
  class space    used 5718K, committed 6336K, reserved 1048576K
}
Event: 3.085 GC heap after
{Heap after GC invocations=10 (full 0):
 garbage-first heap   total 114688K, used 45917K [0x0000000080000000, 0x0000000100000000)
  region size 1024K, 3 young (3072K), 3 survivors (3072K)
 Metaspace       used 41312K, committed 42560K, reserved 1114112K
  class space    used 5718K, committed 6336K, reserved 1048576K
}
Event: 3.488 GC heap before
{Heap before GC invocations=10 (full 0):
 garbage-first heap   total 114688K, used 94045K [0x0000000080000000, 0x0000000100000000)
  region size 1024K, 51 young (52224K), 3 survivors (3072K)
 Metaspace       used 49287K, committed 50624K, reserved 1114112K
  class space    used 6664K, committed 7360K, reserved 1048576K
}
Event: 3.493 GC heap after
{Heap after GC invocations=11 (full 0):
 garbage-first heap   total 114688K, used 50648K [0x0000000080000000, 0x0000000100000000)
  region size 1024K, 7 young (7168K), 7 survivors (7168K)
 Metaspace       used 49287K, committed 50624K, reserved 1114112K
  class space    used 6664K, committed 7360K, reserved 1048576K
}

Dll operation events (3 events):
Event: 0.005 Loaded shared library D:\Softwares\android studio\jbr\bin\java.dll
Event: 0.008 Loaded shared library D:\Softwares\android studio\jbr\bin\zip.dll
Event: 0.386 Loaded shared library D:\Softwares\android studio\jbr\bin\verify.dll

Deoptimization events (20 events):
Event: 3.262 Thread 0x000001789a234e70 DEOPT PACKING pc=0x0000017887b79050 sp=0x00000062004f4300
Event: 3.262 Thread 0x000001789a234e70 DEOPT UNPACKING pc=0x00000178875846a2 sp=0x00000062004f4278 mode 2
Event: 3.302 Thread 0x000001789a234e70 Uncommon trap: trap_request=0xffffffc6 fr.pc=0x0000017887b14c38 relative=0x0000000000000258
Event: 3.302 Thread 0x000001789a234e70 Uncommon trap: reason=bimorphic_or_optimized_type_check action=maybe_recompile pc=0x0000017887b14c38 method=java.util.regex.Pattern$BmpCharProperty.match(Ljava/util/regex/Matcher;ILjava/lang/CharSequence;)Z @ 19 c2
Event: 3.302 Thread 0x000001789a234e70 DEOPT PACKING pc=0x0000017887b14c38 sp=0x00000062004f7220
Event: 3.302 Thread 0x000001789a234e70 DEOPT UNPACKING pc=0x00000178875846a2 sp=0x00000062004f71b8 mode 2
Event: 3.302 Thread 0x000001789a234e70 Uncommon trap: trap_request=0xffffffc6 fr.pc=0x0000017887b14c38 relative=0x0000000000000258
Event: 3.302 Thread 0x000001789a234e70 Uncommon trap: reason=bimorphic_or_optimized_type_check action=maybe_recompile pc=0x0000017887b14c38 method=java.util.regex.Pattern$BmpCharProperty.match(Ljava/util/regex/Matcher;ILjava/lang/CharSequence;)Z @ 19 c2
Event: 3.302 Thread 0x000001789a234e70 DEOPT PACKING pc=0x0000017887b14c38 sp=0x00000062004f7220
Event: 3.302 Thread 0x000001789a234e70 DEOPT UNPACKING pc=0x00000178875846a2 sp=0x00000062004f71b8 mode 2
Event: 3.335 Thread 0x000001789a234e70 DEOPT PACKING pc=0x0000017880445321 sp=0x00000062004f6970
Event: 3.335 Thread 0x000001789a234e70 DEOPT UNPACKING pc=0x0000017887584e42 sp=0x00000062004f5e70 mode 0
Event: 3.336 Thread 0x000001789a234e70 Uncommon trap: trap_request=0xffffff45 fr.pc=0x0000017887cb3930 relative=0x0000000000000090
Event: 3.336 Thread 0x000001789a234e70 Uncommon trap: reason=unstable_if action=reinterpret pc=0x0000017887cb3930 method=jdk.internal.misc.Unsafe.convEndian(ZJ)J @ 4 c2
Event: 3.336 Thread 0x000001789a234e70 DEOPT PACKING pc=0x0000017887cb3930 sp=0x00000062004f27b0
Event: 3.336 Thread 0x000001789a234e70 DEOPT UNPACKING pc=0x00000178875846a2 sp=0x00000062004f26d8 mode 2
Event: 3.447 Thread 0x000001789a234e70 Uncommon trap: trap_request=0xffffff45 fr.pc=0x0000017887ccbce4 relative=0x0000000000000784
Event: 3.447 Thread 0x000001789a234e70 Uncommon trap: reason=unstable_if action=reinterpret pc=0x0000017887ccbce4 method=java.net.URI.percentNormalizedComparison(Ljava/lang/String;Ljava/lang/String;Z)I @ 21 c2
Event: 3.447 Thread 0x000001789a234e70 DEOPT PACKING pc=0x0000017887ccbce4 sp=0x00000062004f7730
Event: 3.447 Thread 0x000001789a234e70 DEOPT UNPACKING pc=0x00000178875846a2 sp=0x00000062004f76a0 mode 2

Classes loaded (20 events):
Event: 3.449 Loading class jdk/internal/jrtfs/SystemImage$1
Event: 3.449 Loading class jdk/internal/jrtfs/SystemImage$1 done
Event: 3.450 Loading class jdk/internal/jimage/ImageReader$SharedImageReader$LocationVisitor
Event: 3.450 Loading class jdk/internal/jimage/ImageReader$SharedImageReader$LocationVisitor done
Event: 3.450 Loading class java/nio/ByteBufferAsIntBufferL
Event: 3.450 Loading class java/nio/ByteBufferAsIntBufferL done
Event: 3.450 Loading class jdk/internal/jrtfs/JrtFileAttributes
Event: 3.451 Loading class jdk/internal/jrtfs/JrtFileAttributes done
Event: 3.451 Loading class jdk/internal/jrtfs/JrtDirectoryStream
Event: 3.451 Loading class jdk/internal/jrtfs/JrtDirectoryStream done
Event: 3.451 Loading class jdk/internal/jrtfs/JrtDirectoryStream$1
Event: 3.451 Loading class jdk/internal/jrtfs/JrtDirectoryStream$1 done
Event: 3.451 Loading class java/util/function/BooleanSupplier
Event: 3.451 Loading class java/util/function/BooleanSupplier done
Event: 3.451 Loading class jdk/internal/jimage/ImageReader$Resource
Event: 3.451 Loading class jdk/internal/jimage/ImageReader$Resource done
Event: 3.514 Loading class java/util/WeakHashMap$KeyIterator
Event: 3.514 Loading class java/util/WeakHashMap$HashIterator
Event: 3.514 Loading class java/util/WeakHashMap$HashIterator done
Event: 3.514 Loading class java/util/WeakHashMap$KeyIterator done

Classes unloaded (0 events):
No events

Classes redefined (0 events):
No events

Internal exceptions (20 events):
Event: 3.261 Thread 0x000001789a234e70 Exception <a 'java/lang/NoSuchMethodError'{0x00000000854a3d90}: 'void java.lang.invoke.DirectMethodHandle$Holder.invokeStaticInit(java.lang.Object, java.lang.Object, java.lang.Object, java.lang.Object, java.lang.Object)'> (0x00000000854a3d90) 
thrown [s\src\hotspot\share\interpreter\linkResolver.cpp, line 784]
Event: 3.266 Thread 0x000001789a234e70 Exception <a 'java/lang/NoSuchMethodError'{0x00000000854fc3c8}: 'int java.lang.invoke.DirectMethodHandle$Holder.invokeStaticInit(java.lang.Object, java.lang.Object, java.lang.Object, java.lang.Object)'> (0x00000000854fc3c8) 
thrown [s\src\hotspot\share\interpreter\linkResolver.cpp, line 784]
Event: 3.366 Thread 0x000001789a234e70 Exception <a 'java/lang/ClassNotFoundException'{0x00000000849a4940}: groovy/lang/ExpandoMetaClassBeanInfo> (0x00000000849a4940) 
thrown [s\src\hotspot\share\classfile\systemDictionary.cpp, line 312]
Event: 3.366 Thread 0x000001789a234e70 Exception <a 'java/lang/ClassNotFoundException'{0x00000000849adfa8}: groovy/lang/MetaClassImplBeanInfo> (0x00000000849adfa8) 
thrown [s\src\hotspot\share\classfile\systemDictionary.cpp, line 312]
Event: 3.366 Thread 0x000001789a234e70 Exception <a 'java/lang/ClassNotFoundException'{0x00000000849b3440}: java/lang/ObjectBeanInfo> (0x00000000849b3440) 
thrown [s\src\hotspot\share\classfile\systemDictionary.cpp, line 312]
Event: 3.367 Thread 0x000001789a234e70 Exception <a 'java/lang/ClassNotFoundException'{0x00000000849b9928}: java/lang/ObjectCustomizer> (0x00000000849b9928) 
thrown [s\src\hotspot\share\classfile\systemDictionary.cpp, line 312]
Event: 3.368 Thread 0x000001789a234e70 Exception <a 'java/lang/IncompatibleClassChangeError'{0x00000000849c7fe8}: Found class java.lang.Object, but interface was expected> (0x00000000849c7fe8) 
thrown [s\src\hotspot\share\interpreter\linkResolver.cpp, line 851]
Event: 3.370 Thread 0x000001789a234e70 Exception <a 'java/lang/ClassNotFoundException'{0x00000000849e3238}: groovy/lang/MetaClassImplCustomizer> (0x00000000849e3238) 
thrown [s\src\hotspot\share\classfile\systemDictionary.cpp, line 312]
Event: 3.372 Thread 0x000001789a234e70 Exception <a 'java/lang/ClassNotFoundException'{0x000000008480c758}: groovy/lang/ExpandoMetaClassCustomizer> (0x000000008480c758) 
thrown [s\src\hotspot\share\classfile\systemDictionary.cpp, line 312]
Event: 3.517 Thread 0x000001789a234e70 Exception <a 'java/lang/ClassNotFoundException'{0x0000000085e6b900}: groovy/lang/BindingBeanInfo> (0x0000000085e6b900) 
thrown [s\src\hotspot\share\classfile\systemDictionary.cpp, line 312]
Event: 3.518 Thread 0x000001789a234e70 Exception <a 'java/lang/ClassNotFoundException'{0x0000000085e8cbb0}: groovy/lang/GroovyObjectSupportBeanInfo> (0x0000000085e8cbb0) 
thrown [s\src\hotspot\share\classfile\systemDictionary.cpp, line 312]
Event: 3.518 Thread 0x000001789a234e70 Exception <a 'java/lang/ClassNotFoundException'{0x0000000085e962f0}: groovy/lang/GroovyObjectSupportCustomizer> (0x0000000085e962f0) 
thrown [s\src\hotspot\share\classfile\systemDictionary.cpp, line 312]
Event: 3.518 Thread 0x000001789a234e70 Exception <a 'java/lang/ClassNotFoundException'{0x0000000085ea3de0}: groovy/lang/BindingCustomizer> (0x0000000085ea3de0) 
thrown [s\src\hotspot\share\classfile\systemDictionary.cpp, line 312]
Event: 3.526 Thread 0x000001789a234e70 Exception <a 'java/lang/ClassNotFoundException'{0x0000000085df1b38}: ijMapper1_3zezem0jv3ag9mqx6s7aatgczBeanInfo> (0x0000000085df1b38) 
thrown [s\src\hotspot\share\classfile\systemDictionary.cpp, line 312]
Event: 3.526 Thread 0x000001789a234e70 Exception <a 'java/lang/ClassNotFoundException'{0x0000000085dfb2a0}: org/gradle/initialization/InitScriptBeanInfo> (0x0000000085dfb2a0) 
thrown [s\src\hotspot\share\classfile\systemDictionary.cpp, line 312]
Event: 3.527 Thread 0x000001789a234e70 Exception <a 'java/lang/ClassNotFoundException'{0x0000000085c04e10}: org/gradle/groovy/scripts/DefaultScriptBeanInfo> (0x0000000085c04e10) 
thrown [s\src\hotspot\share\classfile\systemDictionary.cpp, line 312]
Event: 3.527 Thread 0x000001789a234e70 Exception <a 'java/lang/ClassNotFoundException'{0x0000000085c0e5b8}: org/gradle/groovy/scripts/BasicScriptBeanInfo> (0x0000000085c0e5b8) 
thrown [s\src\hotspot\share\classfile\systemDictionary.cpp, line 312]
Event: 3.528 Thread 0x000001789a234e70 Exception <a 'java/lang/ClassNotFoundException'{0x0000000085c18d20}: org/gradle/groovy/scripts/ScriptBeanInfo> (0x0000000085c18d20) 
thrown [s\src\hotspot\share\classfile\systemDictionary.cpp, line 312]
Event: 3.528 Thread 0x000001789a234e70 Exception <a 'java/lang/ClassNotFoundException'{0x0000000085c23220}: groovy/lang/ScriptBeanInfo> (0x0000000085c23220) 
thrown [s\src\hotspot\share\classfile\systemDictionary.cpp, line 312]
Event: 3.528 Thread 0x000001789a234e70 Exception <a 'java/lang/ClassNotFoundException'{0x0000000085c2d9c0}: groovy/lang/ScriptCustomizer> (0x0000000085c2d9c0) 
thrown [s\src\hotspot\share\classfile\systemDictionary.cpp, line 312]

ZGC Phase Switch (0 events):
No events

VM Operations (20 events):
Event: 3.125 Executing VM operation: HandshakeAllThreads (Deoptimize)
Event: 3.125 Executing VM operation: HandshakeAllThreads (Deoptimize) done
Event: 3.169 Executing VM operation: HandshakeAllThreads (Deoptimize)
Event: 3.169 Executing VM operation: HandshakeAllThreads (Deoptimize) done
Event: 3.170 Executing VM operation: HandshakeAllThreads (Deoptimize)
Event: 3.170 Executing VM operation: HandshakeAllThreads (Deoptimize) done
Event: 3.241 Executing VM operation: HandshakeAllThreads (Deoptimize)
Event: 3.241 Executing VM operation: HandshakeAllThreads (Deoptimize) done
Event: 3.266 Executing VM operation: ICBufferFull
Event: 3.266 Executing VM operation: ICBufferFull done
Event: 3.312 Executing VM operation: HandshakeAllThreads (Deoptimize)
Event: 3.312 Executing VM operation: HandshakeAllThreads (Deoptimize) done
Event: 3.350 Executing VM operation: HandshakeAllThreads (Deoptimize)
Event: 3.350 Executing VM operation: HandshakeAllThreads (Deoptimize) done
Event: 3.409 Executing VM operation: HandshakeAllThreads (Deoptimize)
Event: 3.409 Executing VM operation: HandshakeAllThreads (Deoptimize) done
Event: 3.450 Executing VM operation: HandshakeAllThreads (Deoptimize)
Event: 3.450 Executing VM operation: HandshakeAllThreads (Deoptimize) done
Event: 3.488 Executing VM operation: G1CollectForAllocation (G1 Evacuation Pause)
Event: 3.493 Executing VM operation: G1CollectForAllocation (G1 Evacuation Pause) done

Memory protections (0 events):
No events

Nmethod flushes (20 events):
Event: 2.639 Thread 0x00000178fa5b3f20 flushing  nmethod 0x0000017880060210
Event: 2.639 Thread 0x00000178fa5b3f20 flushing  nmethod 0x0000017880060810
Event: 2.639 Thread 0x00000178fa5b3f20 flushing  nmethod 0x0000017880060c10
Event: 2.639 Thread 0x00000178fa5b3f20 flushing  nmethod 0x0000017880061d90
Event: 2.639 Thread 0x00000178fa5b3f20 flushing  nmethod 0x00000178800a1590
Event: 2.639 Thread 0x00000178fa5b3f20 flushing  nmethod 0x0000017880112d10
Event: 2.639 Thread 0x00000178fa5b3f20 flushing  nmethod 0x0000017880115a90
Event: 2.639 Thread 0x00000178fa5b3f20 flushing  nmethod 0x000001788011b410
Event: 2.639 Thread 0x00000178fa5b3f20 flushing  nmethod 0x000001788011ee10
Event: 2.639 Thread 0x00000178fa5b3f20 flushing  nmethod 0x00000178801b0f90
Event: 2.639 Thread 0x00000178fa5b3f20 flushing  nmethod 0x00000178801b4b10
Event: 2.639 Thread 0x00000178fa5b3f20 flushing  nmethod 0x00000178801b5790
Event: 2.639 Thread 0x00000178fa5b3f20 flushing  nmethod 0x0000017880324210
Event: 2.639 Thread 0x00000178fa5b3f20 flushing  nmethod 0x0000017880324910
Event: 2.639 Thread 0x00000178fa5b3f20 flushing  nmethod 0x0000017880327710
Event: 2.639 Thread 0x00000178fa5b3f20 flushing  nmethod 0x0000017880328110
Event: 2.639 Thread 0x00000178fa5b3f20 flushing  nmethod 0x0000017880328d10
Event: 2.639 Thread 0x00000178fa5b3f20 flushing  nmethod 0x0000017880329990
Event: 2.639 Thread 0x00000178fa5b3f20 flushing  nmethod 0x000001788041b710
Event: 2.639 Thread 0x00000178fa5b3f20 flushing  nmethod 0x000001788041ca10

Events (20 events):
Event: 1.455 Thread 0x000001789a234e70 Thread added: 0x000001789a403250
Event: 1.692 Thread 0x000001789a234e70 Thread added: 0x000001789a401810
Event: 1.701 Thread 0x000001789a234e70 Thread added: 0x000001789a4038e0
Event: 1.721 Thread 0x000001789a234e70 Thread added: 0x000001789a400460
Event: 2.116 Thread 0x000001789a234e70 Thread added: 0x000001789a401180
Event: 2.318 Thread 0x000001789a234e70 Thread added: 0x000001789a400af0
Event: 2.329 Thread 0x000001789a234e70 Thread added: 0x000001789a402530
Event: 2.460 Thread 0x000001789a234e70 Thread added: 0x000001789a402bc0
Event: 2.464 Thread 0x000001789a234e70 Thread added: 0x000001789b53bd40
Event: 2.521 Thread 0x000001789a234e70 Thread added: 0x000001789b53c3d0
Event: 2.521 Thread 0x000001789a234e70 Thread added: 0x000001789b539c70
Event: 2.521 Thread 0x000001789a234e70 Thread added: 0x000001789b53a990
Event: 2.521 Thread 0x000001789a234e70 Thread added: 0x000001789b5388c0
Event: 2.521 Thread 0x000001789a234e70 Thread added: 0x000001789b53de10
Event: 2.521 Thread 0x000001789a234e70 Thread added: 0x000001789b53d0f0
Event: 2.521 Thread 0x000001789a234e70 Thread added: 0x000001789b53b6b0
Event: 2.521 Thread 0x000001789a234e70 Thread added: 0x000001789b53d780
Event: 2.909 Thread 0x000001789a234e70 Thread added: 0x000001789b53a300
Event: 3.002 Thread 0x000001789a234e70 Thread added: 0x000001789b53ca60
Event: 3.057 Thread 0x000001789a234e70 Thread added: 0x000001789b537ba0


Dynamic libraries:
0x00007ff77fbd0000 - 0x00007ff77fbda000 	D:\Softwares\android studio\jbr\bin\java.exe
0x00007ffc36930000 - 0x00007ffc36b28000 	C:\Windows\SYSTEM32\ntdll.dll
0x00007ffc351a0000 - 0x00007ffc35262000 	C:\Windows\System32\KERNEL32.DLL
0x00007ffc341c0000 - 0x00007ffc344b6000 	C:\Windows\System32\KERNELBASE.dll
0x00007ffc33fc0000 - 0x00007ffc340c0000 	C:\Windows\System32\ucrtbase.dll
0x00007ffc310a0000 - 0x00007ffc310bb000 	D:\Softwares\android studio\jbr\bin\VCRUNTIME140.dll
0x00007ffc31080000 - 0x00007ffc31098000 	D:\Softwares\android studio\jbr\bin\jli.dll
0x00007ffc35490000 - 0x00007ffc3562d000 	C:\Windows\System32\USER32.dll
0x00007ffc20b90000 - 0x00007ffc20e2a000 	C:\Windows\WinSxS\amd64_microsoft.windows.common-controls_6595b64144ccf1df_6.0.19041.5915_none_60b4b9d171f9c7c7\COMCTL32.dll
0x00007ffc34560000 - 0x00007ffc34582000 	C:\Windows\System32\win32u.dll
0x00007ffc35270000 - 0x00007ffc3530e000 	C:\Windows\System32\msvcrt.dll
0x00007ffc362b0000 - 0x00007ffc362db000 	C:\Windows\System32\GDI32.dll
0x00007ffc34830000 - 0x00007ffc34949000 	C:\Windows\System32\gdi32full.dll
0x00007ffc344c0000 - 0x00007ffc3455d000 	C:\Windows\System32\msvcp_win.dll
0x00007ffc34a00000 - 0x00007ffc34a2f000 	C:\Windows\System32\IMM32.DLL
0x00007ffc310c0000 - 0x00007ffc310cc000 	D:\Softwares\android studio\jbr\bin\vcruntime140_1.dll
0x00007ffbf9560000 - 0x00007ffbf95ed000 	D:\Softwares\android studio\jbr\bin\msvcp140.dll
0x00007ffbcb3e0000 - 0x00007ffbcc06b000 	D:\Softwares\android studio\jbr\bin\server\jvm.dll
0x00007ffc35650000 - 0x00007ffc35701000 	C:\Windows\System32\ADVAPI32.dll
0x00007ffc35720000 - 0x00007ffc357bf000 	C:\Windows\System32\sechost.dll
0x00007ffc359e0000 - 0x00007ffc35b03000 	C:\Windows\System32\RPCRT4.dll
0x00007ffc34190000 - 0x00007ffc341b7000 	C:\Windows\System32\bcrypt.dll
0x00007ffc357c0000 - 0x00007ffc3582b000 	C:\Windows\System32\WS2_32.dll
0x00007ffc33500000 - 0x00007ffc3354b000 	C:\Windows\SYSTEM32\POWRPROF.dll
0x00007ffc27510000 - 0x00007ffc27537000 	C:\Windows\SYSTEM32\WINMM.dll
0x00007ffc30380000 - 0x00007ffc3038a000 	C:\Windows\SYSTEM32\VERSION.dll
0x00007ffc333c0000 - 0x00007ffc333d2000 	C:\Windows\SYSTEM32\UMPDC.dll
0x00007ffc31e40000 - 0x00007ffc31e52000 	C:\Windows\SYSTEM32\kernel.appcore.dll
0x00007ffc30e30000 - 0x00007ffc30e3a000 	D:\Softwares\android studio\jbr\bin\jimage.dll
0x00007ffc26bb0000 - 0x00007ffc26db1000 	C:\Windows\SYSTEM32\DBGHELP.DLL
0x00007ffc0ea00000 - 0x00007ffc0ea34000 	C:\Windows\SYSTEM32\dbgcore.DLL
0x00007ffc347a0000 - 0x00007ffc34822000 	C:\Windows\System32\bcryptPrimitives.dll
0x00007ffc2e040000 - 0x00007ffc2e04e000 	D:\Softwares\android studio\jbr\bin\instrument.dll
0x00007ffc30e10000 - 0x00007ffc30e30000 	D:\Softwares\android studio\jbr\bin\java.dll
0x00007ffc30df0000 - 0x00007ffc30e08000 	D:\Softwares\android studio\jbr\bin\zip.dll
0x00007ffc34a30000 - 0x00007ffc3519e000 	C:\Windows\System32\SHELL32.dll
0x00007ffc32040000 - 0x00007ffc327e4000 	C:\Windows\SYSTEM32\windows.storage.dll
0x00007ffc36590000 - 0x00007ffc368e3000 	C:\Windows\System32\combase.dll
0x00007ffc339f0000 - 0x00007ffc33a1b000 	C:\Windows\SYSTEM32\Wldp.dll
0x00007ffc35830000 - 0x00007ffc358fd000 	C:\Windows\System32\OLEAUT32.dll
0x00007ffc361a0000 - 0x00007ffc3624d000 	C:\Windows\System32\SHCORE.dll
0x00007ffc360b0000 - 0x00007ffc3610b000 	C:\Windows\System32\shlwapi.dll
0x00007ffc33ef0000 - 0x00007ffc33f15000 	C:\Windows\SYSTEM32\profapi.dll
0x00007ffc30de0000 - 0x00007ffc30df0000 	D:\Softwares\android studio\jbr\bin\net.dll
0x00007ffc2d030000 - 0x00007ffc2d13a000 	C:\Windows\SYSTEM32\WINHTTP.dll
0x00007ffc33750000 - 0x00007ffc337ba000 	C:\Windows\system32\mswsock.dll
0x00007ffc30140000 - 0x00007ffc30156000 	D:\Softwares\android studio\jbr\bin\nio.dll
0x00007ffc2e2b0000 - 0x00007ffc2e2c0000 	D:\Softwares\android studio\jbr\bin\verify.dll
0x00007ffc11300000 - 0x00007ffc11327000 	C:\Users\nimes\.gradle\native\c067742578af261105cb4f569cf0c3c89f3d7b1fecec35dd04571415982c5e48\windows-amd64\native-platform.dll
0x00007ffbddac0000 - 0x00007ffbddc04000 	C:\Users\nimes\.gradle\native\100fb08df4bc3b14c8652ba06237920a3bd2aa13389f12d3474272988ae205f9\windows-amd64\native-platform-file-events.dll
0x00007ffc2ff80000 - 0x00007ffc2ff89000 	D:\Softwares\android studio\jbr\bin\management.dll
0x00007ffc2ff70000 - 0x00007ffc2ff7b000 	D:\Softwares\android studio\jbr\bin\management_ext.dll
0x00007ffc35640000 - 0x00007ffc35648000 	C:\Windows\System32\PSAPI.DLL
0x00007ffc33950000 - 0x00007ffc33968000 	C:\Windows\SYSTEM32\CRYPTSP.dll
0x00007ffc33000000 - 0x00007ffc33038000 	C:\Windows\system32\rsaenh.dll
0x00007ffc33eb0000 - 0x00007ffc33ede000 	C:\Windows\SYSTEM32\USERENV.dll
0x00007ffc33940000 - 0x00007ffc3394c000 	C:\Windows\SYSTEM32\CRYPTBASE.dll
0x00007ffc333e0000 - 0x00007ffc3341b000 	C:\Windows\SYSTEM32\IPHLPAPI.DLL
0x00007ffc35630000 - 0x00007ffc35638000 	C:\Windows\System32\NSI.dll
0x00007ffc2ff90000 - 0x00007ffc2ff99000 	D:\Softwares\android studio\jbr\bin\extnet.dll
0x00007ffc300f0000 - 0x00007ffc300f7000 	C:\Windows\system32\wshunix.dll

dbghelp: loaded successfully - version: 4.0.5 - missing functions: none
symbol engine: initialized successfully - sym options: 0x614 - pdb path: .;D:\Softwares\android studio\jbr\bin;C:\Windows\SYSTEM32;C:\Windows\WinSxS\amd64_microsoft.windows.common-controls_6595b64144ccf1df_6.0.19041.5915_none_60b4b9d171f9c7c7;D:\Softwares\android studio\jbr\bin\server;C:\Users\nimes\.gradle\native\c067742578af261105cb4f569cf0c3c89f3d7b1fecec35dd04571415982c5e48\windows-amd64;C:\Users\nimes\.gradle\native\100fb08df4bc3b14c8652ba06237920a3bd2aa13389f12d3474272988ae205f9\windows-amd64

VM Arguments:
jvm_args: --add-opens=java.base/java.lang=ALL-UNNAMED --add-opens=java.base/java.lang.invoke=ALL-UNNAMED --add-opens=java.base/java.util=ALL-UNNAMED --add-opens=java.prefs/java.util.prefs=ALL-UNNAMED --add-exports=jdk.compiler/com.sun.tools.javac.api=ALL-UNNAMED --add-exports=jdk.compiler/com.sun.tools.javac.util=ALL-UNNAMED --add-opens=java.base/java.util=ALL-UNNAMED --add-opens=java.prefs/java.util.prefs=ALL-UNNAMED --add-opens=java.base/java.nio.charset=ALL-UNNAMED --add-opens=java.base/java.net=ALL-UNNAMED --add-opens=java.base/java.util.concurrent.atomic=ALL-UNNAMED --add-opens=java.xml/javax.xml.namespace=ALL-UNNAMED -Xmx2048m -Dfile.encoding=UTF-8 -Duser.country=US -Duser.language=en -Duser.variant -javaagent:C:\Users\nimes\.gradle\wrapper\dists\gradle-8.11.1-bin\bpt9gzteqjrbo1mjrsomdt32c\gradle-8.11.1\lib\agents\gradle-instrumentation-agent-8.11.1.jar 
java_command: org.gradle.launcher.daemon.bootstrap.GradleDaemon 8.11.1
java_class_path (initial): C:\Users\nimes\.gradle\wrapper\dists\gradle-8.11.1-bin\bpt9gzteqjrbo1mjrsomdt32c\gradle-8.11.1\lib\gradle-daemon-main-8.11.1.jar
Launcher Type: SUN_STANDARD

[Global flags]
     intx CICompilerCount                          = 4                                         {product} {ergonomic}
     uint ConcGCThreads                            = 2                                         {product} {ergonomic}
     uint G1ConcRefinementThreads                  = 8                                         {product} {ergonomic}
   size_t G1HeapRegionSize                         = 1048576                                   {product} {ergonomic}
    uintx GCDrainStackTargetSize                   = 64                                        {product} {ergonomic}
   size_t InitialHeapSize                          = 132120576                                 {product} {ergonomic}
   size_t MarkStackSize                            = 4194304                                   {product} {ergonomic}
   size_t MaxHeapSize                              = 2147483648                                {product} {command line}
   size_t MaxNewSize                               = 1287651328                                {product} {ergonomic}
   size_t MinHeapDeltaBytes                        = 1048576                                   {product} {ergonomic}
   size_t MinHeapSize                              = 8388608                                   {product} {ergonomic}
    uintx NonNMethodCodeHeapSize                   = 5839372                                {pd product} {ergonomic}
    uintx NonProfiledCodeHeapSize                  = 122909434                              {pd product} {ergonomic}
    uintx ProfiledCodeHeapSize                     = 122909434                              {pd product} {ergonomic}
    uintx ReservedCodeCacheSize                    = 251658240                              {pd product} {ergonomic}
     bool SegmentedCodeCache                       = true                                      {product} {ergonomic}
   size_t SoftMaxHeapSize                          = 2147483648                             {manageable} {ergonomic}
     bool UseCompressedOops                        = true                           {product lp64_product} {ergonomic}
     bool UseG1GC                                  = true                                      {product} {ergonomic}
     bool UseLargePagesIndividualAllocation        = false                                  {pd product} {ergonomic}

Logging:
Log output configuration:
 #0: stdout all=warning uptime,level,tags foldmultilines=false
 #1: stderr all=off uptime,level,tags foldmultilines=false

Environment Variables:
JAVA_HOME=C:\Program Files\Java
PATH=C:\Program Files\Common Files\Oracle\Java\javapath;c:\users\nimes\appdata\roaming\microsoft\windows\start menu\programs\python 3.12;c:\windows\system32;c:\windows;c:\windows\system32\wbem;c:\windows\system32\windowspowershell\v1.0\;c:\windows\system32\openssh\;c:\program files\dotnet\;c:\program files\microsoft sql server\150\tools\binn\;c:\program files\microsoft sql server\client sdk\odbc\170\tools\binn\;c:\programdata\chocolatey\bin;C:\Program Files (x86)\NVIDIA Corporation\PhysX\Common;C:\Program Files\Git\cmd;C:\Program Files\NVIDIA Corporation\NVIDIA App\NvDLISR;C:\Program Files\MySQL\MySQL Shell 8.0\bin\;C:\Users\nimes\AppData\Local\Programs\Python\Launcher\;C:\Users\nimes\AppData\Local\Microsoft\WindowsApps;D:\Softwares\Microsoft VS Code\bin;C:\Users\nimes\.dotnet\tools;C:\Users\nimes\AppData\Local\GitHubDesktop\bin;D:\Softwares\IntelliJ\IntelliJ IDEA Community Edition 2025.1.2\bin;
USERNAME=nimes
OS=Windows_NT
PROCESSOR_IDENTIFIER=Intel64 Family 6 Model 158 Stepping 13, GenuineIntel
TMP=C:\Users\nimes\AppData\Local\Temp
TEMP=C:\Users\nimes\AppData\Local\Temp




Periodic native trim disabled

JNI global refs:
JNI global refs: 26, weak refs: 0

JNI global refs memory usage: 835, weak refs: 833

Process memory usage:
Resident Set Size: 308148K (3% of 8229260K total physical memory with 620788K free physical memory)

OOME stack traces (most recent first):
Classloader memory used:
Loader org.gradle.internal.classloader.VisitableURLClassLoader                         : 22024K
Loader bootstrap                                                                       : 21449K
Loader org.gradle.initialization.MixInLegacyTypesClassLoader                           : 4466K
Loader org.gradle.internal.classloader.VisitableURLClassLoader                         : 725K
Loader jdk.internal.loader.ClassLoaders$PlatformClassLoader                            : 498K
Loader jdk.internal.loader.ClassLoaders$AppClassLoader                                 : 232K
Loader jdk.internal.reflect.DelegatingClassLoader                                      : 153K
Loader org.gradle.groovy.scripts.internal.DefaultScriptCompilationHandler$ScriptClassLoader: 6632B

Classes loaded by more than one classloader:
Class org.gradle.api.GradleException                                                  : loaded 3 times (x 78B)
Class org.gradle.internal.classloader.FilteringClassLoader                            : loaded 2 times (x 101B)
Class org.gradle.internal.classloader.ClassLoaderHierarchy                            : loaded 2 times (x 66B)
Class org.gradle.api.internal.classpath.ManifestUtil                                  : loaded 2 times (x 67B)
Class org.gradle.internal.operations.MultipleBuildOperationFailures                   : loaded 2 times (x 91B)
Class org.gradle.internal.classloader.DefaultClassLoaderFactory                       : loaded 2 times (x 78B)
Class org.gradle.internal.classloader.ClassLoaderVisitor                              : loaded 2 times (x 72B)
Class org.gradle.api.internal.classpath.EffectiveClassPath                            : loaded 2 times (x 86B)
Class org.gradle.api.internal.DefaultClassPathProvider                                : loaded 2 times (x 72B)
Class [Lorg.gradle.api.internal.ClassPathProvider;                                    : loaded 2 times (x 65B)
Class org.gradle.api.internal.ClassPathProvider                                       : loaded 2 times (x 66B)
Class org.gradle.internal.service.UnknownServiceException                             : loaded 2 times (x 79B)
Class org.gradle.internal.classpath.TransformedClassPath                              : loaded 2 times (x 92B)
Class org.gradle.internal.classloader.InstrumentingClassLoader                        : loaded 2 times (x 66B)
Class org.gradle.internal.service.ServiceLocator                                      : loaded 2 times (x 66B)
Class org.gradle.internal.InternalTransformer                                         : loaded 2 times (x 66B)
Class org.gradle.internal.time.DefaultTimer                                           : loaded 2 times (x 76B)
Class org.gradle.internal.classloader.ClasspathUtil$1                                 : loaded 2 times (x 72B)
Class org.gradle.api.internal.classpath.DefaultModuleRegistry$DefaultModule           : loaded 2 times (x 82B)
Class org.gradle.internal.time.DefaultCountdownTimer                                  : loaded 2 times (x 84B)
Class kotlin.Function                                                                 : loaded 2 times (x 66B)
Class org.gradle.api.internal.classpath.Module                                        : loaded 2 times (x 66B)
Class org.gradle.api.internal.classpath.UnknownModuleException                        : loaded 2 times (x 78B)
Class org.gradle.api.internal.DefaultClassPathRegistry                                : loaded 2 times (x 72B)
Class org.gradle.api.internal.ClassPathRegistry                                       : loaded 2 times (x 66B)
Class org.gradle.internal.classpath.DefaultClassPath$ImmutableUniqueList              : loaded 2 times (x 195B)
Class org.gradle.internal.classpath.ClassPath                                         : loaded 2 times (x 66B)
Class org.gradle.api.UncheckedIOException                                             : loaded 2 times (x 78B)
Class kotlin.UninitializedPropertyAccessException                                     : loaded 2 times (x 78B)
Class org.gradle.internal.installation.GradleInstallation$1                           : loaded 2 times (x 71B)
Class org.gradle.api.internal.classpath.ModuleRegistry                                : loaded 2 times (x 66B)
Class org.gradle.api.internal.classpath.DefaultModuleRegistry                         : loaded 2 times (x 82B)
Class org.gradle.internal.time.MonotonicClock                                         : loaded 2 times (x 73B)
Class org.gradle.internal.service.ServiceLookupException                              : loaded 2 times (x 78B)
Class org.gradle.internal.classloader.ClassLoaderFactory                              : loaded 2 times (x 66B)
Class org.gradle.internal.service.CachingServiceLocator                               : loaded 2 times (x 78B)
Class org.gradle.internal.time.TimeSource                                             : loaded 2 times (x 66B)
Class org.gradle.internal.exceptions.ResolutionProvider                               : loaded 2 times (x 66B)
Class org.gradle.internal.classloader.ClasspathUtil                                   : loaded 2 times (x 67B)
Class org.gradle.internal.time.TimeSource$1                                           : loaded 2 times (x 73B)
Class org.gradle.api.specs.Spec                                                       : loaded 2 times (x 66B)
Class org.gradle.internal.time.Clock                                                  : loaded 2 times (x 66B)
Class org.gradle.internal.classloader.VisitableURLClassLoader$InstrumentingVisitableURLClassLoader: loaded 2 times (x 119B)
Class org.gradle.internal.classloader.VisitableURLClassLoader$Spec                    : loaded 2 times (x 70B)
Class org.gradle.internal.classpath.DefaultClassPath                                  : loaded 2 times (x 86B)
Class org.gradle.internal.classloader.ClassLoaderSpec                                 : loaded 2 times (x 67B)
Class org.gradle.internal.classloader.VisitableURLClassLoader                         : loaded 2 times (x 113B)
Class org.gradle.internal.Cast                                                        : loaded 2 times (x 67B)
Class org.gradle.api.Action                                                           : loaded 2 times (x 66B)
Class kotlin.jvm.functions.Function1                                                  : loaded 2 times (x 66B)
Class org.gradle.internal.classpath.DefaultClassPath$ImmutableUniqueList$Builder      : loaded 2 times (x 71B)
Class kotlin.NotImplementedError                                                      : loaded 2 times (x 78B)
Class org.gradle.internal.exceptions.NonGradleCauseExceptionsHolder                   : loaded 2 times (x 66B)
Class org.gradle.internal.IoActions                                                   : loaded 2 times (x 67B)
Class org.gradle.internal.classloader.SystemClassLoaderSpec                           : loaded 2 times (x 67B)
Class org.gradle.internal.exceptions.MultiCauseException                              : loaded 2 times (x 66B)
Class org.gradle.internal.time.CountdownTimer                                         : loaded 2 times (x 66B)
Class kotlin.jvm.internal.Intrinsics                                                  : loaded 2 times (x 67B)
Class org.gradle.tooling.model.ProjectModel                                           : loaded 2 times (x 66B)
Class kotlin.KotlinNullPointerException                                               : loaded 2 times (x 79B)
Class org.gradle.internal.exceptions.DefaultMultiCauseException                       : loaded 2 times (x 91B)
Class org.gradle.internal.time.Time                                                   : loaded 2 times (x 67B)
Class org.gradle.api.internal.classpath.GlobalCacheRootsProvider                      : loaded 2 times (x 66B)
Class org.gradle.internal.time.Timer                                                  : loaded 2 times (x 66B)
Class org.gradle.internal.installation.CurrentGradleInstallationLocator               : loaded 2 times (x 67B)
Class org.gradle.internal.service.DefaultServiceLocator                               : loaded 2 times (x 79B)
Class org.gradle.util.GradleVersion                                                   : loaded 2 times (x 79B)
Class org.gradle.internal.installation.CurrentGradleInstallation                      : loaded 2 times (x 69B)
Class org.gradle.util.internal.GUtil                                                  : loaded 2 times (x 67B)
Class org.gradle.internal.installation.GradleInstallation                             : loaded 2 times (x 71B)

---------------  S Y S T E M  ---------------

OS:
 Windows 10 , 64 bit Build 19041 (10.0.19041.5915)
OS uptime: 0 days 10:49 hours

CPU: total 8 (initial active 8) (4 cores per cpu, 2 threads per core) family 6 model 158 stepping 13 microcode 0xb8, cx8, cmov, fxsr, ht, mmx, 3dnowpref, sse, sse2, sse3, ssse3, sse4.1, sse4.2, popcnt, lzcnt, tsc, tscinvbit, avx, avx2, aes, erms, clmul, bmi1, bmi2, adx, fma, vzeroupper, clflush, clflushopt, rdtscp, f16c
Processor Information for the first 8 processors :
  Max Mhz: 2401, Current Mhz: 2400, Mhz Limit: 2376

Memory: 4k page, system-wide physical 8036M (606M free)
TotalPageFile size 23218M (AvailPageFile size 6M)
current process WorkingSet (physical memory assigned to process): 300M, peak: 300M
current process commit charge ("private bytes"): 338M, peak: 340M

vm_info: OpenJDK 64-Bit Server VM (21.0.6+-13355223-b631.42) for windows-amd64 JRE (21.0.6+-13355223-b631.42), built on 2025-04-14T18:21:23Z by "builder" with MS VC++ 16.10 / 16.11 (VS2019)

END.
